<?xml version="1.0" encoding="UTF-8"?>
<testsuite name="ca.mcgill.ecse223.quoridor.features.CucumberTestsRunner" tests="74" skipped="27" failures="47" errors="0" timestamp="2019-10-14T02:01:18" hostname="Barrys-MacBook-Pro.local" time="1.098">
  <properties/>
  <testcase name="Valid wall placement" classname="ca.mcgill.ecse223.quoridor.features.CucumberTestsRunner" time="0.053">
    <skipped/>
  </testcase>
  <testcase name="Valid wall placement" classname="ca.mcgill.ecse223.quoridor.features.CucumberTestsRunner" time="0.009">
    <skipped/>
  </testcase>
  <testcase name="Invalid wall placement" classname="ca.mcgill.ecse223.quoridor.features.CucumberTestsRunner" time="0.014">
    <skipped/>
  </testcase>
  <testcase name="Invalid wall placement" classname="ca.mcgill.ecse223.quoridor.features.CucumberTestsRunner" time="0.009">
    <skipped/>
  </testcase>
  <testcase name="Invalid wall placement" classname="ca.mcgill.ecse223.quoridor.features.CucumberTestsRunner" time="0.014">
    <skipped/>
  </testcase>
  <testcase name="Invalid wall placement" classname="ca.mcgill.ecse223.quoridor.features.CucumberTestsRunner" time="0.016">
    <skipped/>
  </testcase>
  <testcase name="Start wall placement" classname="ca.mcgill.ecse223.quoridor.features.CucumberTestsRunner" time="0.011">
    <skipped/>
  </testcase>
  <testcase name="No more walls in stock" classname="ca.mcgill.ecse223.quoridor.features.CucumberTestsRunner" time="0.008">
    <skipped/>
  </testcase>
  <testcase name="Initialize board" classname="ca.mcgill.ecse223.quoridor.features.CucumberTestsRunner" time="0.006">
    <skipped/>
  </testcase>
  <testcase name="Load position" classname="ca.mcgill.ecse223.quoridor.features.CucumberTestsRunner" time="0.016">
    <failure message="java.lang.UnsupportedOperationException: Method Load Position is not implemented yet" type="java.lang.UnsupportedOperationException">java.lang.UnsupportedOperationException: Method Load Position is not implemented yet
	at ca.mcgill.ecse223.quoridor.controller.QuoridorController.loadPosition(QuoridorController.java:322)
	at ca.mcgill.ecse223.quoridor.features.CucumberStepDefinitions.iInitiateToLoadASavedGame(CucumberStepDefinitions.java:540)
	at ✽.I initiate to load a saved game &quot;quoridor_test_game_1.dat&quot;(file:src/test/resources/ca/mcgill/ecse223/quoridor/features/LoadPosition.feature:8)
</failure>
  </testcase>
  <testcase name="Load invalid position" classname="ca.mcgill.ecse223.quoridor.features.CucumberTestsRunner" time="0.011">
    <failure message="java.lang.UnsupportedOperationException: Method Load Position is not implemented yet" type="java.lang.UnsupportedOperationException">java.lang.UnsupportedOperationException: Method Load Position is not implemented yet
	at ca.mcgill.ecse223.quoridor.controller.QuoridorController.loadPosition(QuoridorController.java:322)
	at ca.mcgill.ecse223.quoridor.features.CucumberStepDefinitions.iInitiateToLoadASavedGame(CucumberStepDefinitions.java:540)
	at ✽.I initiate to load a saved game &quot;quoridor_test_game_invalid_pawn.dat&quot;(file:src/test/resources/ca/mcgill/ecse223/quoridor/features/LoadPosition.feature:23)
</failure>
  </testcase>
  <testcase name="Load invalid position" classname="ca.mcgill.ecse223.quoridor.features.CucumberTestsRunner" time="0.003">
    <failure message="java.lang.UnsupportedOperationException: Method Load Position is not implemented yet" type="java.lang.UnsupportedOperationException">java.lang.UnsupportedOperationException: Method Load Position is not implemented yet
	at ca.mcgill.ecse223.quoridor.controller.QuoridorController.loadPosition(QuoridorController.java:322)
	at ca.mcgill.ecse223.quoridor.features.CucumberStepDefinitions.iInitiateToLoadASavedGame(CucumberStepDefinitions.java:540)
	at ✽.I initiate to load a saved game &quot;quoridor_test_game_invalid_wall_overlap_.dat&quot;(file:src/test/resources/ca/mcgill/ecse223/quoridor/features/LoadPosition.feature:23)
</failure>
  </testcase>
  <testcase name="Load invalid position" classname="ca.mcgill.ecse223.quoridor.features.CucumberTestsRunner" time="0.008">
    <failure message="java.lang.UnsupportedOperationException: Method Load Position is not implemented yet" type="java.lang.UnsupportedOperationException">java.lang.UnsupportedOperationException: Method Load Position is not implemented yet
	at ca.mcgill.ecse223.quoridor.controller.QuoridorController.loadPosition(QuoridorController.java:322)
	at ca.mcgill.ecse223.quoridor.features.CucumberStepDefinitions.iInitiateToLoadASavedGame(CucumberStepDefinitions.java:540)
	at ✽.I initiate to load a saved game &quot;quoridor_test_game_invalid_wall_out-of-track.dat&quot;(file:src/test/resources/ca/mcgill/ecse223/quoridor/features/LoadPosition.feature:23)
</failure>
  </testcase>
  <testcase name="Move one tile" classname="ca.mcgill.ecse223.quoridor.features.CucumberTestsRunner" time="0.019">
    <failure message="org.opentest4j.MultipleFailuresError: Multiple Failures (8 failures)&#10;&#9;java.lang.UnsupportedOperationException: Query method get-player-of-current-turn is not implemented yet&#10;&#9;io.cucumber.junit.UndefinedThrowable: The step &quot;The player is located at 3:3&quot; is undefined&#10;&#9;io.cucumber.junit.UndefinedThrowable: The step &quot;There are no &quot;vertical&quot; walls &quot;left&quot; from the player&quot; is undefined&#10;&#9;io.cucumber.junit.UndefinedThrowable: The step &quot;The opponent is not &quot;left&quot; from the player&quot; is undefined&#10;&#9;io.cucumber.junit.UndefinedThrowable: The step &quot;Player &quot;white&quot; initiates to move &quot;left&quot;&quot; is undefined&#10;&#9;io.cucumber.junit.UndefinedThrowable: The step &quot;The move &quot;left&quot; shall be &quot;success&quot;&quot; is undefined&#10;&#9;io.cucumber.junit.UndefinedThrowable: The step &quot;Player's new position shall be 3:2&quot; is undefined&#10;&#9;io.cucumber.junit.UndefinedThrowable: The step &quot;The next player to move shall become &quot;black&quot;&quot; is undefined" type="org.opentest4j.MultipleFailuresError">org.opentest4j.MultipleFailuresError: Multiple Failures (8 failures)
	java.lang.UnsupportedOperationException: Query method get-player-of-current-turn is not implemented yet
	io.cucumber.junit.UndefinedThrowable: The step &quot;The player is located at 3:3&quot; is undefined
	io.cucumber.junit.UndefinedThrowable: The step &quot;There are no &quot;vertical&quot; walls &quot;left&quot; from the player&quot; is undefined
	io.cucumber.junit.UndefinedThrowable: The step &quot;The opponent is not &quot;left&quot; from the player&quot; is undefined
	io.cucumber.junit.UndefinedThrowable: The step &quot;Player &quot;white&quot; initiates to move &quot;left&quot;&quot; is undefined
	io.cucumber.junit.UndefinedThrowable: The step &quot;The move &quot;left&quot; shall be &quot;success&quot;&quot; is undefined
	io.cucumber.junit.UndefinedThrowable: The step &quot;Player's new position shall be 3:2&quot; is undefined
	io.cucumber.junit.UndefinedThrowable: The step &quot;The next player to move shall become &quot;black&quot;&quot; is undefined
	at org.junit.vintage.engine.execution.TestRun.getStoredResultOrSuccessful(TestRun.java:179)
	at org.junit.vintage.engine.execution.RunListenerAdapter.fireExecutionFinished(RunListenerAdapter.java:211)
	at org.junit.vintage.engine.execution.RunListenerAdapter.testFinished(RunListenerAdapter.java:177)
	at org.junit.vintage.engine.execution.RunListenerAdapter.testFinished(RunListenerAdapter.java:76)
	at org.junit.runner.notification.SynchronizedRunListener.testFinished(SynchronizedRunListener.java:56)
	at org.junit.runner.notification.RunNotifier$7.notifyListener(RunNotifier.java:190)
	at org.junit.runner.notification.RunNotifier$SafeNotifier.run(RunNotifier.java:72)
	at org.junit.runner.notification.RunNotifier.fireTestFinished(RunNotifier.java:187)
	at io.cucumber.junit.JUnitReporter$EachTestNotifier.fireTestFinished(JUnitReporter.java:253)
	at io.cucumber.junit.JUnitReporter.handleTestCaseResult(JUnitReporter.java:178)
	at io.cucumber.junit.JUnitReporter$4.receive(JUnitReporter.java:66)
	at io.cucumber.junit.JUnitReporter$4.receive(JUnitReporter.java:62)
	at cucumber.runner.AbstractEventPublisher.send(AbstractEventPublisher.java:45)
	at cucumber.runner.AbstractEventBus.send(AbstractEventBus.java:9)
	at cucumber.runner.ThreadLocalRunnerSupplier$LocalEventBus.send(ThreadLocalRunnerSupplier.java:60)
	at cucumber.runner.TestCase.run(TestCase.java:55)
	at cucumber.runner.Runner.runPickle(Runner.java:50)
	at io.cucumber.junit.PickleRunners$NoStepDescriptions.run(PickleRunners.java:146)
	at io.cucumber.junit.FeatureRunner.runChild(FeatureRunner.java:68)
	at io.cucumber.junit.FeatureRunner.runChild(FeatureRunner.java:23)
	at org.junit.runners.ParentRunner$3.run(ParentRunner.java:290)
	at org.junit.runners.ParentRunner$1.schedule(ParentRunner.java:71)
	at org.junit.runners.ParentRunner.runChildren(ParentRunner.java:288)
	at org.junit.runners.ParentRunner.access$000(ParentRunner.java:58)
	at org.junit.runners.ParentRunner$2.evaluate(ParentRunner.java:268)
	at org.junit.runners.ParentRunner.run(ParentRunner.java:363)
	at io.cucumber.junit.Cucumber.runChild(Cucumber.java:144)
	at io.cucumber.junit.Cucumber.runChild(Cucumber.java:65)
	at org.junit.runners.ParentRunner$3.run(ParentRunner.java:290)
	at org.junit.runners.ParentRunner$1.schedule(ParentRunner.java:71)
	at org.junit.runners.ParentRunner.runChildren(ParentRunner.java:288)
	at org.junit.runners.ParentRunner.access$000(ParentRunner.java:58)
	at org.junit.runners.ParentRunner$2.evaluate(ParentRunner.java:268)
	at io.cucumber.junit.Cucumber$RunCucumber.evaluate(Cucumber.java:174)
	at org.junit.runners.ParentRunner.run(ParentRunner.java:363)
	at org.junit.runner.JUnitCore.run(JUnitCore.java:137)
	at org.junit.runner.JUnitCore.run(JUnitCore.java:115)
	at org.junit.vintage.engine.execution.RunnerExecutor.execute(RunnerExecutor.java:40)
	at java.util.stream.ForEachOps$ForEachOp$OfRef.accept(ForEachOps.java:184)
	at java.util.stream.ReferencePipeline$3$1.accept(ReferencePipeline.java:193)
	at java.util.Iterator.forEachRemaining(Iterator.java:116)
	at java.util.Spliterators$IteratorSpliterator.forEachRemaining(Spliterators.java:1801)
	at java.util.stream.AbstractPipeline.copyInto(AbstractPipeline.java:481)
	at java.util.stream.AbstractPipeline.wrapAndCopyInto(AbstractPipeline.java:471)
	at java.util.stream.ForEachOps$ForEachOp.evaluateSequential(ForEachOps.java:151)
	at java.util.stream.ForEachOps$ForEachOp$OfRef.evaluateSequential(ForEachOps.java:174)
	at java.util.stream.AbstractPipeline.evaluate(AbstractPipeline.java:234)
	at java.util.stream.ReferencePipeline.forEach(ReferencePipeline.java:418)
	at org.junit.vintage.engine.VintageTestEngine.executeAllChildren(VintageTestEngine.java:80)
	at org.junit.vintage.engine.VintageTestEngine.execute(VintageTestEngine.java:71)
	at org.junit.platform.launcher.core.DefaultLauncher.execute(DefaultLauncher.java:220)
	at org.junit.platform.launcher.core.DefaultLauncher.lambda$execute$6(DefaultLauncher.java:188)
	at org.junit.platform.launcher.core.DefaultLauncher.withInterceptedStreams(DefaultLauncher.java:202)
	at org.junit.platform.launcher.core.DefaultLauncher.execute(DefaultLauncher.java:181)
	at org.junit.platform.launcher.core.DefaultLauncher.execute(DefaultLauncher.java:128)
	at org.gradle.api.internal.tasks.testing.junitplatform.JUnitPlatformTestClassProcessor$CollectAllTestClassesExecutor.processAllTestClasses(JUnitPlatformTestClassProcessor.java:102)
	at org.gradle.api.internal.tasks.testing.junitplatform.JUnitPlatformTestClassProcessor$CollectAllTestClassesExecutor.access$000(JUnitPlatformTestClassProcessor.java:82)
	at org.gradle.api.internal.tasks.testing.junitplatform.JUnitPlatformTestClassProcessor.stop(JUnitPlatformTestClassProcessor.java:78)
	at org.gradle.api.internal.tasks.testing.SuiteTestClassProcessor.stop(SuiteTestClassProcessor.java:61)
	at sun.reflect.NativeMethodAccessorImpl.invoke0(Native Method)
	at sun.reflect.NativeMethodAccessorImpl.invoke(NativeMethodAccessorImpl.java:62)
	at sun.reflect.DelegatingMethodAccessorImpl.invoke(DelegatingMethodAccessorImpl.java:43)
	at java.lang.reflect.Method.invoke(Method.java:498)
	at org.gradle.internal.dispatch.ReflectionDispatch.dispatch(ReflectionDispatch.java:36)
	at org.gradle.internal.dispatch.ReflectionDispatch.dispatch(ReflectionDispatch.java:24)
	at org.gradle.internal.dispatch.ContextClassLoaderDispatch.dispatch(ContextClassLoaderDispatch.java:33)
	at org.gradle.internal.dispatch.ProxyDispatchAdapter$DispatchingInvocationHandler.invoke(ProxyDispatchAdapter.java:94)
	at com.sun.proxy.$Proxy2.stop(Unknown Source)
	at org.gradle.api.internal.tasks.testing.worker.TestWorker.stop(TestWorker.java:132)
	at sun.reflect.NativeMethodAccessorImpl.invoke0(Native Method)
	at sun.reflect.NativeMethodAccessorImpl.invoke(NativeMethodAccessorImpl.java:62)
	at sun.reflect.DelegatingMethodAccessorImpl.invoke(DelegatingMethodAccessorImpl.java:43)
	at java.lang.reflect.Method.invoke(Method.java:498)
	at org.gradle.internal.dispatch.ReflectionDispatch.dispatch(ReflectionDispatch.java:36)
	at org.gradle.internal.dispatch.ReflectionDispatch.dispatch(ReflectionDispatch.java:24)
	at org.gradle.internal.remote.internal.hub.MessageHubBackedObjectConnection$DispatchWrapper.dispatch(MessageHubBackedObjectConnection.java:182)
	at org.gradle.internal.remote.internal.hub.MessageHubBackedObjectConnection$DispatchWrapper.dispatch(MessageHubBackedObjectConnection.java:164)
	at org.gradle.internal.remote.internal.hub.MessageHub$Handler.run(MessageHub.java:412)
	at org.gradle.internal.concurrent.ExecutorPolicy$CatchAndRecordFailures.onExecute(ExecutorPolicy.java:64)
	at org.gradle.internal.concurrent.ManagedExecutorImpl$1.run(ManagedExecutorImpl.java:48)
	at java.util.concurrent.ThreadPoolExecutor.runWorker(ThreadPoolExecutor.java:1149)
	at java.util.concurrent.ThreadPoolExecutor$Worker.run(ThreadPoolExecutor.java:624)
	at org.gradle.internal.concurrent.ThreadFactoryImpl$ManagedThreadRunnable.run(ThreadFactoryImpl.java:56)
	at java.lang.Thread.run(Thread.java:748)
</failure>
  </testcase>
  <testcase name="Move one tile" classname="ca.mcgill.ecse223.quoridor.features.CucumberTestsRunner" time="0.005">
    <failure message="org.opentest4j.MultipleFailuresError: Multiple Failures (8 failures)&#10;&#9;java.lang.UnsupportedOperationException: Query method get-player-of-current-turn is not implemented yet&#10;&#9;io.cucumber.junit.UndefinedThrowable: The step &quot;The player is located at 3:1&quot; is undefined&#10;&#9;io.cucumber.junit.UndefinedThrowable: The step &quot;There are no &quot;vertical&quot; walls &quot;left&quot; from the player&quot; is undefined&#10;&#9;io.cucumber.junit.UndefinedThrowable: The step &quot;The opponent is not &quot;left&quot; from the player&quot; is undefined&#10;&#9;io.cucumber.junit.UndefinedThrowable: The step &quot;Player &quot;white&quot; initiates to move &quot;left&quot;&quot; is undefined&#10;&#9;io.cucumber.junit.UndefinedThrowable: The step &quot;The move &quot;left&quot; shall be &quot;illegal&quot;&quot; is undefined&#10;&#9;io.cucumber.junit.UndefinedThrowable: The step &quot;Player's new position shall be 3:1&quot; is undefined&#10;&#9;io.cucumber.junit.UndefinedThrowable: The step &quot;The next player to move shall become &quot;white&quot;&quot; is undefined" type="org.opentest4j.MultipleFailuresError">org.opentest4j.MultipleFailuresError: Multiple Failures (8 failures)
	java.lang.UnsupportedOperationException: Query method get-player-of-current-turn is not implemented yet
	io.cucumber.junit.UndefinedThrowable: The step &quot;The player is located at 3:1&quot; is undefined
	io.cucumber.junit.UndefinedThrowable: The step &quot;There are no &quot;vertical&quot; walls &quot;left&quot; from the player&quot; is undefined
	io.cucumber.junit.UndefinedThrowable: The step &quot;The opponent is not &quot;left&quot; from the player&quot; is undefined
	io.cucumber.junit.UndefinedThrowable: The step &quot;Player &quot;white&quot; initiates to move &quot;left&quot;&quot; is undefined
	io.cucumber.junit.UndefinedThrowable: The step &quot;The move &quot;left&quot; shall be &quot;illegal&quot;&quot; is undefined
	io.cucumber.junit.UndefinedThrowable: The step &quot;Player's new position shall be 3:1&quot; is undefined
	io.cucumber.junit.UndefinedThrowable: The step &quot;The next player to move shall become &quot;white&quot;&quot; is undefined
	at org.junit.vintage.engine.execution.TestRun.getStoredResultOrSuccessful(TestRun.java:179)
	at org.junit.vintage.engine.execution.RunListenerAdapter.fireExecutionFinished(RunListenerAdapter.java:211)
	at org.junit.vintage.engine.execution.RunListenerAdapter.testFinished(RunListenerAdapter.java:177)
	at org.junit.vintage.engine.execution.RunListenerAdapter.testFinished(RunListenerAdapter.java:76)
	at org.junit.runner.notification.SynchronizedRunListener.testFinished(SynchronizedRunListener.java:56)
	at org.junit.runner.notification.RunNotifier$7.notifyListener(RunNotifier.java:190)
	at org.junit.runner.notification.RunNotifier$SafeNotifier.run(RunNotifier.java:72)
	at org.junit.runner.notification.RunNotifier.fireTestFinished(RunNotifier.java:187)
	at io.cucumber.junit.JUnitReporter$EachTestNotifier.fireTestFinished(JUnitReporter.java:253)
	at io.cucumber.junit.JUnitReporter.handleTestCaseResult(JUnitReporter.java:178)
	at io.cucumber.junit.JUnitReporter$4.receive(JUnitReporter.java:66)
	at io.cucumber.junit.JUnitReporter$4.receive(JUnitReporter.java:62)
	at cucumber.runner.AbstractEventPublisher.send(AbstractEventPublisher.java:45)
	at cucumber.runner.AbstractEventBus.send(AbstractEventBus.java:9)
	at cucumber.runner.ThreadLocalRunnerSupplier$LocalEventBus.send(ThreadLocalRunnerSupplier.java:60)
	at cucumber.runner.TestCase.run(TestCase.java:55)
	at cucumber.runner.Runner.runPickle(Runner.java:50)
	at io.cucumber.junit.PickleRunners$NoStepDescriptions.run(PickleRunners.java:146)
	at io.cucumber.junit.FeatureRunner.runChild(FeatureRunner.java:68)
	at io.cucumber.junit.FeatureRunner.runChild(FeatureRunner.java:23)
	at org.junit.runners.ParentRunner$3.run(ParentRunner.java:290)
	at org.junit.runners.ParentRunner$1.schedule(ParentRunner.java:71)
	at org.junit.runners.ParentRunner.runChildren(ParentRunner.java:288)
	at org.junit.runners.ParentRunner.access$000(ParentRunner.java:58)
	at org.junit.runners.ParentRunner$2.evaluate(ParentRunner.java:268)
	at org.junit.runners.ParentRunner.run(ParentRunner.java:363)
	at io.cucumber.junit.Cucumber.runChild(Cucumber.java:144)
	at io.cucumber.junit.Cucumber.runChild(Cucumber.java:65)
	at org.junit.runners.ParentRunner$3.run(ParentRunner.java:290)
	at org.junit.runners.ParentRunner$1.schedule(ParentRunner.java:71)
	at org.junit.runners.ParentRunner.runChildren(ParentRunner.java:288)
	at org.junit.runners.ParentRunner.access$000(ParentRunner.java:58)
	at org.junit.runners.ParentRunner$2.evaluate(ParentRunner.java:268)
	at io.cucumber.junit.Cucumber$RunCucumber.evaluate(Cucumber.java:174)
	at org.junit.runners.ParentRunner.run(ParentRunner.java:363)
	at org.junit.runner.JUnitCore.run(JUnitCore.java:137)
	at org.junit.runner.JUnitCore.run(JUnitCore.java:115)
	at org.junit.vintage.engine.execution.RunnerExecutor.execute(RunnerExecutor.java:40)
	at java.util.stream.ForEachOps$ForEachOp$OfRef.accept(ForEachOps.java:184)
	at java.util.stream.ReferencePipeline$3$1.accept(ReferencePipeline.java:193)
	at java.util.Iterator.forEachRemaining(Iterator.java:116)
	at java.util.Spliterators$IteratorSpliterator.forEachRemaining(Spliterators.java:1801)
	at java.util.stream.AbstractPipeline.copyInto(AbstractPipeline.java:481)
	at java.util.stream.AbstractPipeline.wrapAndCopyInto(AbstractPipeline.java:471)
	at java.util.stream.ForEachOps$ForEachOp.evaluateSequential(ForEachOps.java:151)
	at java.util.stream.ForEachOps$ForEachOp$OfRef.evaluateSequential(ForEachOps.java:174)
	at java.util.stream.AbstractPipeline.evaluate(AbstractPipeline.java:234)
	at java.util.stream.ReferencePipeline.forEach(ReferencePipeline.java:418)
	at org.junit.vintage.engine.VintageTestEngine.executeAllChildren(VintageTestEngine.java:80)
	at org.junit.vintage.engine.VintageTestEngine.execute(VintageTestEngine.java:71)
	at org.junit.platform.launcher.core.DefaultLauncher.execute(DefaultLauncher.java:220)
	at org.junit.platform.launcher.core.DefaultLauncher.lambda$execute$6(DefaultLauncher.java:188)
	at org.junit.platform.launcher.core.DefaultLauncher.withInterceptedStreams(DefaultLauncher.java:202)
	at org.junit.platform.launcher.core.DefaultLauncher.execute(DefaultLauncher.java:181)
	at org.junit.platform.launcher.core.DefaultLauncher.execute(DefaultLauncher.java:128)
	at org.gradle.api.internal.tasks.testing.junitplatform.JUnitPlatformTestClassProcessor$CollectAllTestClassesExecutor.processAllTestClasses(JUnitPlatformTestClassProcessor.java:102)
	at org.gradle.api.internal.tasks.testing.junitplatform.JUnitPlatformTestClassProcessor$CollectAllTestClassesExecutor.access$000(JUnitPlatformTestClassProcessor.java:82)
	at org.gradle.api.internal.tasks.testing.junitplatform.JUnitPlatformTestClassProcessor.stop(JUnitPlatformTestClassProcessor.java:78)
	at org.gradle.api.internal.tasks.testing.SuiteTestClassProcessor.stop(SuiteTestClassProcessor.java:61)
	at sun.reflect.NativeMethodAccessorImpl.invoke0(Native Method)
	at sun.reflect.NativeMethodAccessorImpl.invoke(NativeMethodAccessorImpl.java:62)
	at sun.reflect.DelegatingMethodAccessorImpl.invoke(DelegatingMethodAccessorImpl.java:43)
	at java.lang.reflect.Method.invoke(Method.java:498)
	at org.gradle.internal.dispatch.ReflectionDispatch.dispatch(ReflectionDispatch.java:36)
	at org.gradle.internal.dispatch.ReflectionDispatch.dispatch(ReflectionDispatch.java:24)
	at org.gradle.internal.dispatch.ContextClassLoaderDispatch.dispatch(ContextClassLoaderDispatch.java:33)
	at org.gradle.internal.dispatch.ProxyDispatchAdapter$DispatchingInvocationHandler.invoke(ProxyDispatchAdapter.java:94)
	at com.sun.proxy.$Proxy2.stop(Unknown Source)
	at org.gradle.api.internal.tasks.testing.worker.TestWorker.stop(TestWorker.java:132)
	at sun.reflect.NativeMethodAccessorImpl.invoke0(Native Method)
	at sun.reflect.NativeMethodAccessorImpl.invoke(NativeMethodAccessorImpl.java:62)
	at sun.reflect.DelegatingMethodAccessorImpl.invoke(DelegatingMethodAccessorImpl.java:43)
	at java.lang.reflect.Method.invoke(Method.java:498)
	at org.gradle.internal.dispatch.ReflectionDispatch.dispatch(ReflectionDispatch.java:36)
	at org.gradle.internal.dispatch.ReflectionDispatch.dispatch(ReflectionDispatch.java:24)
	at org.gradle.internal.remote.internal.hub.MessageHubBackedObjectConnection$DispatchWrapper.dispatch(MessageHubBackedObjectConnection.java:182)
	at org.gradle.internal.remote.internal.hub.MessageHubBackedObjectConnection$DispatchWrapper.dispatch(MessageHubBackedObjectConnection.java:164)
	at org.gradle.internal.remote.internal.hub.MessageHub$Handler.run(MessageHub.java:412)
	at org.gradle.internal.concurrent.ExecutorPolicy$CatchAndRecordFailures.onExecute(ExecutorPolicy.java:64)
	at org.gradle.internal.concurrent.ManagedExecutorImpl$1.run(ManagedExecutorImpl.java:48)
	at java.util.concurrent.ThreadPoolExecutor.runWorker(ThreadPoolExecutor.java:1149)
	at java.util.concurrent.ThreadPoolExecutor$Worker.run(ThreadPoolExecutor.java:624)
	at org.gradle.internal.concurrent.ThreadFactoryImpl$ManagedThreadRunnable.run(ThreadFactoryImpl.java:56)
	at java.lang.Thread.run(Thread.java:748)
</failure>
  </testcase>
  <testcase name="Move one tile" classname="ca.mcgill.ecse223.quoridor.features.CucumberTestsRunner" time="0.005">
    <failure message="org.opentest4j.MultipleFailuresError: Multiple Failures (8 failures)&#10;&#9;java.lang.UnsupportedOperationException: Query method get-player-of-current-turn is not implemented yet&#10;&#9;io.cucumber.junit.UndefinedThrowable: The step &quot;The player is located at 6:6&quot; is undefined&#10;&#9;io.cucumber.junit.UndefinedThrowable: The step &quot;There are no &quot;vertical&quot; walls &quot;right&quot; from the player&quot; is undefined&#10;&#9;io.cucumber.junit.UndefinedThrowable: The step &quot;The opponent is not &quot;right&quot; from the player&quot; is undefined&#10;&#9;io.cucumber.junit.UndefinedThrowable: The step &quot;Player &quot;white&quot; initiates to move &quot;right&quot;&quot; is undefined&#10;&#9;io.cucumber.junit.UndefinedThrowable: The step &quot;The move &quot;right&quot; shall be &quot;success&quot;&quot; is undefined&#10;&#9;io.cucumber.junit.UndefinedThrowable: The step &quot;Player's new position shall be 6:7&quot; is undefined&#10;&#9;io.cucumber.junit.UndefinedThrowable: The step &quot;The next player to move shall become &quot;black&quot;&quot; is undefined" type="org.opentest4j.MultipleFailuresError">org.opentest4j.MultipleFailuresError: Multiple Failures (8 failures)
	java.lang.UnsupportedOperationException: Query method get-player-of-current-turn is not implemented yet
	io.cucumber.junit.UndefinedThrowable: The step &quot;The player is located at 6:6&quot; is undefined
	io.cucumber.junit.UndefinedThrowable: The step &quot;There are no &quot;vertical&quot; walls &quot;right&quot; from the player&quot; is undefined
	io.cucumber.junit.UndefinedThrowable: The step &quot;The opponent is not &quot;right&quot; from the player&quot; is undefined
	io.cucumber.junit.UndefinedThrowable: The step &quot;Player &quot;white&quot; initiates to move &quot;right&quot;&quot; is undefined
	io.cucumber.junit.UndefinedThrowable: The step &quot;The move &quot;right&quot; shall be &quot;success&quot;&quot; is undefined
	io.cucumber.junit.UndefinedThrowable: The step &quot;Player's new position shall be 6:7&quot; is undefined
	io.cucumber.junit.UndefinedThrowable: The step &quot;The next player to move shall become &quot;black&quot;&quot; is undefined
	at org.junit.vintage.engine.execution.TestRun.getStoredResultOrSuccessful(TestRun.java:179)
	at org.junit.vintage.engine.execution.RunListenerAdapter.fireExecutionFinished(RunListenerAdapter.java:211)
	at org.junit.vintage.engine.execution.RunListenerAdapter.testFinished(RunListenerAdapter.java:177)
	at org.junit.vintage.engine.execution.RunListenerAdapter.testFinished(RunListenerAdapter.java:76)
	at org.junit.runner.notification.SynchronizedRunListener.testFinished(SynchronizedRunListener.java:56)
	at org.junit.runner.notification.RunNotifier$7.notifyListener(RunNotifier.java:190)
	at org.junit.runner.notification.RunNotifier$SafeNotifier.run(RunNotifier.java:72)
	at org.junit.runner.notification.RunNotifier.fireTestFinished(RunNotifier.java:187)
	at io.cucumber.junit.JUnitReporter$EachTestNotifier.fireTestFinished(JUnitReporter.java:253)
	at io.cucumber.junit.JUnitReporter.handleTestCaseResult(JUnitReporter.java:178)
	at io.cucumber.junit.JUnitReporter$4.receive(JUnitReporter.java:66)
	at io.cucumber.junit.JUnitReporter$4.receive(JUnitReporter.java:62)
	at cucumber.runner.AbstractEventPublisher.send(AbstractEventPublisher.java:45)
	at cucumber.runner.AbstractEventBus.send(AbstractEventBus.java:9)
	at cucumber.runner.ThreadLocalRunnerSupplier$LocalEventBus.send(ThreadLocalRunnerSupplier.java:60)
	at cucumber.runner.TestCase.run(TestCase.java:55)
	at cucumber.runner.Runner.runPickle(Runner.java:50)
	at io.cucumber.junit.PickleRunners$NoStepDescriptions.run(PickleRunners.java:146)
	at io.cucumber.junit.FeatureRunner.runChild(FeatureRunner.java:68)
	at io.cucumber.junit.FeatureRunner.runChild(FeatureRunner.java:23)
	at org.junit.runners.ParentRunner$3.run(ParentRunner.java:290)
	at org.junit.runners.ParentRunner$1.schedule(ParentRunner.java:71)
	at org.junit.runners.ParentRunner.runChildren(ParentRunner.java:288)
	at org.junit.runners.ParentRunner.access$000(ParentRunner.java:58)
	at org.junit.runners.ParentRunner$2.evaluate(ParentRunner.java:268)
	at org.junit.runners.ParentRunner.run(ParentRunner.java:363)
	at io.cucumber.junit.Cucumber.runChild(Cucumber.java:144)
	at io.cucumber.junit.Cucumber.runChild(Cucumber.java:65)
	at org.junit.runners.ParentRunner$3.run(ParentRunner.java:290)
	at org.junit.runners.ParentRunner$1.schedule(ParentRunner.java:71)
	at org.junit.runners.ParentRunner.runChildren(ParentRunner.java:288)
	at org.junit.runners.ParentRunner.access$000(ParentRunner.java:58)
	at org.junit.runners.ParentRunner$2.evaluate(ParentRunner.java:268)
	at io.cucumber.junit.Cucumber$RunCucumber.evaluate(Cucumber.java:174)
	at org.junit.runners.ParentRunner.run(ParentRunner.java:363)
	at org.junit.runner.JUnitCore.run(JUnitCore.java:137)
	at org.junit.runner.JUnitCore.run(JUnitCore.java:115)
	at org.junit.vintage.engine.execution.RunnerExecutor.execute(RunnerExecutor.java:40)
	at java.util.stream.ForEachOps$ForEachOp$OfRef.accept(ForEachOps.java:184)
	at java.util.stream.ReferencePipeline$3$1.accept(ReferencePipeline.java:193)
	at java.util.Iterator.forEachRemaining(Iterator.java:116)
	at java.util.Spliterators$IteratorSpliterator.forEachRemaining(Spliterators.java:1801)
	at java.util.stream.AbstractPipeline.copyInto(AbstractPipeline.java:481)
	at java.util.stream.AbstractPipeline.wrapAndCopyInto(AbstractPipeline.java:471)
	at java.util.stream.ForEachOps$ForEachOp.evaluateSequential(ForEachOps.java:151)
	at java.util.stream.ForEachOps$ForEachOp$OfRef.evaluateSequential(ForEachOps.java:174)
	at java.util.stream.AbstractPipeline.evaluate(AbstractPipeline.java:234)
	at java.util.stream.ReferencePipeline.forEach(ReferencePipeline.java:418)
	at org.junit.vintage.engine.VintageTestEngine.executeAllChildren(VintageTestEngine.java:80)
	at org.junit.vintage.engine.VintageTestEngine.execute(VintageTestEngine.java:71)
	at org.junit.platform.launcher.core.DefaultLauncher.execute(DefaultLauncher.java:220)
	at org.junit.platform.launcher.core.DefaultLauncher.lambda$execute$6(DefaultLauncher.java:188)
	at org.junit.platform.launcher.core.DefaultLauncher.withInterceptedStreams(DefaultLauncher.java:202)
	at org.junit.platform.launcher.core.DefaultLauncher.execute(DefaultLauncher.java:181)
	at org.junit.platform.launcher.core.DefaultLauncher.execute(DefaultLauncher.java:128)
	at org.gradle.api.internal.tasks.testing.junitplatform.JUnitPlatformTestClassProcessor$CollectAllTestClassesExecutor.processAllTestClasses(JUnitPlatformTestClassProcessor.java:102)
	at org.gradle.api.internal.tasks.testing.junitplatform.JUnitPlatformTestClassProcessor$CollectAllTestClassesExecutor.access$000(JUnitPlatformTestClassProcessor.java:82)
	at org.gradle.api.internal.tasks.testing.junitplatform.JUnitPlatformTestClassProcessor.stop(JUnitPlatformTestClassProcessor.java:78)
	at org.gradle.api.internal.tasks.testing.SuiteTestClassProcessor.stop(SuiteTestClassProcessor.java:61)
	at sun.reflect.NativeMethodAccessorImpl.invoke0(Native Method)
	at sun.reflect.NativeMethodAccessorImpl.invoke(NativeMethodAccessorImpl.java:62)
	at sun.reflect.DelegatingMethodAccessorImpl.invoke(DelegatingMethodAccessorImpl.java:43)
	at java.lang.reflect.Method.invoke(Method.java:498)
	at org.gradle.internal.dispatch.ReflectionDispatch.dispatch(ReflectionDispatch.java:36)
	at org.gradle.internal.dispatch.ReflectionDispatch.dispatch(ReflectionDispatch.java:24)
	at org.gradle.internal.dispatch.ContextClassLoaderDispatch.dispatch(ContextClassLoaderDispatch.java:33)
	at org.gradle.internal.dispatch.ProxyDispatchAdapter$DispatchingInvocationHandler.invoke(ProxyDispatchAdapter.java:94)
	at com.sun.proxy.$Proxy2.stop(Unknown Source)
	at org.gradle.api.internal.tasks.testing.worker.TestWorker.stop(TestWorker.java:132)
	at sun.reflect.NativeMethodAccessorImpl.invoke0(Native Method)
	at sun.reflect.NativeMethodAccessorImpl.invoke(NativeMethodAccessorImpl.java:62)
	at sun.reflect.DelegatingMethodAccessorImpl.invoke(DelegatingMethodAccessorImpl.java:43)
	at java.lang.reflect.Method.invoke(Method.java:498)
	at org.gradle.internal.dispatch.ReflectionDispatch.dispatch(ReflectionDispatch.java:36)
	at org.gradle.internal.dispatch.ReflectionDispatch.dispatch(ReflectionDispatch.java:24)
	at org.gradle.internal.remote.internal.hub.MessageHubBackedObjectConnection$DispatchWrapper.dispatch(MessageHubBackedObjectConnection.java:182)
	at org.gradle.internal.remote.internal.hub.MessageHubBackedObjectConnection$DispatchWrapper.dispatch(MessageHubBackedObjectConnection.java:164)
	at org.gradle.internal.remote.internal.hub.MessageHub$Handler.run(MessageHub.java:412)
	at org.gradle.internal.concurrent.ExecutorPolicy$CatchAndRecordFailures.onExecute(ExecutorPolicy.java:64)
	at org.gradle.internal.concurrent.ManagedExecutorImpl$1.run(ManagedExecutorImpl.java:48)
	at java.util.concurrent.ThreadPoolExecutor.runWorker(ThreadPoolExecutor.java:1149)
	at java.util.concurrent.ThreadPoolExecutor$Worker.run(ThreadPoolExecutor.java:624)
	at org.gradle.internal.concurrent.ThreadFactoryImpl$ManagedThreadRunnable.run(ThreadFactoryImpl.java:56)
	at java.lang.Thread.run(Thread.java:748)
</failure>
  </testcase>
  <testcase name="Move one tile" classname="ca.mcgill.ecse223.quoridor.features.CucumberTestsRunner" time="0.005">
    <failure message="org.opentest4j.MultipleFailuresError: Multiple Failures (8 failures)&#10;&#9;java.lang.UnsupportedOperationException: Query method get-player-of-current-turn is not implemented yet&#10;&#9;io.cucumber.junit.UndefinedThrowable: The step &quot;The player is located at 6:9&quot; is undefined&#10;&#9;io.cucumber.junit.UndefinedThrowable: The step &quot;There are no &quot;vertical&quot; walls &quot;right&quot; from the player&quot; is undefined&#10;&#9;io.cucumber.junit.UndefinedThrowable: The step &quot;The opponent is not &quot;right&quot; from the player&quot; is undefined&#10;&#9;io.cucumber.junit.UndefinedThrowable: The step &quot;Player &quot;white&quot; initiates to move &quot;right&quot;&quot; is undefined&#10;&#9;io.cucumber.junit.UndefinedThrowable: The step &quot;The move &quot;right&quot; shall be &quot;illegal&quot;&quot; is undefined&#10;&#9;io.cucumber.junit.UndefinedThrowable: The step &quot;Player's new position shall be 6:9&quot; is undefined&#10;&#9;io.cucumber.junit.UndefinedThrowable: The step &quot;The next player to move shall become &quot;white&quot;&quot; is undefined" type="org.opentest4j.MultipleFailuresError">org.opentest4j.MultipleFailuresError: Multiple Failures (8 failures)
	java.lang.UnsupportedOperationException: Query method get-player-of-current-turn is not implemented yet
	io.cucumber.junit.UndefinedThrowable: The step &quot;The player is located at 6:9&quot; is undefined
	io.cucumber.junit.UndefinedThrowable: The step &quot;There are no &quot;vertical&quot; walls &quot;right&quot; from the player&quot; is undefined
	io.cucumber.junit.UndefinedThrowable: The step &quot;The opponent is not &quot;right&quot; from the player&quot; is undefined
	io.cucumber.junit.UndefinedThrowable: The step &quot;Player &quot;white&quot; initiates to move &quot;right&quot;&quot; is undefined
	io.cucumber.junit.UndefinedThrowable: The step &quot;The move &quot;right&quot; shall be &quot;illegal&quot;&quot; is undefined
	io.cucumber.junit.UndefinedThrowable: The step &quot;Player's new position shall be 6:9&quot; is undefined
	io.cucumber.junit.UndefinedThrowable: The step &quot;The next player to move shall become &quot;white&quot;&quot; is undefined
	at org.junit.vintage.engine.execution.TestRun.getStoredResultOrSuccessful(TestRun.java:179)
	at org.junit.vintage.engine.execution.RunListenerAdapter.fireExecutionFinished(RunListenerAdapter.java:211)
	at org.junit.vintage.engine.execution.RunListenerAdapter.testFinished(RunListenerAdapter.java:177)
	at org.junit.vintage.engine.execution.RunListenerAdapter.testFinished(RunListenerAdapter.java:76)
	at org.junit.runner.notification.SynchronizedRunListener.testFinished(SynchronizedRunListener.java:56)
	at org.junit.runner.notification.RunNotifier$7.notifyListener(RunNotifier.java:190)
	at org.junit.runner.notification.RunNotifier$SafeNotifier.run(RunNotifier.java:72)
	at org.junit.runner.notification.RunNotifier.fireTestFinished(RunNotifier.java:187)
	at io.cucumber.junit.JUnitReporter$EachTestNotifier.fireTestFinished(JUnitReporter.java:253)
	at io.cucumber.junit.JUnitReporter.handleTestCaseResult(JUnitReporter.java:178)
	at io.cucumber.junit.JUnitReporter$4.receive(JUnitReporter.java:66)
	at io.cucumber.junit.JUnitReporter$4.receive(JUnitReporter.java:62)
	at cucumber.runner.AbstractEventPublisher.send(AbstractEventPublisher.java:45)
	at cucumber.runner.AbstractEventBus.send(AbstractEventBus.java:9)
	at cucumber.runner.ThreadLocalRunnerSupplier$LocalEventBus.send(ThreadLocalRunnerSupplier.java:60)
	at cucumber.runner.TestCase.run(TestCase.java:55)
	at cucumber.runner.Runner.runPickle(Runner.java:50)
	at io.cucumber.junit.PickleRunners$NoStepDescriptions.run(PickleRunners.java:146)
	at io.cucumber.junit.FeatureRunner.runChild(FeatureRunner.java:68)
	at io.cucumber.junit.FeatureRunner.runChild(FeatureRunner.java:23)
	at org.junit.runners.ParentRunner$3.run(ParentRunner.java:290)
	at org.junit.runners.ParentRunner$1.schedule(ParentRunner.java:71)
	at org.junit.runners.ParentRunner.runChildren(ParentRunner.java:288)
	at org.junit.runners.ParentRunner.access$000(ParentRunner.java:58)
	at org.junit.runners.ParentRunner$2.evaluate(ParentRunner.java:268)
	at org.junit.runners.ParentRunner.run(ParentRunner.java:363)
	at io.cucumber.junit.Cucumber.runChild(Cucumber.java:144)
	at io.cucumber.junit.Cucumber.runChild(Cucumber.java:65)
	at org.junit.runners.ParentRunner$3.run(ParentRunner.java:290)
	at org.junit.runners.ParentRunner$1.schedule(ParentRunner.java:71)
	at org.junit.runners.ParentRunner.runChildren(ParentRunner.java:288)
	at org.junit.runners.ParentRunner.access$000(ParentRunner.java:58)
	at org.junit.runners.ParentRunner$2.evaluate(ParentRunner.java:268)
	at io.cucumber.junit.Cucumber$RunCucumber.evaluate(Cucumber.java:174)
	at org.junit.runners.ParentRunner.run(ParentRunner.java:363)
	at org.junit.runner.JUnitCore.run(JUnitCore.java:137)
	at org.junit.runner.JUnitCore.run(JUnitCore.java:115)
	at org.junit.vintage.engine.execution.RunnerExecutor.execute(RunnerExecutor.java:40)
	at java.util.stream.ForEachOps$ForEachOp$OfRef.accept(ForEachOps.java:184)
	at java.util.stream.ReferencePipeline$3$1.accept(ReferencePipeline.java:193)
	at java.util.Iterator.forEachRemaining(Iterator.java:116)
	at java.util.Spliterators$IteratorSpliterator.forEachRemaining(Spliterators.java:1801)
	at java.util.stream.AbstractPipeline.copyInto(AbstractPipeline.java:481)
	at java.util.stream.AbstractPipeline.wrapAndCopyInto(AbstractPipeline.java:471)
	at java.util.stream.ForEachOps$ForEachOp.evaluateSequential(ForEachOps.java:151)
	at java.util.stream.ForEachOps$ForEachOp$OfRef.evaluateSequential(ForEachOps.java:174)
	at java.util.stream.AbstractPipeline.evaluate(AbstractPipeline.java:234)
	at java.util.stream.ReferencePipeline.forEach(ReferencePipeline.java:418)
	at org.junit.vintage.engine.VintageTestEngine.executeAllChildren(VintageTestEngine.java:80)
	at org.junit.vintage.engine.VintageTestEngine.execute(VintageTestEngine.java:71)
	at org.junit.platform.launcher.core.DefaultLauncher.execute(DefaultLauncher.java:220)
	at org.junit.platform.launcher.core.DefaultLauncher.lambda$execute$6(DefaultLauncher.java:188)
	at org.junit.platform.launcher.core.DefaultLauncher.withInterceptedStreams(DefaultLauncher.java:202)
	at org.junit.platform.launcher.core.DefaultLauncher.execute(DefaultLauncher.java:181)
	at org.junit.platform.launcher.core.DefaultLauncher.execute(DefaultLauncher.java:128)
	at org.gradle.api.internal.tasks.testing.junitplatform.JUnitPlatformTestClassProcessor$CollectAllTestClassesExecutor.processAllTestClasses(JUnitPlatformTestClassProcessor.java:102)
	at org.gradle.api.internal.tasks.testing.junitplatform.JUnitPlatformTestClassProcessor$CollectAllTestClassesExecutor.access$000(JUnitPlatformTestClassProcessor.java:82)
	at org.gradle.api.internal.tasks.testing.junitplatform.JUnitPlatformTestClassProcessor.stop(JUnitPlatformTestClassProcessor.java:78)
	at org.gradle.api.internal.tasks.testing.SuiteTestClassProcessor.stop(SuiteTestClassProcessor.java:61)
	at sun.reflect.NativeMethodAccessorImpl.invoke0(Native Method)
	at sun.reflect.NativeMethodAccessorImpl.invoke(NativeMethodAccessorImpl.java:62)
	at sun.reflect.DelegatingMethodAccessorImpl.invoke(DelegatingMethodAccessorImpl.java:43)
	at java.lang.reflect.Method.invoke(Method.java:498)
	at org.gradle.internal.dispatch.ReflectionDispatch.dispatch(ReflectionDispatch.java:36)
	at org.gradle.internal.dispatch.ReflectionDispatch.dispatch(ReflectionDispatch.java:24)
	at org.gradle.internal.dispatch.ContextClassLoaderDispatch.dispatch(ContextClassLoaderDispatch.java:33)
	at org.gradle.internal.dispatch.ProxyDispatchAdapter$DispatchingInvocationHandler.invoke(ProxyDispatchAdapter.java:94)
	at com.sun.proxy.$Proxy2.stop(Unknown Source)
	at org.gradle.api.internal.tasks.testing.worker.TestWorker.stop(TestWorker.java:132)
	at sun.reflect.NativeMethodAccessorImpl.invoke0(Native Method)
	at sun.reflect.NativeMethodAccessorImpl.invoke(NativeMethodAccessorImpl.java:62)
	at sun.reflect.DelegatingMethodAccessorImpl.invoke(DelegatingMethodAccessorImpl.java:43)
	at java.lang.reflect.Method.invoke(Method.java:498)
	at org.gradle.internal.dispatch.ReflectionDispatch.dispatch(ReflectionDispatch.java:36)
	at org.gradle.internal.dispatch.ReflectionDispatch.dispatch(ReflectionDispatch.java:24)
	at org.gradle.internal.remote.internal.hub.MessageHubBackedObjectConnection$DispatchWrapper.dispatch(MessageHubBackedObjectConnection.java:182)
	at org.gradle.internal.remote.internal.hub.MessageHubBackedObjectConnection$DispatchWrapper.dispatch(MessageHubBackedObjectConnection.java:164)
	at org.gradle.internal.remote.internal.hub.MessageHub$Handler.run(MessageHub.java:412)
	at org.gradle.internal.concurrent.ExecutorPolicy$CatchAndRecordFailures.onExecute(ExecutorPolicy.java:64)
	at org.gradle.internal.concurrent.ManagedExecutorImpl$1.run(ManagedExecutorImpl.java:48)
	at java.util.concurrent.ThreadPoolExecutor.runWorker(ThreadPoolExecutor.java:1149)
	at java.util.concurrent.ThreadPoolExecutor$Worker.run(ThreadPoolExecutor.java:624)
	at org.gradle.internal.concurrent.ThreadFactoryImpl$ManagedThreadRunnable.run(ThreadFactoryImpl.java:56)
	at java.lang.Thread.run(Thread.java:748)
</failure>
  </testcase>
  <testcase name="Move one tile" classname="ca.mcgill.ecse223.quoridor.features.CucumberTestsRunner" time="0.005">
    <failure message="org.opentest4j.MultipleFailuresError: Multiple Failures (8 failures)&#10;&#9;java.lang.UnsupportedOperationException: Query method get-player-of-current-turn is not implemented yet&#10;&#9;io.cucumber.junit.UndefinedThrowable: The step &quot;The player is located at 3:3&quot; is undefined&#10;&#9;io.cucumber.junit.UndefinedThrowable: The step &quot;There are no &quot;horizontal&quot; walls &quot;up&quot; from the player&quot; is undefined&#10;&#9;io.cucumber.junit.UndefinedThrowable: The step &quot;The opponent is not &quot;up&quot; from the player&quot; is undefined&#10;&#9;io.cucumber.junit.UndefinedThrowable: The step &quot;Player &quot;white&quot; initiates to move &quot;up&quot;&quot; is undefined&#10;&#9;io.cucumber.junit.UndefinedThrowable: The step &quot;The move &quot;up&quot; shall be &quot;success&quot;&quot; is undefined&#10;&#9;io.cucumber.junit.UndefinedThrowable: The step &quot;Player's new position shall be 2:3&quot; is undefined&#10;&#9;io.cucumber.junit.UndefinedThrowable: The step &quot;The next player to move shall become &quot;black&quot;&quot; is undefined" type="org.opentest4j.MultipleFailuresError">org.opentest4j.MultipleFailuresError: Multiple Failures (8 failures)
	java.lang.UnsupportedOperationException: Query method get-player-of-current-turn is not implemented yet
	io.cucumber.junit.UndefinedThrowable: The step &quot;The player is located at 3:3&quot; is undefined
	io.cucumber.junit.UndefinedThrowable: The step &quot;There are no &quot;horizontal&quot; walls &quot;up&quot; from the player&quot; is undefined
	io.cucumber.junit.UndefinedThrowable: The step &quot;The opponent is not &quot;up&quot; from the player&quot; is undefined
	io.cucumber.junit.UndefinedThrowable: The step &quot;Player &quot;white&quot; initiates to move &quot;up&quot;&quot; is undefined
	io.cucumber.junit.UndefinedThrowable: The step &quot;The move &quot;up&quot; shall be &quot;success&quot;&quot; is undefined
	io.cucumber.junit.UndefinedThrowable: The step &quot;Player's new position shall be 2:3&quot; is undefined
	io.cucumber.junit.UndefinedThrowable: The step &quot;The next player to move shall become &quot;black&quot;&quot; is undefined
	at org.junit.vintage.engine.execution.TestRun.getStoredResultOrSuccessful(TestRun.java:179)
	at org.junit.vintage.engine.execution.RunListenerAdapter.fireExecutionFinished(RunListenerAdapter.java:211)
	at org.junit.vintage.engine.execution.RunListenerAdapter.testFinished(RunListenerAdapter.java:177)
	at org.junit.vintage.engine.execution.RunListenerAdapter.testFinished(RunListenerAdapter.java:76)
	at org.junit.runner.notification.SynchronizedRunListener.testFinished(SynchronizedRunListener.java:56)
	at org.junit.runner.notification.RunNotifier$7.notifyListener(RunNotifier.java:190)
	at org.junit.runner.notification.RunNotifier$SafeNotifier.run(RunNotifier.java:72)
	at org.junit.runner.notification.RunNotifier.fireTestFinished(RunNotifier.java:187)
	at io.cucumber.junit.JUnitReporter$EachTestNotifier.fireTestFinished(JUnitReporter.java:253)
	at io.cucumber.junit.JUnitReporter.handleTestCaseResult(JUnitReporter.java:178)
	at io.cucumber.junit.JUnitReporter$4.receive(JUnitReporter.java:66)
	at io.cucumber.junit.JUnitReporter$4.receive(JUnitReporter.java:62)
	at cucumber.runner.AbstractEventPublisher.send(AbstractEventPublisher.java:45)
	at cucumber.runner.AbstractEventBus.send(AbstractEventBus.java:9)
	at cucumber.runner.ThreadLocalRunnerSupplier$LocalEventBus.send(ThreadLocalRunnerSupplier.java:60)
	at cucumber.runner.TestCase.run(TestCase.java:55)
	at cucumber.runner.Runner.runPickle(Runner.java:50)
	at io.cucumber.junit.PickleRunners$NoStepDescriptions.run(PickleRunners.java:146)
	at io.cucumber.junit.FeatureRunner.runChild(FeatureRunner.java:68)
	at io.cucumber.junit.FeatureRunner.runChild(FeatureRunner.java:23)
	at org.junit.runners.ParentRunner$3.run(ParentRunner.java:290)
	at org.junit.runners.ParentRunner$1.schedule(ParentRunner.java:71)
	at org.junit.runners.ParentRunner.runChildren(ParentRunner.java:288)
	at org.junit.runners.ParentRunner.access$000(ParentRunner.java:58)
	at org.junit.runners.ParentRunner$2.evaluate(ParentRunner.java:268)
	at org.junit.runners.ParentRunner.run(ParentRunner.java:363)
	at io.cucumber.junit.Cucumber.runChild(Cucumber.java:144)
	at io.cucumber.junit.Cucumber.runChild(Cucumber.java:65)
	at org.junit.runners.ParentRunner$3.run(ParentRunner.java:290)
	at org.junit.runners.ParentRunner$1.schedule(ParentRunner.java:71)
	at org.junit.runners.ParentRunner.runChildren(ParentRunner.java:288)
	at org.junit.runners.ParentRunner.access$000(ParentRunner.java:58)
	at org.junit.runners.ParentRunner$2.evaluate(ParentRunner.java:268)
	at io.cucumber.junit.Cucumber$RunCucumber.evaluate(Cucumber.java:174)
	at org.junit.runners.ParentRunner.run(ParentRunner.java:363)
	at org.junit.runner.JUnitCore.run(JUnitCore.java:137)
	at org.junit.runner.JUnitCore.run(JUnitCore.java:115)
	at org.junit.vintage.engine.execution.RunnerExecutor.execute(RunnerExecutor.java:40)
	at java.util.stream.ForEachOps$ForEachOp$OfRef.accept(ForEachOps.java:184)
	at java.util.stream.ReferencePipeline$3$1.accept(ReferencePipeline.java:193)
	at java.util.Iterator.forEachRemaining(Iterator.java:116)
	at java.util.Spliterators$IteratorSpliterator.forEachRemaining(Spliterators.java:1801)
	at java.util.stream.AbstractPipeline.copyInto(AbstractPipeline.java:481)
	at java.util.stream.AbstractPipeline.wrapAndCopyInto(AbstractPipeline.java:471)
	at java.util.stream.ForEachOps$ForEachOp.evaluateSequential(ForEachOps.java:151)
	at java.util.stream.ForEachOps$ForEachOp$OfRef.evaluateSequential(ForEachOps.java:174)
	at java.util.stream.AbstractPipeline.evaluate(AbstractPipeline.java:234)
	at java.util.stream.ReferencePipeline.forEach(ReferencePipeline.java:418)
	at org.junit.vintage.engine.VintageTestEngine.executeAllChildren(VintageTestEngine.java:80)
	at org.junit.vintage.engine.VintageTestEngine.execute(VintageTestEngine.java:71)
	at org.junit.platform.launcher.core.DefaultLauncher.execute(DefaultLauncher.java:220)
	at org.junit.platform.launcher.core.DefaultLauncher.lambda$execute$6(DefaultLauncher.java:188)
	at org.junit.platform.launcher.core.DefaultLauncher.withInterceptedStreams(DefaultLauncher.java:202)
	at org.junit.platform.launcher.core.DefaultLauncher.execute(DefaultLauncher.java:181)
	at org.junit.platform.launcher.core.DefaultLauncher.execute(DefaultLauncher.java:128)
	at org.gradle.api.internal.tasks.testing.junitplatform.JUnitPlatformTestClassProcessor$CollectAllTestClassesExecutor.processAllTestClasses(JUnitPlatformTestClassProcessor.java:102)
	at org.gradle.api.internal.tasks.testing.junitplatform.JUnitPlatformTestClassProcessor$CollectAllTestClassesExecutor.access$000(JUnitPlatformTestClassProcessor.java:82)
	at org.gradle.api.internal.tasks.testing.junitplatform.JUnitPlatformTestClassProcessor.stop(JUnitPlatformTestClassProcessor.java:78)
	at org.gradle.api.internal.tasks.testing.SuiteTestClassProcessor.stop(SuiteTestClassProcessor.java:61)
	at sun.reflect.NativeMethodAccessorImpl.invoke0(Native Method)
	at sun.reflect.NativeMethodAccessorImpl.invoke(NativeMethodAccessorImpl.java:62)
	at sun.reflect.DelegatingMethodAccessorImpl.invoke(DelegatingMethodAccessorImpl.java:43)
	at java.lang.reflect.Method.invoke(Method.java:498)
	at org.gradle.internal.dispatch.ReflectionDispatch.dispatch(ReflectionDispatch.java:36)
	at org.gradle.internal.dispatch.ReflectionDispatch.dispatch(ReflectionDispatch.java:24)
	at org.gradle.internal.dispatch.ContextClassLoaderDispatch.dispatch(ContextClassLoaderDispatch.java:33)
	at org.gradle.internal.dispatch.ProxyDispatchAdapter$DispatchingInvocationHandler.invoke(ProxyDispatchAdapter.java:94)
	at com.sun.proxy.$Proxy2.stop(Unknown Source)
	at org.gradle.api.internal.tasks.testing.worker.TestWorker.stop(TestWorker.java:132)
	at sun.reflect.NativeMethodAccessorImpl.invoke0(Native Method)
	at sun.reflect.NativeMethodAccessorImpl.invoke(NativeMethodAccessorImpl.java:62)
	at sun.reflect.DelegatingMethodAccessorImpl.invoke(DelegatingMethodAccessorImpl.java:43)
	at java.lang.reflect.Method.invoke(Method.java:498)
	at org.gradle.internal.dispatch.ReflectionDispatch.dispatch(ReflectionDispatch.java:36)
	at org.gradle.internal.dispatch.ReflectionDispatch.dispatch(ReflectionDispatch.java:24)
	at org.gradle.internal.remote.internal.hub.MessageHubBackedObjectConnection$DispatchWrapper.dispatch(MessageHubBackedObjectConnection.java:182)
	at org.gradle.internal.remote.internal.hub.MessageHubBackedObjectConnection$DispatchWrapper.dispatch(MessageHubBackedObjectConnection.java:164)
	at org.gradle.internal.remote.internal.hub.MessageHub$Handler.run(MessageHub.java:412)
	at org.gradle.internal.concurrent.ExecutorPolicy$CatchAndRecordFailures.onExecute(ExecutorPolicy.java:64)
	at org.gradle.internal.concurrent.ManagedExecutorImpl$1.run(ManagedExecutorImpl.java:48)
	at java.util.concurrent.ThreadPoolExecutor.runWorker(ThreadPoolExecutor.java:1149)
	at java.util.concurrent.ThreadPoolExecutor$Worker.run(ThreadPoolExecutor.java:624)
	at org.gradle.internal.concurrent.ThreadFactoryImpl$ManagedThreadRunnable.run(ThreadFactoryImpl.java:56)
	at java.lang.Thread.run(Thread.java:748)
</failure>
  </testcase>
  <testcase name="Move one tile" classname="ca.mcgill.ecse223.quoridor.features.CucumberTestsRunner" time="0.005">
    <failure message="org.opentest4j.MultipleFailuresError: Multiple Failures (8 failures)&#10;&#9;java.lang.UnsupportedOperationException: Query method get-player-of-current-turn is not implemented yet&#10;&#9;io.cucumber.junit.UndefinedThrowable: The step &quot;The player is located at 1:3&quot; is undefined&#10;&#9;io.cucumber.junit.UndefinedThrowable: The step &quot;There are no &quot;horizontal&quot; walls &quot;up&quot; from the player&quot; is undefined&#10;&#9;io.cucumber.junit.UndefinedThrowable: The step &quot;The opponent is not &quot;up&quot; from the player&quot; is undefined&#10;&#9;io.cucumber.junit.UndefinedThrowable: The step &quot;Player &quot;white&quot; initiates to move &quot;up&quot;&quot; is undefined&#10;&#9;io.cucumber.junit.UndefinedThrowable: The step &quot;The move &quot;up&quot; shall be &quot;illegal&quot;&quot; is undefined&#10;&#9;io.cucumber.junit.UndefinedThrowable: The step &quot;Player's new position shall be 1:3&quot; is undefined&#10;&#9;io.cucumber.junit.UndefinedThrowable: The step &quot;The next player to move shall become &quot;white&quot;&quot; is undefined" type="org.opentest4j.MultipleFailuresError">org.opentest4j.MultipleFailuresError: Multiple Failures (8 failures)
	java.lang.UnsupportedOperationException: Query method get-player-of-current-turn is not implemented yet
	io.cucumber.junit.UndefinedThrowable: The step &quot;The player is located at 1:3&quot; is undefined
	io.cucumber.junit.UndefinedThrowable: The step &quot;There are no &quot;horizontal&quot; walls &quot;up&quot; from the player&quot; is undefined
	io.cucumber.junit.UndefinedThrowable: The step &quot;The opponent is not &quot;up&quot; from the player&quot; is undefined
	io.cucumber.junit.UndefinedThrowable: The step &quot;Player &quot;white&quot; initiates to move &quot;up&quot;&quot; is undefined
	io.cucumber.junit.UndefinedThrowable: The step &quot;The move &quot;up&quot; shall be &quot;illegal&quot;&quot; is undefined
	io.cucumber.junit.UndefinedThrowable: The step &quot;Player's new position shall be 1:3&quot; is undefined
	io.cucumber.junit.UndefinedThrowable: The step &quot;The next player to move shall become &quot;white&quot;&quot; is undefined
	at org.junit.vintage.engine.execution.TestRun.getStoredResultOrSuccessful(TestRun.java:179)
	at org.junit.vintage.engine.execution.RunListenerAdapter.fireExecutionFinished(RunListenerAdapter.java:211)
	at org.junit.vintage.engine.execution.RunListenerAdapter.testFinished(RunListenerAdapter.java:177)
	at org.junit.vintage.engine.execution.RunListenerAdapter.testFinished(RunListenerAdapter.java:76)
	at org.junit.runner.notification.SynchronizedRunListener.testFinished(SynchronizedRunListener.java:56)
	at org.junit.runner.notification.RunNotifier$7.notifyListener(RunNotifier.java:190)
	at org.junit.runner.notification.RunNotifier$SafeNotifier.run(RunNotifier.java:72)
	at org.junit.runner.notification.RunNotifier.fireTestFinished(RunNotifier.java:187)
	at io.cucumber.junit.JUnitReporter$EachTestNotifier.fireTestFinished(JUnitReporter.java:253)
	at io.cucumber.junit.JUnitReporter.handleTestCaseResult(JUnitReporter.java:178)
	at io.cucumber.junit.JUnitReporter$4.receive(JUnitReporter.java:66)
	at io.cucumber.junit.JUnitReporter$4.receive(JUnitReporter.java:62)
	at cucumber.runner.AbstractEventPublisher.send(AbstractEventPublisher.java:45)
	at cucumber.runner.AbstractEventBus.send(AbstractEventBus.java:9)
	at cucumber.runner.ThreadLocalRunnerSupplier$LocalEventBus.send(ThreadLocalRunnerSupplier.java:60)
	at cucumber.runner.TestCase.run(TestCase.java:55)
	at cucumber.runner.Runner.runPickle(Runner.java:50)
	at io.cucumber.junit.PickleRunners$NoStepDescriptions.run(PickleRunners.java:146)
	at io.cucumber.junit.FeatureRunner.runChild(FeatureRunner.java:68)
	at io.cucumber.junit.FeatureRunner.runChild(FeatureRunner.java:23)
	at org.junit.runners.ParentRunner$3.run(ParentRunner.java:290)
	at org.junit.runners.ParentRunner$1.schedule(ParentRunner.java:71)
	at org.junit.runners.ParentRunner.runChildren(ParentRunner.java:288)
	at org.junit.runners.ParentRunner.access$000(ParentRunner.java:58)
	at org.junit.runners.ParentRunner$2.evaluate(ParentRunner.java:268)
	at org.junit.runners.ParentRunner.run(ParentRunner.java:363)
	at io.cucumber.junit.Cucumber.runChild(Cucumber.java:144)
	at io.cucumber.junit.Cucumber.runChild(Cucumber.java:65)
	at org.junit.runners.ParentRunner$3.run(ParentRunner.java:290)
	at org.junit.runners.ParentRunner$1.schedule(ParentRunner.java:71)
	at org.junit.runners.ParentRunner.runChildren(ParentRunner.java:288)
	at org.junit.runners.ParentRunner.access$000(ParentRunner.java:58)
	at org.junit.runners.ParentRunner$2.evaluate(ParentRunner.java:268)
	at io.cucumber.junit.Cucumber$RunCucumber.evaluate(Cucumber.java:174)
	at org.junit.runners.ParentRunner.run(ParentRunner.java:363)
	at org.junit.runner.JUnitCore.run(JUnitCore.java:137)
	at org.junit.runner.JUnitCore.run(JUnitCore.java:115)
	at org.junit.vintage.engine.execution.RunnerExecutor.execute(RunnerExecutor.java:40)
	at java.util.stream.ForEachOps$ForEachOp$OfRef.accept(ForEachOps.java:184)
	at java.util.stream.ReferencePipeline$3$1.accept(ReferencePipeline.java:193)
	at java.util.Iterator.forEachRemaining(Iterator.java:116)
	at java.util.Spliterators$IteratorSpliterator.forEachRemaining(Spliterators.java:1801)
	at java.util.stream.AbstractPipeline.copyInto(AbstractPipeline.java:481)
	at java.util.stream.AbstractPipeline.wrapAndCopyInto(AbstractPipeline.java:471)
	at java.util.stream.ForEachOps$ForEachOp.evaluateSequential(ForEachOps.java:151)
	at java.util.stream.ForEachOps$ForEachOp$OfRef.evaluateSequential(ForEachOps.java:174)
	at java.util.stream.AbstractPipeline.evaluate(AbstractPipeline.java:234)
	at java.util.stream.ReferencePipeline.forEach(ReferencePipeline.java:418)
	at org.junit.vintage.engine.VintageTestEngine.executeAllChildren(VintageTestEngine.java:80)
	at org.junit.vintage.engine.VintageTestEngine.execute(VintageTestEngine.java:71)
	at org.junit.platform.launcher.core.DefaultLauncher.execute(DefaultLauncher.java:220)
	at org.junit.platform.launcher.core.DefaultLauncher.lambda$execute$6(DefaultLauncher.java:188)
	at org.junit.platform.launcher.core.DefaultLauncher.withInterceptedStreams(DefaultLauncher.java:202)
	at org.junit.platform.launcher.core.DefaultLauncher.execute(DefaultLauncher.java:181)
	at org.junit.platform.launcher.core.DefaultLauncher.execute(DefaultLauncher.java:128)
	at org.gradle.api.internal.tasks.testing.junitplatform.JUnitPlatformTestClassProcessor$CollectAllTestClassesExecutor.processAllTestClasses(JUnitPlatformTestClassProcessor.java:102)
	at org.gradle.api.internal.tasks.testing.junitplatform.JUnitPlatformTestClassProcessor$CollectAllTestClassesExecutor.access$000(JUnitPlatformTestClassProcessor.java:82)
	at org.gradle.api.internal.tasks.testing.junitplatform.JUnitPlatformTestClassProcessor.stop(JUnitPlatformTestClassProcessor.java:78)
	at org.gradle.api.internal.tasks.testing.SuiteTestClassProcessor.stop(SuiteTestClassProcessor.java:61)
	at sun.reflect.NativeMethodAccessorImpl.invoke0(Native Method)
	at sun.reflect.NativeMethodAccessorImpl.invoke(NativeMethodAccessorImpl.java:62)
	at sun.reflect.DelegatingMethodAccessorImpl.invoke(DelegatingMethodAccessorImpl.java:43)
	at java.lang.reflect.Method.invoke(Method.java:498)
	at org.gradle.internal.dispatch.ReflectionDispatch.dispatch(ReflectionDispatch.java:36)
	at org.gradle.internal.dispatch.ReflectionDispatch.dispatch(ReflectionDispatch.java:24)
	at org.gradle.internal.dispatch.ContextClassLoaderDispatch.dispatch(ContextClassLoaderDispatch.java:33)
	at org.gradle.internal.dispatch.ProxyDispatchAdapter$DispatchingInvocationHandler.invoke(ProxyDispatchAdapter.java:94)
	at com.sun.proxy.$Proxy2.stop(Unknown Source)
	at org.gradle.api.internal.tasks.testing.worker.TestWorker.stop(TestWorker.java:132)
	at sun.reflect.NativeMethodAccessorImpl.invoke0(Native Method)
	at sun.reflect.NativeMethodAccessorImpl.invoke(NativeMethodAccessorImpl.java:62)
	at sun.reflect.DelegatingMethodAccessorImpl.invoke(DelegatingMethodAccessorImpl.java:43)
	at java.lang.reflect.Method.invoke(Method.java:498)
	at org.gradle.internal.dispatch.ReflectionDispatch.dispatch(ReflectionDispatch.java:36)
	at org.gradle.internal.dispatch.ReflectionDispatch.dispatch(ReflectionDispatch.java:24)
	at org.gradle.internal.remote.internal.hub.MessageHubBackedObjectConnection$DispatchWrapper.dispatch(MessageHubBackedObjectConnection.java:182)
	at org.gradle.internal.remote.internal.hub.MessageHubBackedObjectConnection$DispatchWrapper.dispatch(MessageHubBackedObjectConnection.java:164)
	at org.gradle.internal.remote.internal.hub.MessageHub$Handler.run(MessageHub.java:412)
	at org.gradle.internal.concurrent.ExecutorPolicy$CatchAndRecordFailures.onExecute(ExecutorPolicy.java:64)
	at org.gradle.internal.concurrent.ManagedExecutorImpl$1.run(ManagedExecutorImpl.java:48)
	at java.util.concurrent.ThreadPoolExecutor.runWorker(ThreadPoolExecutor.java:1149)
	at java.util.concurrent.ThreadPoolExecutor$Worker.run(ThreadPoolExecutor.java:624)
	at org.gradle.internal.concurrent.ThreadFactoryImpl$ManagedThreadRunnable.run(ThreadFactoryImpl.java:56)
	at java.lang.Thread.run(Thread.java:748)
</failure>
  </testcase>
  <testcase name="Move one tile" classname="ca.mcgill.ecse223.quoridor.features.CucumberTestsRunner" time="0.006">
    <failure message="org.opentest4j.MultipleFailuresError: Multiple Failures (8 failures)&#10;&#9;java.lang.UnsupportedOperationException: Query method get-player-of-current-turn is not implemented yet&#10;&#9;io.cucumber.junit.UndefinedThrowable: The step &quot;The player is located at 6:6&quot; is undefined&#10;&#9;io.cucumber.junit.UndefinedThrowable: The step &quot;There are no &quot;horizontal&quot; walls &quot;down&quot; from the player&quot; is undefined&#10;&#9;io.cucumber.junit.UndefinedThrowable: The step &quot;The opponent is not &quot;down&quot; from the player&quot; is undefined&#10;&#9;io.cucumber.junit.UndefinedThrowable: The step &quot;Player &quot;white&quot; initiates to move &quot;down&quot;&quot; is undefined&#10;&#9;io.cucumber.junit.UndefinedThrowable: The step &quot;The move &quot;down&quot; shall be &quot;success&quot;&quot; is undefined&#10;&#9;io.cucumber.junit.UndefinedThrowable: The step &quot;Player's new position shall be 7:6&quot; is undefined&#10;&#9;io.cucumber.junit.UndefinedThrowable: The step &quot;The next player to move shall become &quot;black&quot;&quot; is undefined" type="org.opentest4j.MultipleFailuresError">org.opentest4j.MultipleFailuresError: Multiple Failures (8 failures)
	java.lang.UnsupportedOperationException: Query method get-player-of-current-turn is not implemented yet
	io.cucumber.junit.UndefinedThrowable: The step &quot;The player is located at 6:6&quot; is undefined
	io.cucumber.junit.UndefinedThrowable: The step &quot;There are no &quot;horizontal&quot; walls &quot;down&quot; from the player&quot; is undefined
	io.cucumber.junit.UndefinedThrowable: The step &quot;The opponent is not &quot;down&quot; from the player&quot; is undefined
	io.cucumber.junit.UndefinedThrowable: The step &quot;Player &quot;white&quot; initiates to move &quot;down&quot;&quot; is undefined
	io.cucumber.junit.UndefinedThrowable: The step &quot;The move &quot;down&quot; shall be &quot;success&quot;&quot; is undefined
	io.cucumber.junit.UndefinedThrowable: The step &quot;Player's new position shall be 7:6&quot; is undefined
	io.cucumber.junit.UndefinedThrowable: The step &quot;The next player to move shall become &quot;black&quot;&quot; is undefined
	at org.junit.vintage.engine.execution.TestRun.getStoredResultOrSuccessful(TestRun.java:179)
	at org.junit.vintage.engine.execution.RunListenerAdapter.fireExecutionFinished(RunListenerAdapter.java:211)
	at org.junit.vintage.engine.execution.RunListenerAdapter.testFinished(RunListenerAdapter.java:177)
	at org.junit.vintage.engine.execution.RunListenerAdapter.testFinished(RunListenerAdapter.java:76)
	at org.junit.runner.notification.SynchronizedRunListener.testFinished(SynchronizedRunListener.java:56)
	at org.junit.runner.notification.RunNotifier$7.notifyListener(RunNotifier.java:190)
	at org.junit.runner.notification.RunNotifier$SafeNotifier.run(RunNotifier.java:72)
	at org.junit.runner.notification.RunNotifier.fireTestFinished(RunNotifier.java:187)
	at io.cucumber.junit.JUnitReporter$EachTestNotifier.fireTestFinished(JUnitReporter.java:253)
	at io.cucumber.junit.JUnitReporter.handleTestCaseResult(JUnitReporter.java:178)
	at io.cucumber.junit.JUnitReporter$4.receive(JUnitReporter.java:66)
	at io.cucumber.junit.JUnitReporter$4.receive(JUnitReporter.java:62)
	at cucumber.runner.AbstractEventPublisher.send(AbstractEventPublisher.java:45)
	at cucumber.runner.AbstractEventBus.send(AbstractEventBus.java:9)
	at cucumber.runner.ThreadLocalRunnerSupplier$LocalEventBus.send(ThreadLocalRunnerSupplier.java:60)
	at cucumber.runner.TestCase.run(TestCase.java:55)
	at cucumber.runner.Runner.runPickle(Runner.java:50)
	at io.cucumber.junit.PickleRunners$NoStepDescriptions.run(PickleRunners.java:146)
	at io.cucumber.junit.FeatureRunner.runChild(FeatureRunner.java:68)
	at io.cucumber.junit.FeatureRunner.runChild(FeatureRunner.java:23)
	at org.junit.runners.ParentRunner$3.run(ParentRunner.java:290)
	at org.junit.runners.ParentRunner$1.schedule(ParentRunner.java:71)
	at org.junit.runners.ParentRunner.runChildren(ParentRunner.java:288)
	at org.junit.runners.ParentRunner.access$000(ParentRunner.java:58)
	at org.junit.runners.ParentRunner$2.evaluate(ParentRunner.java:268)
	at org.junit.runners.ParentRunner.run(ParentRunner.java:363)
	at io.cucumber.junit.Cucumber.runChild(Cucumber.java:144)
	at io.cucumber.junit.Cucumber.runChild(Cucumber.java:65)
	at org.junit.runners.ParentRunner$3.run(ParentRunner.java:290)
	at org.junit.runners.ParentRunner$1.schedule(ParentRunner.java:71)
	at org.junit.runners.ParentRunner.runChildren(ParentRunner.java:288)
	at org.junit.runners.ParentRunner.access$000(ParentRunner.java:58)
	at org.junit.runners.ParentRunner$2.evaluate(ParentRunner.java:268)
	at io.cucumber.junit.Cucumber$RunCucumber.evaluate(Cucumber.java:174)
	at org.junit.runners.ParentRunner.run(ParentRunner.java:363)
	at org.junit.runner.JUnitCore.run(JUnitCore.java:137)
	at org.junit.runner.JUnitCore.run(JUnitCore.java:115)
	at org.junit.vintage.engine.execution.RunnerExecutor.execute(RunnerExecutor.java:40)
	at java.util.stream.ForEachOps$ForEachOp$OfRef.accept(ForEachOps.java:184)
	at java.util.stream.ReferencePipeline$3$1.accept(ReferencePipeline.java:193)
	at java.util.Iterator.forEachRemaining(Iterator.java:116)
	at java.util.Spliterators$IteratorSpliterator.forEachRemaining(Spliterators.java:1801)
	at java.util.stream.AbstractPipeline.copyInto(AbstractPipeline.java:481)
	at java.util.stream.AbstractPipeline.wrapAndCopyInto(AbstractPipeline.java:471)
	at java.util.stream.ForEachOps$ForEachOp.evaluateSequential(ForEachOps.java:151)
	at java.util.stream.ForEachOps$ForEachOp$OfRef.evaluateSequential(ForEachOps.java:174)
	at java.util.stream.AbstractPipeline.evaluate(AbstractPipeline.java:234)
	at java.util.stream.ReferencePipeline.forEach(ReferencePipeline.java:418)
	at org.junit.vintage.engine.VintageTestEngine.executeAllChildren(VintageTestEngine.java:80)
	at org.junit.vintage.engine.VintageTestEngine.execute(VintageTestEngine.java:71)
	at org.junit.platform.launcher.core.DefaultLauncher.execute(DefaultLauncher.java:220)
	at org.junit.platform.launcher.core.DefaultLauncher.lambda$execute$6(DefaultLauncher.java:188)
	at org.junit.platform.launcher.core.DefaultLauncher.withInterceptedStreams(DefaultLauncher.java:202)
	at org.junit.platform.launcher.core.DefaultLauncher.execute(DefaultLauncher.java:181)
	at org.junit.platform.launcher.core.DefaultLauncher.execute(DefaultLauncher.java:128)
	at org.gradle.api.internal.tasks.testing.junitplatform.JUnitPlatformTestClassProcessor$CollectAllTestClassesExecutor.processAllTestClasses(JUnitPlatformTestClassProcessor.java:102)
	at org.gradle.api.internal.tasks.testing.junitplatform.JUnitPlatformTestClassProcessor$CollectAllTestClassesExecutor.access$000(JUnitPlatformTestClassProcessor.java:82)
	at org.gradle.api.internal.tasks.testing.junitplatform.JUnitPlatformTestClassProcessor.stop(JUnitPlatformTestClassProcessor.java:78)
	at org.gradle.api.internal.tasks.testing.SuiteTestClassProcessor.stop(SuiteTestClassProcessor.java:61)
	at sun.reflect.NativeMethodAccessorImpl.invoke0(Native Method)
	at sun.reflect.NativeMethodAccessorImpl.invoke(NativeMethodAccessorImpl.java:62)
	at sun.reflect.DelegatingMethodAccessorImpl.invoke(DelegatingMethodAccessorImpl.java:43)
	at java.lang.reflect.Method.invoke(Method.java:498)
	at org.gradle.internal.dispatch.ReflectionDispatch.dispatch(ReflectionDispatch.java:36)
	at org.gradle.internal.dispatch.ReflectionDispatch.dispatch(ReflectionDispatch.java:24)
	at org.gradle.internal.dispatch.ContextClassLoaderDispatch.dispatch(ContextClassLoaderDispatch.java:33)
	at org.gradle.internal.dispatch.ProxyDispatchAdapter$DispatchingInvocationHandler.invoke(ProxyDispatchAdapter.java:94)
	at com.sun.proxy.$Proxy2.stop(Unknown Source)
	at org.gradle.api.internal.tasks.testing.worker.TestWorker.stop(TestWorker.java:132)
	at sun.reflect.NativeMethodAccessorImpl.invoke0(Native Method)
	at sun.reflect.NativeMethodAccessorImpl.invoke(NativeMethodAccessorImpl.java:62)
	at sun.reflect.DelegatingMethodAccessorImpl.invoke(DelegatingMethodAccessorImpl.java:43)
	at java.lang.reflect.Method.invoke(Method.java:498)
	at org.gradle.internal.dispatch.ReflectionDispatch.dispatch(ReflectionDispatch.java:36)
	at org.gradle.internal.dispatch.ReflectionDispatch.dispatch(ReflectionDispatch.java:24)
	at org.gradle.internal.remote.internal.hub.MessageHubBackedObjectConnection$DispatchWrapper.dispatch(MessageHubBackedObjectConnection.java:182)
	at org.gradle.internal.remote.internal.hub.MessageHubBackedObjectConnection$DispatchWrapper.dispatch(MessageHubBackedObjectConnection.java:164)
	at org.gradle.internal.remote.internal.hub.MessageHub$Handler.run(MessageHub.java:412)
	at org.gradle.internal.concurrent.ExecutorPolicy$CatchAndRecordFailures.onExecute(ExecutorPolicy.java:64)
	at org.gradle.internal.concurrent.ManagedExecutorImpl$1.run(ManagedExecutorImpl.java:48)
	at java.util.concurrent.ThreadPoolExecutor.runWorker(ThreadPoolExecutor.java:1149)
	at java.util.concurrent.ThreadPoolExecutor$Worker.run(ThreadPoolExecutor.java:624)
	at org.gradle.internal.concurrent.ThreadFactoryImpl$ManagedThreadRunnable.run(ThreadFactoryImpl.java:56)
	at java.lang.Thread.run(Thread.java:748)
</failure>
  </testcase>
  <testcase name="Move one tile" classname="ca.mcgill.ecse223.quoridor.features.CucumberTestsRunner" time="0.005">
    <failure message="org.opentest4j.MultipleFailuresError: Multiple Failures (8 failures)&#10;&#9;java.lang.UnsupportedOperationException: Query method get-player-of-current-turn is not implemented yet&#10;&#9;io.cucumber.junit.UndefinedThrowable: The step &quot;The player is located at 9:6&quot; is undefined&#10;&#9;io.cucumber.junit.UndefinedThrowable: The step &quot;There are no &quot;horizontal&quot; walls &quot;up&quot; from the player&quot; is undefined&#10;&#9;io.cucumber.junit.UndefinedThrowable: The step &quot;The opponent is not &quot;up&quot; from the player&quot; is undefined&#10;&#9;io.cucumber.junit.UndefinedThrowable: The step &quot;Player &quot;white&quot; initiates to move &quot;up&quot;&quot; is undefined&#10;&#9;io.cucumber.junit.UndefinedThrowable: The step &quot;The move &quot;up&quot; shall be &quot;illegal&quot;&quot; is undefined&#10;&#9;io.cucumber.junit.UndefinedThrowable: The step &quot;Player's new position shall be 9:6&quot; is undefined&#10;&#9;io.cucumber.junit.UndefinedThrowable: The step &quot;The next player to move shall become &quot;white&quot;&quot; is undefined" type="org.opentest4j.MultipleFailuresError">org.opentest4j.MultipleFailuresError: Multiple Failures (8 failures)
	java.lang.UnsupportedOperationException: Query method get-player-of-current-turn is not implemented yet
	io.cucumber.junit.UndefinedThrowable: The step &quot;The player is located at 9:6&quot; is undefined
	io.cucumber.junit.UndefinedThrowable: The step &quot;There are no &quot;horizontal&quot; walls &quot;up&quot; from the player&quot; is undefined
	io.cucumber.junit.UndefinedThrowable: The step &quot;The opponent is not &quot;up&quot; from the player&quot; is undefined
	io.cucumber.junit.UndefinedThrowable: The step &quot;Player &quot;white&quot; initiates to move &quot;up&quot;&quot; is undefined
	io.cucumber.junit.UndefinedThrowable: The step &quot;The move &quot;up&quot; shall be &quot;illegal&quot;&quot; is undefined
	io.cucumber.junit.UndefinedThrowable: The step &quot;Player's new position shall be 9:6&quot; is undefined
	io.cucumber.junit.UndefinedThrowable: The step &quot;The next player to move shall become &quot;white&quot;&quot; is undefined
	at org.junit.vintage.engine.execution.TestRun.getStoredResultOrSuccessful(TestRun.java:179)
	at org.junit.vintage.engine.execution.RunListenerAdapter.fireExecutionFinished(RunListenerAdapter.java:211)
	at org.junit.vintage.engine.execution.RunListenerAdapter.testFinished(RunListenerAdapter.java:177)
	at org.junit.vintage.engine.execution.RunListenerAdapter.testFinished(RunListenerAdapter.java:76)
	at org.junit.runner.notification.SynchronizedRunListener.testFinished(SynchronizedRunListener.java:56)
	at org.junit.runner.notification.RunNotifier$7.notifyListener(RunNotifier.java:190)
	at org.junit.runner.notification.RunNotifier$SafeNotifier.run(RunNotifier.java:72)
	at org.junit.runner.notification.RunNotifier.fireTestFinished(RunNotifier.java:187)
	at io.cucumber.junit.JUnitReporter$EachTestNotifier.fireTestFinished(JUnitReporter.java:253)
	at io.cucumber.junit.JUnitReporter.handleTestCaseResult(JUnitReporter.java:178)
	at io.cucumber.junit.JUnitReporter$4.receive(JUnitReporter.java:66)
	at io.cucumber.junit.JUnitReporter$4.receive(JUnitReporter.java:62)
	at cucumber.runner.AbstractEventPublisher.send(AbstractEventPublisher.java:45)
	at cucumber.runner.AbstractEventBus.send(AbstractEventBus.java:9)
	at cucumber.runner.ThreadLocalRunnerSupplier$LocalEventBus.send(ThreadLocalRunnerSupplier.java:60)
	at cucumber.runner.TestCase.run(TestCase.java:55)
	at cucumber.runner.Runner.runPickle(Runner.java:50)
	at io.cucumber.junit.PickleRunners$NoStepDescriptions.run(PickleRunners.java:146)
	at io.cucumber.junit.FeatureRunner.runChild(FeatureRunner.java:68)
	at io.cucumber.junit.FeatureRunner.runChild(FeatureRunner.java:23)
	at org.junit.runners.ParentRunner$3.run(ParentRunner.java:290)
	at org.junit.runners.ParentRunner$1.schedule(ParentRunner.java:71)
	at org.junit.runners.ParentRunner.runChildren(ParentRunner.java:288)
	at org.junit.runners.ParentRunner.access$000(ParentRunner.java:58)
	at org.junit.runners.ParentRunner$2.evaluate(ParentRunner.java:268)
	at org.junit.runners.ParentRunner.run(ParentRunner.java:363)
	at io.cucumber.junit.Cucumber.runChild(Cucumber.java:144)
	at io.cucumber.junit.Cucumber.runChild(Cucumber.java:65)
	at org.junit.runners.ParentRunner$3.run(ParentRunner.java:290)
	at org.junit.runners.ParentRunner$1.schedule(ParentRunner.java:71)
	at org.junit.runners.ParentRunner.runChildren(ParentRunner.java:288)
	at org.junit.runners.ParentRunner.access$000(ParentRunner.java:58)
	at org.junit.runners.ParentRunner$2.evaluate(ParentRunner.java:268)
	at io.cucumber.junit.Cucumber$RunCucumber.evaluate(Cucumber.java:174)
	at org.junit.runners.ParentRunner.run(ParentRunner.java:363)
	at org.junit.runner.JUnitCore.run(JUnitCore.java:137)
	at org.junit.runner.JUnitCore.run(JUnitCore.java:115)
	at org.junit.vintage.engine.execution.RunnerExecutor.execute(RunnerExecutor.java:40)
	at java.util.stream.ForEachOps$ForEachOp$OfRef.accept(ForEachOps.java:184)
	at java.util.stream.ReferencePipeline$3$1.accept(ReferencePipeline.java:193)
	at java.util.Iterator.forEachRemaining(Iterator.java:116)
	at java.util.Spliterators$IteratorSpliterator.forEachRemaining(Spliterators.java:1801)
	at java.util.stream.AbstractPipeline.copyInto(AbstractPipeline.java:481)
	at java.util.stream.AbstractPipeline.wrapAndCopyInto(AbstractPipeline.java:471)
	at java.util.stream.ForEachOps$ForEachOp.evaluateSequential(ForEachOps.java:151)
	at java.util.stream.ForEachOps$ForEachOp$OfRef.evaluateSequential(ForEachOps.java:174)
	at java.util.stream.AbstractPipeline.evaluate(AbstractPipeline.java:234)
	at java.util.stream.ReferencePipeline.forEach(ReferencePipeline.java:418)
	at org.junit.vintage.engine.VintageTestEngine.executeAllChildren(VintageTestEngine.java:80)
	at org.junit.vintage.engine.VintageTestEngine.execute(VintageTestEngine.java:71)
	at org.junit.platform.launcher.core.DefaultLauncher.execute(DefaultLauncher.java:220)
	at org.junit.platform.launcher.core.DefaultLauncher.lambda$execute$6(DefaultLauncher.java:188)
	at org.junit.platform.launcher.core.DefaultLauncher.withInterceptedStreams(DefaultLauncher.java:202)
	at org.junit.platform.launcher.core.DefaultLauncher.execute(DefaultLauncher.java:181)
	at org.junit.platform.launcher.core.DefaultLauncher.execute(DefaultLauncher.java:128)
	at org.gradle.api.internal.tasks.testing.junitplatform.JUnitPlatformTestClassProcessor$CollectAllTestClassesExecutor.processAllTestClasses(JUnitPlatformTestClassProcessor.java:102)
	at org.gradle.api.internal.tasks.testing.junitplatform.JUnitPlatformTestClassProcessor$CollectAllTestClassesExecutor.access$000(JUnitPlatformTestClassProcessor.java:82)
	at org.gradle.api.internal.tasks.testing.junitplatform.JUnitPlatformTestClassProcessor.stop(JUnitPlatformTestClassProcessor.java:78)
	at org.gradle.api.internal.tasks.testing.SuiteTestClassProcessor.stop(SuiteTestClassProcessor.java:61)
	at sun.reflect.NativeMethodAccessorImpl.invoke0(Native Method)
	at sun.reflect.NativeMethodAccessorImpl.invoke(NativeMethodAccessorImpl.java:62)
	at sun.reflect.DelegatingMethodAccessorImpl.invoke(DelegatingMethodAccessorImpl.java:43)
	at java.lang.reflect.Method.invoke(Method.java:498)
	at org.gradle.internal.dispatch.ReflectionDispatch.dispatch(ReflectionDispatch.java:36)
	at org.gradle.internal.dispatch.ReflectionDispatch.dispatch(ReflectionDispatch.java:24)
	at org.gradle.internal.dispatch.ContextClassLoaderDispatch.dispatch(ContextClassLoaderDispatch.java:33)
	at org.gradle.internal.dispatch.ProxyDispatchAdapter$DispatchingInvocationHandler.invoke(ProxyDispatchAdapter.java:94)
	at com.sun.proxy.$Proxy2.stop(Unknown Source)
	at org.gradle.api.internal.tasks.testing.worker.TestWorker.stop(TestWorker.java:132)
	at sun.reflect.NativeMethodAccessorImpl.invoke0(Native Method)
	at sun.reflect.NativeMethodAccessorImpl.invoke(NativeMethodAccessorImpl.java:62)
	at sun.reflect.DelegatingMethodAccessorImpl.invoke(DelegatingMethodAccessorImpl.java:43)
	at java.lang.reflect.Method.invoke(Method.java:498)
	at org.gradle.internal.dispatch.ReflectionDispatch.dispatch(ReflectionDispatch.java:36)
	at org.gradle.internal.dispatch.ReflectionDispatch.dispatch(ReflectionDispatch.java:24)
	at org.gradle.internal.remote.internal.hub.MessageHubBackedObjectConnection$DispatchWrapper.dispatch(MessageHubBackedObjectConnection.java:182)
	at org.gradle.internal.remote.internal.hub.MessageHubBackedObjectConnection$DispatchWrapper.dispatch(MessageHubBackedObjectConnection.java:164)
	at org.gradle.internal.remote.internal.hub.MessageHub$Handler.run(MessageHub.java:412)
	at org.gradle.internal.concurrent.ExecutorPolicy$CatchAndRecordFailures.onExecute(ExecutorPolicy.java:64)
	at org.gradle.internal.concurrent.ManagedExecutorImpl$1.run(ManagedExecutorImpl.java:48)
	at java.util.concurrent.ThreadPoolExecutor.runWorker(ThreadPoolExecutor.java:1149)
	at java.util.concurrent.ThreadPoolExecutor$Worker.run(ThreadPoolExecutor.java:624)
	at org.gradle.internal.concurrent.ThreadFactoryImpl$ManagedThreadRunnable.run(ThreadFactoryImpl.java:56)
	at java.lang.Thread.run(Thread.java:748)
</failure>
  </testcase>
  <testcase name="Move of player blocked by wall" classname="ca.mcgill.ecse223.quoridor.features.CucumberTestsRunner" time="0.005">
    <failure message="org.opentest4j.MultipleFailuresError: Multiple Failures (8 failures)&#10;&#9;java.lang.UnsupportedOperationException: Query method get-player-of-current-turn is not implemented yet&#10;&#9;io.cucumber.junit.UndefinedThrowable: The step &quot;The player is located at 3:3&quot; is undefined&#10;&#9;io.cucumber.junit.UndefinedThrowable: The step &quot;There is a &quot;vertical&quot; wall &quot;left&quot; from the player&quot; is undefined&#10;&#9;io.cucumber.junit.UndefinedThrowable: The step &quot;My opponent is not &quot;left&quot; from the player&quot; is undefined&#10;&#9;io.cucumber.junit.UndefinedThrowable: The step &quot;Player &quot;white&quot; initiates to move &quot;left&quot;&quot; is undefined&#10;&#9;io.cucumber.junit.UndefinedThrowable: The step &quot;The move &quot;left&quot; shall be &quot;illegal&quot;&quot; is undefined&#10;&#9;io.cucumber.junit.UndefinedThrowable: The step &quot;Player's new position shall be 3:3&quot; is undefined&#10;&#9;io.cucumber.junit.UndefinedThrowable: The step &quot;The next player to move shall become &quot;&lt;nplayer&gt;&quot;&quot; is undefined" type="org.opentest4j.MultipleFailuresError">org.opentest4j.MultipleFailuresError: Multiple Failures (8 failures)
	java.lang.UnsupportedOperationException: Query method get-player-of-current-turn is not implemented yet
	io.cucumber.junit.UndefinedThrowable: The step &quot;The player is located at 3:3&quot; is undefined
	io.cucumber.junit.UndefinedThrowable: The step &quot;There is a &quot;vertical&quot; wall &quot;left&quot; from the player&quot; is undefined
	io.cucumber.junit.UndefinedThrowable: The step &quot;My opponent is not &quot;left&quot; from the player&quot; is undefined
	io.cucumber.junit.UndefinedThrowable: The step &quot;Player &quot;white&quot; initiates to move &quot;left&quot;&quot; is undefined
	io.cucumber.junit.UndefinedThrowable: The step &quot;The move &quot;left&quot; shall be &quot;illegal&quot;&quot; is undefined
	io.cucumber.junit.UndefinedThrowable: The step &quot;Player's new position shall be 3:3&quot; is undefined
	io.cucumber.junit.UndefinedThrowable: The step &quot;The next player to move shall become &quot;&lt;nplayer&gt;&quot;&quot; is undefined
	at org.junit.vintage.engine.execution.TestRun.getStoredResultOrSuccessful(TestRun.java:179)
	at org.junit.vintage.engine.execution.RunListenerAdapter.fireExecutionFinished(RunListenerAdapter.java:211)
	at org.junit.vintage.engine.execution.RunListenerAdapter.testFinished(RunListenerAdapter.java:177)
	at org.junit.vintage.engine.execution.RunListenerAdapter.testFinished(RunListenerAdapter.java:76)
	at org.junit.runner.notification.SynchronizedRunListener.testFinished(SynchronizedRunListener.java:56)
	at org.junit.runner.notification.RunNotifier$7.notifyListener(RunNotifier.java:190)
	at org.junit.runner.notification.RunNotifier$SafeNotifier.run(RunNotifier.java:72)
	at org.junit.runner.notification.RunNotifier.fireTestFinished(RunNotifier.java:187)
	at io.cucumber.junit.JUnitReporter$EachTestNotifier.fireTestFinished(JUnitReporter.java:253)
	at io.cucumber.junit.JUnitReporter.handleTestCaseResult(JUnitReporter.java:178)
	at io.cucumber.junit.JUnitReporter$4.receive(JUnitReporter.java:66)
	at io.cucumber.junit.JUnitReporter$4.receive(JUnitReporter.java:62)
	at cucumber.runner.AbstractEventPublisher.send(AbstractEventPublisher.java:45)
	at cucumber.runner.AbstractEventBus.send(AbstractEventBus.java:9)
	at cucumber.runner.ThreadLocalRunnerSupplier$LocalEventBus.send(ThreadLocalRunnerSupplier.java:60)
	at cucumber.runner.TestCase.run(TestCase.java:55)
	at cucumber.runner.Runner.runPickle(Runner.java:50)
	at io.cucumber.junit.PickleRunners$NoStepDescriptions.run(PickleRunners.java:146)
	at io.cucumber.junit.FeatureRunner.runChild(FeatureRunner.java:68)
	at io.cucumber.junit.FeatureRunner.runChild(FeatureRunner.java:23)
	at org.junit.runners.ParentRunner$3.run(ParentRunner.java:290)
	at org.junit.runners.ParentRunner$1.schedule(ParentRunner.java:71)
	at org.junit.runners.ParentRunner.runChildren(ParentRunner.java:288)
	at org.junit.runners.ParentRunner.access$000(ParentRunner.java:58)
	at org.junit.runners.ParentRunner$2.evaluate(ParentRunner.java:268)
	at org.junit.runners.ParentRunner.run(ParentRunner.java:363)
	at io.cucumber.junit.Cucumber.runChild(Cucumber.java:144)
	at io.cucumber.junit.Cucumber.runChild(Cucumber.java:65)
	at org.junit.runners.ParentRunner$3.run(ParentRunner.java:290)
	at org.junit.runners.ParentRunner$1.schedule(ParentRunner.java:71)
	at org.junit.runners.ParentRunner.runChildren(ParentRunner.java:288)
	at org.junit.runners.ParentRunner.access$000(ParentRunner.java:58)
	at org.junit.runners.ParentRunner$2.evaluate(ParentRunner.java:268)
	at io.cucumber.junit.Cucumber$RunCucumber.evaluate(Cucumber.java:174)
	at org.junit.runners.ParentRunner.run(ParentRunner.java:363)
	at org.junit.runner.JUnitCore.run(JUnitCore.java:137)
	at org.junit.runner.JUnitCore.run(JUnitCore.java:115)
	at org.junit.vintage.engine.execution.RunnerExecutor.execute(RunnerExecutor.java:40)
	at java.util.stream.ForEachOps$ForEachOp$OfRef.accept(ForEachOps.java:184)
	at java.util.stream.ReferencePipeline$3$1.accept(ReferencePipeline.java:193)
	at java.util.Iterator.forEachRemaining(Iterator.java:116)
	at java.util.Spliterators$IteratorSpliterator.forEachRemaining(Spliterators.java:1801)
	at java.util.stream.AbstractPipeline.copyInto(AbstractPipeline.java:481)
	at java.util.stream.AbstractPipeline.wrapAndCopyInto(AbstractPipeline.java:471)
	at java.util.stream.ForEachOps$ForEachOp.evaluateSequential(ForEachOps.java:151)
	at java.util.stream.ForEachOps$ForEachOp$OfRef.evaluateSequential(ForEachOps.java:174)
	at java.util.stream.AbstractPipeline.evaluate(AbstractPipeline.java:234)
	at java.util.stream.ReferencePipeline.forEach(ReferencePipeline.java:418)
	at org.junit.vintage.engine.VintageTestEngine.executeAllChildren(VintageTestEngine.java:80)
	at org.junit.vintage.engine.VintageTestEngine.execute(VintageTestEngine.java:71)
	at org.junit.platform.launcher.core.DefaultLauncher.execute(DefaultLauncher.java:220)
	at org.junit.platform.launcher.core.DefaultLauncher.lambda$execute$6(DefaultLauncher.java:188)
	at org.junit.platform.launcher.core.DefaultLauncher.withInterceptedStreams(DefaultLauncher.java:202)
	at org.junit.platform.launcher.core.DefaultLauncher.execute(DefaultLauncher.java:181)
	at org.junit.platform.launcher.core.DefaultLauncher.execute(DefaultLauncher.java:128)
	at org.gradle.api.internal.tasks.testing.junitplatform.JUnitPlatformTestClassProcessor$CollectAllTestClassesExecutor.processAllTestClasses(JUnitPlatformTestClassProcessor.java:102)
	at org.gradle.api.internal.tasks.testing.junitplatform.JUnitPlatformTestClassProcessor$CollectAllTestClassesExecutor.access$000(JUnitPlatformTestClassProcessor.java:82)
	at org.gradle.api.internal.tasks.testing.junitplatform.JUnitPlatformTestClassProcessor.stop(JUnitPlatformTestClassProcessor.java:78)
	at org.gradle.api.internal.tasks.testing.SuiteTestClassProcessor.stop(SuiteTestClassProcessor.java:61)
	at sun.reflect.NativeMethodAccessorImpl.invoke0(Native Method)
	at sun.reflect.NativeMethodAccessorImpl.invoke(NativeMethodAccessorImpl.java:62)
	at sun.reflect.DelegatingMethodAccessorImpl.invoke(DelegatingMethodAccessorImpl.java:43)
	at java.lang.reflect.Method.invoke(Method.java:498)
	at org.gradle.internal.dispatch.ReflectionDispatch.dispatch(ReflectionDispatch.java:36)
	at org.gradle.internal.dispatch.ReflectionDispatch.dispatch(ReflectionDispatch.java:24)
	at org.gradle.internal.dispatch.ContextClassLoaderDispatch.dispatch(ContextClassLoaderDispatch.java:33)
	at org.gradle.internal.dispatch.ProxyDispatchAdapter$DispatchingInvocationHandler.invoke(ProxyDispatchAdapter.java:94)
	at com.sun.proxy.$Proxy2.stop(Unknown Source)
	at org.gradle.api.internal.tasks.testing.worker.TestWorker.stop(TestWorker.java:132)
	at sun.reflect.NativeMethodAccessorImpl.invoke0(Native Method)
	at sun.reflect.NativeMethodAccessorImpl.invoke(NativeMethodAccessorImpl.java:62)
	at sun.reflect.DelegatingMethodAccessorImpl.invoke(DelegatingMethodAccessorImpl.java:43)
	at java.lang.reflect.Method.invoke(Method.java:498)
	at org.gradle.internal.dispatch.ReflectionDispatch.dispatch(ReflectionDispatch.java:36)
	at org.gradle.internal.dispatch.ReflectionDispatch.dispatch(ReflectionDispatch.java:24)
	at org.gradle.internal.remote.internal.hub.MessageHubBackedObjectConnection$DispatchWrapper.dispatch(MessageHubBackedObjectConnection.java:182)
	at org.gradle.internal.remote.internal.hub.MessageHubBackedObjectConnection$DispatchWrapper.dispatch(MessageHubBackedObjectConnection.java:164)
	at org.gradle.internal.remote.internal.hub.MessageHub$Handler.run(MessageHub.java:412)
	at org.gradle.internal.concurrent.ExecutorPolicy$CatchAndRecordFailures.onExecute(ExecutorPolicy.java:64)
	at org.gradle.internal.concurrent.ManagedExecutorImpl$1.run(ManagedExecutorImpl.java:48)
	at java.util.concurrent.ThreadPoolExecutor.runWorker(ThreadPoolExecutor.java:1149)
	at java.util.concurrent.ThreadPoolExecutor$Worker.run(ThreadPoolExecutor.java:624)
	at org.gradle.internal.concurrent.ThreadFactoryImpl$ManagedThreadRunnable.run(ThreadFactoryImpl.java:56)
	at java.lang.Thread.run(Thread.java:748)
</failure>
  </testcase>
  <testcase name="Move of player blocked by wall" classname="ca.mcgill.ecse223.quoridor.features.CucumberTestsRunner" time="0.004">
    <failure message="org.opentest4j.MultipleFailuresError: Multiple Failures (8 failures)&#10;&#9;java.lang.UnsupportedOperationException: Query method get-player-of-current-turn is not implemented yet&#10;&#9;io.cucumber.junit.UndefinedThrowable: The step &quot;The player is located at 3:3&quot; is undefined&#10;&#9;io.cucumber.junit.UndefinedThrowable: The step &quot;There is a &quot;horizontal&quot; wall &quot;left&quot; from the player&quot; is undefined&#10;&#9;io.cucumber.junit.UndefinedThrowable: The step &quot;My opponent is not &quot;left&quot; from the player&quot; is undefined&#10;&#9;io.cucumber.junit.UndefinedThrowable: The step &quot;Player &quot;white&quot; initiates to move &quot;left&quot;&quot; is undefined&#10;&#9;io.cucumber.junit.UndefinedThrowable: The step &quot;The move &quot;left&quot; shall be &quot;success&quot;&quot; is undefined&#10;&#9;io.cucumber.junit.UndefinedThrowable: The step &quot;Player's new position shall be 2:3&quot; is undefined&#10;&#9;io.cucumber.junit.UndefinedThrowable: The step &quot;The next player to move shall become &quot;&lt;nplayer&gt;&quot;&quot; is undefined" type="org.opentest4j.MultipleFailuresError">org.opentest4j.MultipleFailuresError: Multiple Failures (8 failures)
	java.lang.UnsupportedOperationException: Query method get-player-of-current-turn is not implemented yet
	io.cucumber.junit.UndefinedThrowable: The step &quot;The player is located at 3:3&quot; is undefined
	io.cucumber.junit.UndefinedThrowable: The step &quot;There is a &quot;horizontal&quot; wall &quot;left&quot; from the player&quot; is undefined
	io.cucumber.junit.UndefinedThrowable: The step &quot;My opponent is not &quot;left&quot; from the player&quot; is undefined
	io.cucumber.junit.UndefinedThrowable: The step &quot;Player &quot;white&quot; initiates to move &quot;left&quot;&quot; is undefined
	io.cucumber.junit.UndefinedThrowable: The step &quot;The move &quot;left&quot; shall be &quot;success&quot;&quot; is undefined
	io.cucumber.junit.UndefinedThrowable: The step &quot;Player's new position shall be 2:3&quot; is undefined
	io.cucumber.junit.UndefinedThrowable: The step &quot;The next player to move shall become &quot;&lt;nplayer&gt;&quot;&quot; is undefined
	at org.junit.vintage.engine.execution.TestRun.getStoredResultOrSuccessful(TestRun.java:179)
	at org.junit.vintage.engine.execution.RunListenerAdapter.fireExecutionFinished(RunListenerAdapter.java:211)
	at org.junit.vintage.engine.execution.RunListenerAdapter.testFinished(RunListenerAdapter.java:177)
	at org.junit.vintage.engine.execution.RunListenerAdapter.testFinished(RunListenerAdapter.java:76)
	at org.junit.runner.notification.SynchronizedRunListener.testFinished(SynchronizedRunListener.java:56)
	at org.junit.runner.notification.RunNotifier$7.notifyListener(RunNotifier.java:190)
	at org.junit.runner.notification.RunNotifier$SafeNotifier.run(RunNotifier.java:72)
	at org.junit.runner.notification.RunNotifier.fireTestFinished(RunNotifier.java:187)
	at io.cucumber.junit.JUnitReporter$EachTestNotifier.fireTestFinished(JUnitReporter.java:253)
	at io.cucumber.junit.JUnitReporter.handleTestCaseResult(JUnitReporter.java:178)
	at io.cucumber.junit.JUnitReporter$4.receive(JUnitReporter.java:66)
	at io.cucumber.junit.JUnitReporter$4.receive(JUnitReporter.java:62)
	at cucumber.runner.AbstractEventPublisher.send(AbstractEventPublisher.java:45)
	at cucumber.runner.AbstractEventBus.send(AbstractEventBus.java:9)
	at cucumber.runner.ThreadLocalRunnerSupplier$LocalEventBus.send(ThreadLocalRunnerSupplier.java:60)
	at cucumber.runner.TestCase.run(TestCase.java:55)
	at cucumber.runner.Runner.runPickle(Runner.java:50)
	at io.cucumber.junit.PickleRunners$NoStepDescriptions.run(PickleRunners.java:146)
	at io.cucumber.junit.FeatureRunner.runChild(FeatureRunner.java:68)
	at io.cucumber.junit.FeatureRunner.runChild(FeatureRunner.java:23)
	at org.junit.runners.ParentRunner$3.run(ParentRunner.java:290)
	at org.junit.runners.ParentRunner$1.schedule(ParentRunner.java:71)
	at org.junit.runners.ParentRunner.runChildren(ParentRunner.java:288)
	at org.junit.runners.ParentRunner.access$000(ParentRunner.java:58)
	at org.junit.runners.ParentRunner$2.evaluate(ParentRunner.java:268)
	at org.junit.runners.ParentRunner.run(ParentRunner.java:363)
	at io.cucumber.junit.Cucumber.runChild(Cucumber.java:144)
	at io.cucumber.junit.Cucumber.runChild(Cucumber.java:65)
	at org.junit.runners.ParentRunner$3.run(ParentRunner.java:290)
	at org.junit.runners.ParentRunner$1.schedule(ParentRunner.java:71)
	at org.junit.runners.ParentRunner.runChildren(ParentRunner.java:288)
	at org.junit.runners.ParentRunner.access$000(ParentRunner.java:58)
	at org.junit.runners.ParentRunner$2.evaluate(ParentRunner.java:268)
	at io.cucumber.junit.Cucumber$RunCucumber.evaluate(Cucumber.java:174)
	at org.junit.runners.ParentRunner.run(ParentRunner.java:363)
	at org.junit.runner.JUnitCore.run(JUnitCore.java:137)
	at org.junit.runner.JUnitCore.run(JUnitCore.java:115)
	at org.junit.vintage.engine.execution.RunnerExecutor.execute(RunnerExecutor.java:40)
	at java.util.stream.ForEachOps$ForEachOp$OfRef.accept(ForEachOps.java:184)
	at java.util.stream.ReferencePipeline$3$1.accept(ReferencePipeline.java:193)
	at java.util.Iterator.forEachRemaining(Iterator.java:116)
	at java.util.Spliterators$IteratorSpliterator.forEachRemaining(Spliterators.java:1801)
	at java.util.stream.AbstractPipeline.copyInto(AbstractPipeline.java:481)
	at java.util.stream.AbstractPipeline.wrapAndCopyInto(AbstractPipeline.java:471)
	at java.util.stream.ForEachOps$ForEachOp.evaluateSequential(ForEachOps.java:151)
	at java.util.stream.ForEachOps$ForEachOp$OfRef.evaluateSequential(ForEachOps.java:174)
	at java.util.stream.AbstractPipeline.evaluate(AbstractPipeline.java:234)
	at java.util.stream.ReferencePipeline.forEach(ReferencePipeline.java:418)
	at org.junit.vintage.engine.VintageTestEngine.executeAllChildren(VintageTestEngine.java:80)
	at org.junit.vintage.engine.VintageTestEngine.execute(VintageTestEngine.java:71)
	at org.junit.platform.launcher.core.DefaultLauncher.execute(DefaultLauncher.java:220)
	at org.junit.platform.launcher.core.DefaultLauncher.lambda$execute$6(DefaultLauncher.java:188)
	at org.junit.platform.launcher.core.DefaultLauncher.withInterceptedStreams(DefaultLauncher.java:202)
	at org.junit.platform.launcher.core.DefaultLauncher.execute(DefaultLauncher.java:181)
	at org.junit.platform.launcher.core.DefaultLauncher.execute(DefaultLauncher.java:128)
	at org.gradle.api.internal.tasks.testing.junitplatform.JUnitPlatformTestClassProcessor$CollectAllTestClassesExecutor.processAllTestClasses(JUnitPlatformTestClassProcessor.java:102)
	at org.gradle.api.internal.tasks.testing.junitplatform.JUnitPlatformTestClassProcessor$CollectAllTestClassesExecutor.access$000(JUnitPlatformTestClassProcessor.java:82)
	at org.gradle.api.internal.tasks.testing.junitplatform.JUnitPlatformTestClassProcessor.stop(JUnitPlatformTestClassProcessor.java:78)
	at org.gradle.api.internal.tasks.testing.SuiteTestClassProcessor.stop(SuiteTestClassProcessor.java:61)
	at sun.reflect.NativeMethodAccessorImpl.invoke0(Native Method)
	at sun.reflect.NativeMethodAccessorImpl.invoke(NativeMethodAccessorImpl.java:62)
	at sun.reflect.DelegatingMethodAccessorImpl.invoke(DelegatingMethodAccessorImpl.java:43)
	at java.lang.reflect.Method.invoke(Method.java:498)
	at org.gradle.internal.dispatch.ReflectionDispatch.dispatch(ReflectionDispatch.java:36)
	at org.gradle.internal.dispatch.ReflectionDispatch.dispatch(ReflectionDispatch.java:24)
	at org.gradle.internal.dispatch.ContextClassLoaderDispatch.dispatch(ContextClassLoaderDispatch.java:33)
	at org.gradle.internal.dispatch.ProxyDispatchAdapter$DispatchingInvocationHandler.invoke(ProxyDispatchAdapter.java:94)
	at com.sun.proxy.$Proxy2.stop(Unknown Source)
	at org.gradle.api.internal.tasks.testing.worker.TestWorker.stop(TestWorker.java:132)
	at sun.reflect.NativeMethodAccessorImpl.invoke0(Native Method)
	at sun.reflect.NativeMethodAccessorImpl.invoke(NativeMethodAccessorImpl.java:62)
	at sun.reflect.DelegatingMethodAccessorImpl.invoke(DelegatingMethodAccessorImpl.java:43)
	at java.lang.reflect.Method.invoke(Method.java:498)
	at org.gradle.internal.dispatch.ReflectionDispatch.dispatch(ReflectionDispatch.java:36)
	at org.gradle.internal.dispatch.ReflectionDispatch.dispatch(ReflectionDispatch.java:24)
	at org.gradle.internal.remote.internal.hub.MessageHubBackedObjectConnection$DispatchWrapper.dispatch(MessageHubBackedObjectConnection.java:182)
	at org.gradle.internal.remote.internal.hub.MessageHubBackedObjectConnection$DispatchWrapper.dispatch(MessageHubBackedObjectConnection.java:164)
	at org.gradle.internal.remote.internal.hub.MessageHub$Handler.run(MessageHub.java:412)
	at org.gradle.internal.concurrent.ExecutorPolicy$CatchAndRecordFailures.onExecute(ExecutorPolicy.java:64)
	at org.gradle.internal.concurrent.ManagedExecutorImpl$1.run(ManagedExecutorImpl.java:48)
	at java.util.concurrent.ThreadPoolExecutor.runWorker(ThreadPoolExecutor.java:1149)
	at java.util.concurrent.ThreadPoolExecutor$Worker.run(ThreadPoolExecutor.java:624)
	at org.gradle.internal.concurrent.ThreadFactoryImpl$ManagedThreadRunnable.run(ThreadFactoryImpl.java:56)
	at java.lang.Thread.run(Thread.java:748)
</failure>
  </testcase>
  <testcase name="Move of player blocked by wall" classname="ca.mcgill.ecse223.quoridor.features.CucumberTestsRunner" time="0.005">
    <failure message="org.opentest4j.MultipleFailuresError: Multiple Failures (8 failures)&#10;&#9;java.lang.UnsupportedOperationException: Query method get-player-of-current-turn is not implemented yet&#10;&#9;io.cucumber.junit.UndefinedThrowable: The step &quot;The player is located at 3:3&quot; is undefined&#10;&#9;io.cucumber.junit.UndefinedThrowable: The step &quot;There is a &quot;vertical&quot; wall &quot;right&quot; from the player&quot; is undefined&#10;&#9;io.cucumber.junit.UndefinedThrowable: The step &quot;My opponent is not &quot;right&quot; from the player&quot; is undefined&#10;&#9;io.cucumber.junit.UndefinedThrowable: The step &quot;Player &quot;white&quot; initiates to move &quot;right&quot;&quot; is undefined&#10;&#9;io.cucumber.junit.UndefinedThrowable: The step &quot;The move &quot;right&quot; shall be &quot;illegal&quot;&quot; is undefined&#10;&#9;io.cucumber.junit.UndefinedThrowable: The step &quot;Player's new position shall be 3:3&quot; is undefined&#10;&#9;io.cucumber.junit.UndefinedThrowable: The step &quot;The next player to move shall become &quot;&lt;nplayer&gt;&quot;&quot; is undefined" type="org.opentest4j.MultipleFailuresError">org.opentest4j.MultipleFailuresError: Multiple Failures (8 failures)
	java.lang.UnsupportedOperationException: Query method get-player-of-current-turn is not implemented yet
	io.cucumber.junit.UndefinedThrowable: The step &quot;The player is located at 3:3&quot; is undefined
	io.cucumber.junit.UndefinedThrowable: The step &quot;There is a &quot;vertical&quot; wall &quot;right&quot; from the player&quot; is undefined
	io.cucumber.junit.UndefinedThrowable: The step &quot;My opponent is not &quot;right&quot; from the player&quot; is undefined
	io.cucumber.junit.UndefinedThrowable: The step &quot;Player &quot;white&quot; initiates to move &quot;right&quot;&quot; is undefined
	io.cucumber.junit.UndefinedThrowable: The step &quot;The move &quot;right&quot; shall be &quot;illegal&quot;&quot; is undefined
	io.cucumber.junit.UndefinedThrowable: The step &quot;Player's new position shall be 3:3&quot; is undefined
	io.cucumber.junit.UndefinedThrowable: The step &quot;The next player to move shall become &quot;&lt;nplayer&gt;&quot;&quot; is undefined
	at org.junit.vintage.engine.execution.TestRun.getStoredResultOrSuccessful(TestRun.java:179)
	at org.junit.vintage.engine.execution.RunListenerAdapter.fireExecutionFinished(RunListenerAdapter.java:211)
	at org.junit.vintage.engine.execution.RunListenerAdapter.testFinished(RunListenerAdapter.java:177)
	at org.junit.vintage.engine.execution.RunListenerAdapter.testFinished(RunListenerAdapter.java:76)
	at org.junit.runner.notification.SynchronizedRunListener.testFinished(SynchronizedRunListener.java:56)
	at org.junit.runner.notification.RunNotifier$7.notifyListener(RunNotifier.java:190)
	at org.junit.runner.notification.RunNotifier$SafeNotifier.run(RunNotifier.java:72)
	at org.junit.runner.notification.RunNotifier.fireTestFinished(RunNotifier.java:187)
	at io.cucumber.junit.JUnitReporter$EachTestNotifier.fireTestFinished(JUnitReporter.java:253)
	at io.cucumber.junit.JUnitReporter.handleTestCaseResult(JUnitReporter.java:178)
	at io.cucumber.junit.JUnitReporter$4.receive(JUnitReporter.java:66)
	at io.cucumber.junit.JUnitReporter$4.receive(JUnitReporter.java:62)
	at cucumber.runner.AbstractEventPublisher.send(AbstractEventPublisher.java:45)
	at cucumber.runner.AbstractEventBus.send(AbstractEventBus.java:9)
	at cucumber.runner.ThreadLocalRunnerSupplier$LocalEventBus.send(ThreadLocalRunnerSupplier.java:60)
	at cucumber.runner.TestCase.run(TestCase.java:55)
	at cucumber.runner.Runner.runPickle(Runner.java:50)
	at io.cucumber.junit.PickleRunners$NoStepDescriptions.run(PickleRunners.java:146)
	at io.cucumber.junit.FeatureRunner.runChild(FeatureRunner.java:68)
	at io.cucumber.junit.FeatureRunner.runChild(FeatureRunner.java:23)
	at org.junit.runners.ParentRunner$3.run(ParentRunner.java:290)
	at org.junit.runners.ParentRunner$1.schedule(ParentRunner.java:71)
	at org.junit.runners.ParentRunner.runChildren(ParentRunner.java:288)
	at org.junit.runners.ParentRunner.access$000(ParentRunner.java:58)
	at org.junit.runners.ParentRunner$2.evaluate(ParentRunner.java:268)
	at org.junit.runners.ParentRunner.run(ParentRunner.java:363)
	at io.cucumber.junit.Cucumber.runChild(Cucumber.java:144)
	at io.cucumber.junit.Cucumber.runChild(Cucumber.java:65)
	at org.junit.runners.ParentRunner$3.run(ParentRunner.java:290)
	at org.junit.runners.ParentRunner$1.schedule(ParentRunner.java:71)
	at org.junit.runners.ParentRunner.runChildren(ParentRunner.java:288)
	at org.junit.runners.ParentRunner.access$000(ParentRunner.java:58)
	at org.junit.runners.ParentRunner$2.evaluate(ParentRunner.java:268)
	at io.cucumber.junit.Cucumber$RunCucumber.evaluate(Cucumber.java:174)
	at org.junit.runners.ParentRunner.run(ParentRunner.java:363)
	at org.junit.runner.JUnitCore.run(JUnitCore.java:137)
	at org.junit.runner.JUnitCore.run(JUnitCore.java:115)
	at org.junit.vintage.engine.execution.RunnerExecutor.execute(RunnerExecutor.java:40)
	at java.util.stream.ForEachOps$ForEachOp$OfRef.accept(ForEachOps.java:184)
	at java.util.stream.ReferencePipeline$3$1.accept(ReferencePipeline.java:193)
	at java.util.Iterator.forEachRemaining(Iterator.java:116)
	at java.util.Spliterators$IteratorSpliterator.forEachRemaining(Spliterators.java:1801)
	at java.util.stream.AbstractPipeline.copyInto(AbstractPipeline.java:481)
	at java.util.stream.AbstractPipeline.wrapAndCopyInto(AbstractPipeline.java:471)
	at java.util.stream.ForEachOps$ForEachOp.evaluateSequential(ForEachOps.java:151)
	at java.util.stream.ForEachOps$ForEachOp$OfRef.evaluateSequential(ForEachOps.java:174)
	at java.util.stream.AbstractPipeline.evaluate(AbstractPipeline.java:234)
	at java.util.stream.ReferencePipeline.forEach(ReferencePipeline.java:418)
	at org.junit.vintage.engine.VintageTestEngine.executeAllChildren(VintageTestEngine.java:80)
	at org.junit.vintage.engine.VintageTestEngine.execute(VintageTestEngine.java:71)
	at org.junit.platform.launcher.core.DefaultLauncher.execute(DefaultLauncher.java:220)
	at org.junit.platform.launcher.core.DefaultLauncher.lambda$execute$6(DefaultLauncher.java:188)
	at org.junit.platform.launcher.core.DefaultLauncher.withInterceptedStreams(DefaultLauncher.java:202)
	at org.junit.platform.launcher.core.DefaultLauncher.execute(DefaultLauncher.java:181)
	at org.junit.platform.launcher.core.DefaultLauncher.execute(DefaultLauncher.java:128)
	at org.gradle.api.internal.tasks.testing.junitplatform.JUnitPlatformTestClassProcessor$CollectAllTestClassesExecutor.processAllTestClasses(JUnitPlatformTestClassProcessor.java:102)
	at org.gradle.api.internal.tasks.testing.junitplatform.JUnitPlatformTestClassProcessor$CollectAllTestClassesExecutor.access$000(JUnitPlatformTestClassProcessor.java:82)
	at org.gradle.api.internal.tasks.testing.junitplatform.JUnitPlatformTestClassProcessor.stop(JUnitPlatformTestClassProcessor.java:78)
	at org.gradle.api.internal.tasks.testing.SuiteTestClassProcessor.stop(SuiteTestClassProcessor.java:61)
	at sun.reflect.NativeMethodAccessorImpl.invoke0(Native Method)
	at sun.reflect.NativeMethodAccessorImpl.invoke(NativeMethodAccessorImpl.java:62)
	at sun.reflect.DelegatingMethodAccessorImpl.invoke(DelegatingMethodAccessorImpl.java:43)
	at java.lang.reflect.Method.invoke(Method.java:498)
	at org.gradle.internal.dispatch.ReflectionDispatch.dispatch(ReflectionDispatch.java:36)
	at org.gradle.internal.dispatch.ReflectionDispatch.dispatch(ReflectionDispatch.java:24)
	at org.gradle.internal.dispatch.ContextClassLoaderDispatch.dispatch(ContextClassLoaderDispatch.java:33)
	at org.gradle.internal.dispatch.ProxyDispatchAdapter$DispatchingInvocationHandler.invoke(ProxyDispatchAdapter.java:94)
	at com.sun.proxy.$Proxy2.stop(Unknown Source)
	at org.gradle.api.internal.tasks.testing.worker.TestWorker.stop(TestWorker.java:132)
	at sun.reflect.NativeMethodAccessorImpl.invoke0(Native Method)
	at sun.reflect.NativeMethodAccessorImpl.invoke(NativeMethodAccessorImpl.java:62)
	at sun.reflect.DelegatingMethodAccessorImpl.invoke(DelegatingMethodAccessorImpl.java:43)
	at java.lang.reflect.Method.invoke(Method.java:498)
	at org.gradle.internal.dispatch.ReflectionDispatch.dispatch(ReflectionDispatch.java:36)
	at org.gradle.internal.dispatch.ReflectionDispatch.dispatch(ReflectionDispatch.java:24)
	at org.gradle.internal.remote.internal.hub.MessageHubBackedObjectConnection$DispatchWrapper.dispatch(MessageHubBackedObjectConnection.java:182)
	at org.gradle.internal.remote.internal.hub.MessageHubBackedObjectConnection$DispatchWrapper.dispatch(MessageHubBackedObjectConnection.java:164)
	at org.gradle.internal.remote.internal.hub.MessageHub$Handler.run(MessageHub.java:412)
	at org.gradle.internal.concurrent.ExecutorPolicy$CatchAndRecordFailures.onExecute(ExecutorPolicy.java:64)
	at org.gradle.internal.concurrent.ManagedExecutorImpl$1.run(ManagedExecutorImpl.java:48)
	at java.util.concurrent.ThreadPoolExecutor.runWorker(ThreadPoolExecutor.java:1149)
	at java.util.concurrent.ThreadPoolExecutor$Worker.run(ThreadPoolExecutor.java:624)
	at org.gradle.internal.concurrent.ThreadFactoryImpl$ManagedThreadRunnable.run(ThreadFactoryImpl.java:56)
	at java.lang.Thread.run(Thread.java:748)
</failure>
  </testcase>
  <testcase name="Move of player blocked by wall" classname="ca.mcgill.ecse223.quoridor.features.CucumberTestsRunner" time="0.008">
    <failure message="org.opentest4j.MultipleFailuresError: Multiple Failures (8 failures)&#10;&#9;java.lang.UnsupportedOperationException: Query method get-player-of-current-turn is not implemented yet&#10;&#9;io.cucumber.junit.UndefinedThrowable: The step &quot;The player is located at 3:3&quot; is undefined&#10;&#9;io.cucumber.junit.UndefinedThrowable: The step &quot;There is a &quot;horizontal&quot; wall &quot;right&quot; from the player&quot; is undefined&#10;&#9;io.cucumber.junit.UndefinedThrowable: The step &quot;My opponent is not &quot;right&quot; from the player&quot; is undefined&#10;&#9;io.cucumber.junit.UndefinedThrowable: The step &quot;Player &quot;white&quot; initiates to move &quot;right&quot;&quot; is undefined&#10;&#9;io.cucumber.junit.UndefinedThrowable: The step &quot;The move &quot;right&quot; shall be &quot;success&quot;&quot; is undefined&#10;&#9;io.cucumber.junit.UndefinedThrowable: The step &quot;Player's new position shall be 4:3&quot; is undefined&#10;&#9;io.cucumber.junit.UndefinedThrowable: The step &quot;The next player to move shall become &quot;&lt;nplayer&gt;&quot;&quot; is undefined" type="org.opentest4j.MultipleFailuresError">org.opentest4j.MultipleFailuresError: Multiple Failures (8 failures)
	java.lang.UnsupportedOperationException: Query method get-player-of-current-turn is not implemented yet
	io.cucumber.junit.UndefinedThrowable: The step &quot;The player is located at 3:3&quot; is undefined
	io.cucumber.junit.UndefinedThrowable: The step &quot;There is a &quot;horizontal&quot; wall &quot;right&quot; from the player&quot; is undefined
	io.cucumber.junit.UndefinedThrowable: The step &quot;My opponent is not &quot;right&quot; from the player&quot; is undefined
	io.cucumber.junit.UndefinedThrowable: The step &quot;Player &quot;white&quot; initiates to move &quot;right&quot;&quot; is undefined
	io.cucumber.junit.UndefinedThrowable: The step &quot;The move &quot;right&quot; shall be &quot;success&quot;&quot; is undefined
	io.cucumber.junit.UndefinedThrowable: The step &quot;Player's new position shall be 4:3&quot; is undefined
	io.cucumber.junit.UndefinedThrowable: The step &quot;The next player to move shall become &quot;&lt;nplayer&gt;&quot;&quot; is undefined
	at org.junit.vintage.engine.execution.TestRun.getStoredResultOrSuccessful(TestRun.java:179)
	at org.junit.vintage.engine.execution.RunListenerAdapter.fireExecutionFinished(RunListenerAdapter.java:211)
	at org.junit.vintage.engine.execution.RunListenerAdapter.testFinished(RunListenerAdapter.java:177)
	at org.junit.vintage.engine.execution.RunListenerAdapter.testFinished(RunListenerAdapter.java:76)
	at org.junit.runner.notification.SynchronizedRunListener.testFinished(SynchronizedRunListener.java:56)
	at org.junit.runner.notification.RunNotifier$7.notifyListener(RunNotifier.java:190)
	at org.junit.runner.notification.RunNotifier$SafeNotifier.run(RunNotifier.java:72)
	at org.junit.runner.notification.RunNotifier.fireTestFinished(RunNotifier.java:187)
	at io.cucumber.junit.JUnitReporter$EachTestNotifier.fireTestFinished(JUnitReporter.java:253)
	at io.cucumber.junit.JUnitReporter.handleTestCaseResult(JUnitReporter.java:178)
	at io.cucumber.junit.JUnitReporter$4.receive(JUnitReporter.java:66)
	at io.cucumber.junit.JUnitReporter$4.receive(JUnitReporter.java:62)
	at cucumber.runner.AbstractEventPublisher.send(AbstractEventPublisher.java:45)
	at cucumber.runner.AbstractEventBus.send(AbstractEventBus.java:9)
	at cucumber.runner.ThreadLocalRunnerSupplier$LocalEventBus.send(ThreadLocalRunnerSupplier.java:60)
	at cucumber.runner.TestCase.run(TestCase.java:55)
	at cucumber.runner.Runner.runPickle(Runner.java:50)
	at io.cucumber.junit.PickleRunners$NoStepDescriptions.run(PickleRunners.java:146)
	at io.cucumber.junit.FeatureRunner.runChild(FeatureRunner.java:68)
	at io.cucumber.junit.FeatureRunner.runChild(FeatureRunner.java:23)
	at org.junit.runners.ParentRunner$3.run(ParentRunner.java:290)
	at org.junit.runners.ParentRunner$1.schedule(ParentRunner.java:71)
	at org.junit.runners.ParentRunner.runChildren(ParentRunner.java:288)
	at org.junit.runners.ParentRunner.access$000(ParentRunner.java:58)
	at org.junit.runners.ParentRunner$2.evaluate(ParentRunner.java:268)
	at org.junit.runners.ParentRunner.run(ParentRunner.java:363)
	at io.cucumber.junit.Cucumber.runChild(Cucumber.java:144)
	at io.cucumber.junit.Cucumber.runChild(Cucumber.java:65)
	at org.junit.runners.ParentRunner$3.run(ParentRunner.java:290)
	at org.junit.runners.ParentRunner$1.schedule(ParentRunner.java:71)
	at org.junit.runners.ParentRunner.runChildren(ParentRunner.java:288)
	at org.junit.runners.ParentRunner.access$000(ParentRunner.java:58)
	at org.junit.runners.ParentRunner$2.evaluate(ParentRunner.java:268)
	at io.cucumber.junit.Cucumber$RunCucumber.evaluate(Cucumber.java:174)
	at org.junit.runners.ParentRunner.run(ParentRunner.java:363)
	at org.junit.runner.JUnitCore.run(JUnitCore.java:137)
	at org.junit.runner.JUnitCore.run(JUnitCore.java:115)
	at org.junit.vintage.engine.execution.RunnerExecutor.execute(RunnerExecutor.java:40)
	at java.util.stream.ForEachOps$ForEachOp$OfRef.accept(ForEachOps.java:184)
	at java.util.stream.ReferencePipeline$3$1.accept(ReferencePipeline.java:193)
	at java.util.Iterator.forEachRemaining(Iterator.java:116)
	at java.util.Spliterators$IteratorSpliterator.forEachRemaining(Spliterators.java:1801)
	at java.util.stream.AbstractPipeline.copyInto(AbstractPipeline.java:481)
	at java.util.stream.AbstractPipeline.wrapAndCopyInto(AbstractPipeline.java:471)
	at java.util.stream.ForEachOps$ForEachOp.evaluateSequential(ForEachOps.java:151)
	at java.util.stream.ForEachOps$ForEachOp$OfRef.evaluateSequential(ForEachOps.java:174)
	at java.util.stream.AbstractPipeline.evaluate(AbstractPipeline.java:234)
	at java.util.stream.ReferencePipeline.forEach(ReferencePipeline.java:418)
	at org.junit.vintage.engine.VintageTestEngine.executeAllChildren(VintageTestEngine.java:80)
	at org.junit.vintage.engine.VintageTestEngine.execute(VintageTestEngine.java:71)
	at org.junit.platform.launcher.core.DefaultLauncher.execute(DefaultLauncher.java:220)
	at org.junit.platform.launcher.core.DefaultLauncher.lambda$execute$6(DefaultLauncher.java:188)
	at org.junit.platform.launcher.core.DefaultLauncher.withInterceptedStreams(DefaultLauncher.java:202)
	at org.junit.platform.launcher.core.DefaultLauncher.execute(DefaultLauncher.java:181)
	at org.junit.platform.launcher.core.DefaultLauncher.execute(DefaultLauncher.java:128)
	at org.gradle.api.internal.tasks.testing.junitplatform.JUnitPlatformTestClassProcessor$CollectAllTestClassesExecutor.processAllTestClasses(JUnitPlatformTestClassProcessor.java:102)
	at org.gradle.api.internal.tasks.testing.junitplatform.JUnitPlatformTestClassProcessor$CollectAllTestClassesExecutor.access$000(JUnitPlatformTestClassProcessor.java:82)
	at org.gradle.api.internal.tasks.testing.junitplatform.JUnitPlatformTestClassProcessor.stop(JUnitPlatformTestClassProcessor.java:78)
	at org.gradle.api.internal.tasks.testing.SuiteTestClassProcessor.stop(SuiteTestClassProcessor.java:61)
	at sun.reflect.NativeMethodAccessorImpl.invoke0(Native Method)
	at sun.reflect.NativeMethodAccessorImpl.invoke(NativeMethodAccessorImpl.java:62)
	at sun.reflect.DelegatingMethodAccessorImpl.invoke(DelegatingMethodAccessorImpl.java:43)
	at java.lang.reflect.Method.invoke(Method.java:498)
	at org.gradle.internal.dispatch.ReflectionDispatch.dispatch(ReflectionDispatch.java:36)
	at org.gradle.internal.dispatch.ReflectionDispatch.dispatch(ReflectionDispatch.java:24)
	at org.gradle.internal.dispatch.ContextClassLoaderDispatch.dispatch(ContextClassLoaderDispatch.java:33)
	at org.gradle.internal.dispatch.ProxyDispatchAdapter$DispatchingInvocationHandler.invoke(ProxyDispatchAdapter.java:94)
	at com.sun.proxy.$Proxy2.stop(Unknown Source)
	at org.gradle.api.internal.tasks.testing.worker.TestWorker.stop(TestWorker.java:132)
	at sun.reflect.NativeMethodAccessorImpl.invoke0(Native Method)
	at sun.reflect.NativeMethodAccessorImpl.invoke(NativeMethodAccessorImpl.java:62)
	at sun.reflect.DelegatingMethodAccessorImpl.invoke(DelegatingMethodAccessorImpl.java:43)
	at java.lang.reflect.Method.invoke(Method.java:498)
	at org.gradle.internal.dispatch.ReflectionDispatch.dispatch(ReflectionDispatch.java:36)
	at org.gradle.internal.dispatch.ReflectionDispatch.dispatch(ReflectionDispatch.java:24)
	at org.gradle.internal.remote.internal.hub.MessageHubBackedObjectConnection$DispatchWrapper.dispatch(MessageHubBackedObjectConnection.java:182)
	at org.gradle.internal.remote.internal.hub.MessageHubBackedObjectConnection$DispatchWrapper.dispatch(MessageHubBackedObjectConnection.java:164)
	at org.gradle.internal.remote.internal.hub.MessageHub$Handler.run(MessageHub.java:412)
	at org.gradle.internal.concurrent.ExecutorPolicy$CatchAndRecordFailures.onExecute(ExecutorPolicy.java:64)
	at org.gradle.internal.concurrent.ManagedExecutorImpl$1.run(ManagedExecutorImpl.java:48)
	at java.util.concurrent.ThreadPoolExecutor.runWorker(ThreadPoolExecutor.java:1149)
	at java.util.concurrent.ThreadPoolExecutor$Worker.run(ThreadPoolExecutor.java:624)
	at org.gradle.internal.concurrent.ThreadFactoryImpl$ManagedThreadRunnable.run(ThreadFactoryImpl.java:56)
	at java.lang.Thread.run(Thread.java:748)
</failure>
  </testcase>
  <testcase name="Move of player blocked by wall" classname="ca.mcgill.ecse223.quoridor.features.CucumberTestsRunner" time="0.02">
    <failure message="org.opentest4j.MultipleFailuresError: Multiple Failures (8 failures)&#10;&#9;java.lang.UnsupportedOperationException: Query method get-player-of-current-turn is not implemented yet&#10;&#9;io.cucumber.junit.UndefinedThrowable: The step &quot;The player is located at 3:3&quot; is undefined&#10;&#9;io.cucumber.junit.UndefinedThrowable: The step &quot;There is a &quot;horizontal&quot; wall &quot;up&quot; from the player&quot; is undefined&#10;&#9;io.cucumber.junit.UndefinedThrowable: The step &quot;My opponent is not &quot;up&quot; from the player&quot; is undefined&#10;&#9;io.cucumber.junit.UndefinedThrowable: The step &quot;Player &quot;white&quot; initiates to move &quot;up&quot;&quot; is undefined&#10;&#9;io.cucumber.junit.UndefinedThrowable: The step &quot;The move &quot;up&quot; shall be &quot;illegal&quot;&quot; is undefined&#10;&#9;io.cucumber.junit.UndefinedThrowable: The step &quot;Player's new position shall be 3:3&quot; is undefined&#10;&#9;io.cucumber.junit.UndefinedThrowable: The step &quot;The next player to move shall become &quot;&lt;nplayer&gt;&quot;&quot; is undefined" type="org.opentest4j.MultipleFailuresError">org.opentest4j.MultipleFailuresError: Multiple Failures (8 failures)
	java.lang.UnsupportedOperationException: Query method get-player-of-current-turn is not implemented yet
	io.cucumber.junit.UndefinedThrowable: The step &quot;The player is located at 3:3&quot; is undefined
	io.cucumber.junit.UndefinedThrowable: The step &quot;There is a &quot;horizontal&quot; wall &quot;up&quot; from the player&quot; is undefined
	io.cucumber.junit.UndefinedThrowable: The step &quot;My opponent is not &quot;up&quot; from the player&quot; is undefined
	io.cucumber.junit.UndefinedThrowable: The step &quot;Player &quot;white&quot; initiates to move &quot;up&quot;&quot; is undefined
	io.cucumber.junit.UndefinedThrowable: The step &quot;The move &quot;up&quot; shall be &quot;illegal&quot;&quot; is undefined
	io.cucumber.junit.UndefinedThrowable: The step &quot;Player's new position shall be 3:3&quot; is undefined
	io.cucumber.junit.UndefinedThrowable: The step &quot;The next player to move shall become &quot;&lt;nplayer&gt;&quot;&quot; is undefined
	at org.junit.vintage.engine.execution.TestRun.getStoredResultOrSuccessful(TestRun.java:179)
	at org.junit.vintage.engine.execution.RunListenerAdapter.fireExecutionFinished(RunListenerAdapter.java:211)
	at org.junit.vintage.engine.execution.RunListenerAdapter.testFinished(RunListenerAdapter.java:177)
	at org.junit.vintage.engine.execution.RunListenerAdapter.testFinished(RunListenerAdapter.java:76)
	at org.junit.runner.notification.SynchronizedRunListener.testFinished(SynchronizedRunListener.java:56)
	at org.junit.runner.notification.RunNotifier$7.notifyListener(RunNotifier.java:190)
	at org.junit.runner.notification.RunNotifier$SafeNotifier.run(RunNotifier.java:72)
	at org.junit.runner.notification.RunNotifier.fireTestFinished(RunNotifier.java:187)
	at io.cucumber.junit.JUnitReporter$EachTestNotifier.fireTestFinished(JUnitReporter.java:253)
	at io.cucumber.junit.JUnitReporter.handleTestCaseResult(JUnitReporter.java:178)
	at io.cucumber.junit.JUnitReporter$4.receive(JUnitReporter.java:66)
	at io.cucumber.junit.JUnitReporter$4.receive(JUnitReporter.java:62)
	at cucumber.runner.AbstractEventPublisher.send(AbstractEventPublisher.java:45)
	at cucumber.runner.AbstractEventBus.send(AbstractEventBus.java:9)
	at cucumber.runner.ThreadLocalRunnerSupplier$LocalEventBus.send(ThreadLocalRunnerSupplier.java:60)
	at cucumber.runner.TestCase.run(TestCase.java:55)
	at cucumber.runner.Runner.runPickle(Runner.java:50)
	at io.cucumber.junit.PickleRunners$NoStepDescriptions.run(PickleRunners.java:146)
	at io.cucumber.junit.FeatureRunner.runChild(FeatureRunner.java:68)
	at io.cucumber.junit.FeatureRunner.runChild(FeatureRunner.java:23)
	at org.junit.runners.ParentRunner$3.run(ParentRunner.java:290)
	at org.junit.runners.ParentRunner$1.schedule(ParentRunner.java:71)
	at org.junit.runners.ParentRunner.runChildren(ParentRunner.java:288)
	at org.junit.runners.ParentRunner.access$000(ParentRunner.java:58)
	at org.junit.runners.ParentRunner$2.evaluate(ParentRunner.java:268)
	at org.junit.runners.ParentRunner.run(ParentRunner.java:363)
	at io.cucumber.junit.Cucumber.runChild(Cucumber.java:144)
	at io.cucumber.junit.Cucumber.runChild(Cucumber.java:65)
	at org.junit.runners.ParentRunner$3.run(ParentRunner.java:290)
	at org.junit.runners.ParentRunner$1.schedule(ParentRunner.java:71)
	at org.junit.runners.ParentRunner.runChildren(ParentRunner.java:288)
	at org.junit.runners.ParentRunner.access$000(ParentRunner.java:58)
	at org.junit.runners.ParentRunner$2.evaluate(ParentRunner.java:268)
	at io.cucumber.junit.Cucumber$RunCucumber.evaluate(Cucumber.java:174)
	at org.junit.runners.ParentRunner.run(ParentRunner.java:363)
	at org.junit.runner.JUnitCore.run(JUnitCore.java:137)
	at org.junit.runner.JUnitCore.run(JUnitCore.java:115)
	at org.junit.vintage.engine.execution.RunnerExecutor.execute(RunnerExecutor.java:40)
	at java.util.stream.ForEachOps$ForEachOp$OfRef.accept(ForEachOps.java:184)
	at java.util.stream.ReferencePipeline$3$1.accept(ReferencePipeline.java:193)
	at java.util.Iterator.forEachRemaining(Iterator.java:116)
	at java.util.Spliterators$IteratorSpliterator.forEachRemaining(Spliterators.java:1801)
	at java.util.stream.AbstractPipeline.copyInto(AbstractPipeline.java:481)
	at java.util.stream.AbstractPipeline.wrapAndCopyInto(AbstractPipeline.java:471)
	at java.util.stream.ForEachOps$ForEachOp.evaluateSequential(ForEachOps.java:151)
	at java.util.stream.ForEachOps$ForEachOp$OfRef.evaluateSequential(ForEachOps.java:174)
	at java.util.stream.AbstractPipeline.evaluate(AbstractPipeline.java:234)
	at java.util.stream.ReferencePipeline.forEach(ReferencePipeline.java:418)
	at org.junit.vintage.engine.VintageTestEngine.executeAllChildren(VintageTestEngine.java:80)
	at org.junit.vintage.engine.VintageTestEngine.execute(VintageTestEngine.java:71)
	at org.junit.platform.launcher.core.DefaultLauncher.execute(DefaultLauncher.java:220)
	at org.junit.platform.launcher.core.DefaultLauncher.lambda$execute$6(DefaultLauncher.java:188)
	at org.junit.platform.launcher.core.DefaultLauncher.withInterceptedStreams(DefaultLauncher.java:202)
	at org.junit.platform.launcher.core.DefaultLauncher.execute(DefaultLauncher.java:181)
	at org.junit.platform.launcher.core.DefaultLauncher.execute(DefaultLauncher.java:128)
	at org.gradle.api.internal.tasks.testing.junitplatform.JUnitPlatformTestClassProcessor$CollectAllTestClassesExecutor.processAllTestClasses(JUnitPlatformTestClassProcessor.java:102)
	at org.gradle.api.internal.tasks.testing.junitplatform.JUnitPlatformTestClassProcessor$CollectAllTestClassesExecutor.access$000(JUnitPlatformTestClassProcessor.java:82)
	at org.gradle.api.internal.tasks.testing.junitplatform.JUnitPlatformTestClassProcessor.stop(JUnitPlatformTestClassProcessor.java:78)
	at org.gradle.api.internal.tasks.testing.SuiteTestClassProcessor.stop(SuiteTestClassProcessor.java:61)
	at sun.reflect.NativeMethodAccessorImpl.invoke0(Native Method)
	at sun.reflect.NativeMethodAccessorImpl.invoke(NativeMethodAccessorImpl.java:62)
	at sun.reflect.DelegatingMethodAccessorImpl.invoke(DelegatingMethodAccessorImpl.java:43)
	at java.lang.reflect.Method.invoke(Method.java:498)
	at org.gradle.internal.dispatch.ReflectionDispatch.dispatch(ReflectionDispatch.java:36)
	at org.gradle.internal.dispatch.ReflectionDispatch.dispatch(ReflectionDispatch.java:24)
	at org.gradle.internal.dispatch.ContextClassLoaderDispatch.dispatch(ContextClassLoaderDispatch.java:33)
	at org.gradle.internal.dispatch.ProxyDispatchAdapter$DispatchingInvocationHandler.invoke(ProxyDispatchAdapter.java:94)
	at com.sun.proxy.$Proxy2.stop(Unknown Source)
	at org.gradle.api.internal.tasks.testing.worker.TestWorker.stop(TestWorker.java:132)
	at sun.reflect.NativeMethodAccessorImpl.invoke0(Native Method)
	at sun.reflect.NativeMethodAccessorImpl.invoke(NativeMethodAccessorImpl.java:62)
	at sun.reflect.DelegatingMethodAccessorImpl.invoke(DelegatingMethodAccessorImpl.java:43)
	at java.lang.reflect.Method.invoke(Method.java:498)
	at org.gradle.internal.dispatch.ReflectionDispatch.dispatch(ReflectionDispatch.java:36)
	at org.gradle.internal.dispatch.ReflectionDispatch.dispatch(ReflectionDispatch.java:24)
	at org.gradle.internal.remote.internal.hub.MessageHubBackedObjectConnection$DispatchWrapper.dispatch(MessageHubBackedObjectConnection.java:182)
	at org.gradle.internal.remote.internal.hub.MessageHubBackedObjectConnection$DispatchWrapper.dispatch(MessageHubBackedObjectConnection.java:164)
	at org.gradle.internal.remote.internal.hub.MessageHub$Handler.run(MessageHub.java:412)
	at org.gradle.internal.concurrent.ExecutorPolicy$CatchAndRecordFailures.onExecute(ExecutorPolicy.java:64)
	at org.gradle.internal.concurrent.ManagedExecutorImpl$1.run(ManagedExecutorImpl.java:48)
	at java.util.concurrent.ThreadPoolExecutor.runWorker(ThreadPoolExecutor.java:1149)
	at java.util.concurrent.ThreadPoolExecutor$Worker.run(ThreadPoolExecutor.java:624)
	at org.gradle.internal.concurrent.ThreadFactoryImpl$ManagedThreadRunnable.run(ThreadFactoryImpl.java:56)
	at java.lang.Thread.run(Thread.java:748)
</failure>
  </testcase>
  <testcase name="Move of player blocked by wall" classname="ca.mcgill.ecse223.quoridor.features.CucumberTestsRunner" time="0.008">
    <failure message="org.opentest4j.MultipleFailuresError: Multiple Failures (8 failures)&#10;&#9;java.lang.UnsupportedOperationException: Query method get-player-of-current-turn is not implemented yet&#10;&#9;io.cucumber.junit.UndefinedThrowable: The step &quot;The player is located at 3:3&quot; is undefined&#10;&#9;io.cucumber.junit.UndefinedThrowable: The step &quot;There is a &quot;vertical&quot; wall &quot;up&quot; from the player&quot; is undefined&#10;&#9;io.cucumber.junit.UndefinedThrowable: The step &quot;My opponent is not &quot;up&quot; from the player&quot; is undefined&#10;&#9;io.cucumber.junit.UndefinedThrowable: The step &quot;Player &quot;white&quot; initiates to move &quot;up&quot;&quot; is undefined&#10;&#9;io.cucumber.junit.UndefinedThrowable: The step &quot;The move &quot;up&quot; shall be &quot;success&quot;&quot; is undefined&#10;&#9;io.cucumber.junit.UndefinedThrowable: The step &quot;Player's new position shall be 3:2&quot; is undefined&#10;&#9;io.cucumber.junit.UndefinedThrowable: The step &quot;The next player to move shall become &quot;&lt;nplayer&gt;&quot;&quot; is undefined" type="org.opentest4j.MultipleFailuresError">org.opentest4j.MultipleFailuresError: Multiple Failures (8 failures)
	java.lang.UnsupportedOperationException: Query method get-player-of-current-turn is not implemented yet
	io.cucumber.junit.UndefinedThrowable: The step &quot;The player is located at 3:3&quot; is undefined
	io.cucumber.junit.UndefinedThrowable: The step &quot;There is a &quot;vertical&quot; wall &quot;up&quot; from the player&quot; is undefined
	io.cucumber.junit.UndefinedThrowable: The step &quot;My opponent is not &quot;up&quot; from the player&quot; is undefined
	io.cucumber.junit.UndefinedThrowable: The step &quot;Player &quot;white&quot; initiates to move &quot;up&quot;&quot; is undefined
	io.cucumber.junit.UndefinedThrowable: The step &quot;The move &quot;up&quot; shall be &quot;success&quot;&quot; is undefined
	io.cucumber.junit.UndefinedThrowable: The step &quot;Player's new position shall be 3:2&quot; is undefined
	io.cucumber.junit.UndefinedThrowable: The step &quot;The next player to move shall become &quot;&lt;nplayer&gt;&quot;&quot; is undefined
	at org.junit.vintage.engine.execution.TestRun.getStoredResultOrSuccessful(TestRun.java:179)
	at org.junit.vintage.engine.execution.RunListenerAdapter.fireExecutionFinished(RunListenerAdapter.java:211)
	at org.junit.vintage.engine.execution.RunListenerAdapter.testFinished(RunListenerAdapter.java:177)
	at org.junit.vintage.engine.execution.RunListenerAdapter.testFinished(RunListenerAdapter.java:76)
	at org.junit.runner.notification.SynchronizedRunListener.testFinished(SynchronizedRunListener.java:56)
	at org.junit.runner.notification.RunNotifier$7.notifyListener(RunNotifier.java:190)
	at org.junit.runner.notification.RunNotifier$SafeNotifier.run(RunNotifier.java:72)
	at org.junit.runner.notification.RunNotifier.fireTestFinished(RunNotifier.java:187)
	at io.cucumber.junit.JUnitReporter$EachTestNotifier.fireTestFinished(JUnitReporter.java:253)
	at io.cucumber.junit.JUnitReporter.handleTestCaseResult(JUnitReporter.java:178)
	at io.cucumber.junit.JUnitReporter$4.receive(JUnitReporter.java:66)
	at io.cucumber.junit.JUnitReporter$4.receive(JUnitReporter.java:62)
	at cucumber.runner.AbstractEventPublisher.send(AbstractEventPublisher.java:45)
	at cucumber.runner.AbstractEventBus.send(AbstractEventBus.java:9)
	at cucumber.runner.ThreadLocalRunnerSupplier$LocalEventBus.send(ThreadLocalRunnerSupplier.java:60)
	at cucumber.runner.TestCase.run(TestCase.java:55)
	at cucumber.runner.Runner.runPickle(Runner.java:50)
	at io.cucumber.junit.PickleRunners$NoStepDescriptions.run(PickleRunners.java:146)
	at io.cucumber.junit.FeatureRunner.runChild(FeatureRunner.java:68)
	at io.cucumber.junit.FeatureRunner.runChild(FeatureRunner.java:23)
	at org.junit.runners.ParentRunner$3.run(ParentRunner.java:290)
	at org.junit.runners.ParentRunner$1.schedule(ParentRunner.java:71)
	at org.junit.runners.ParentRunner.runChildren(ParentRunner.java:288)
	at org.junit.runners.ParentRunner.access$000(ParentRunner.java:58)
	at org.junit.runners.ParentRunner$2.evaluate(ParentRunner.java:268)
	at org.junit.runners.ParentRunner.run(ParentRunner.java:363)
	at io.cucumber.junit.Cucumber.runChild(Cucumber.java:144)
	at io.cucumber.junit.Cucumber.runChild(Cucumber.java:65)
	at org.junit.runners.ParentRunner$3.run(ParentRunner.java:290)
	at org.junit.runners.ParentRunner$1.schedule(ParentRunner.java:71)
	at org.junit.runners.ParentRunner.runChildren(ParentRunner.java:288)
	at org.junit.runners.ParentRunner.access$000(ParentRunner.java:58)
	at org.junit.runners.ParentRunner$2.evaluate(ParentRunner.java:268)
	at io.cucumber.junit.Cucumber$RunCucumber.evaluate(Cucumber.java:174)
	at org.junit.runners.ParentRunner.run(ParentRunner.java:363)
	at org.junit.runner.JUnitCore.run(JUnitCore.java:137)
	at org.junit.runner.JUnitCore.run(JUnitCore.java:115)
	at org.junit.vintage.engine.execution.RunnerExecutor.execute(RunnerExecutor.java:40)
	at java.util.stream.ForEachOps$ForEachOp$OfRef.accept(ForEachOps.java:184)
	at java.util.stream.ReferencePipeline$3$1.accept(ReferencePipeline.java:193)
	at java.util.Iterator.forEachRemaining(Iterator.java:116)
	at java.util.Spliterators$IteratorSpliterator.forEachRemaining(Spliterators.java:1801)
	at java.util.stream.AbstractPipeline.copyInto(AbstractPipeline.java:481)
	at java.util.stream.AbstractPipeline.wrapAndCopyInto(AbstractPipeline.java:471)
	at java.util.stream.ForEachOps$ForEachOp.evaluateSequential(ForEachOps.java:151)
	at java.util.stream.ForEachOps$ForEachOp$OfRef.evaluateSequential(ForEachOps.java:174)
	at java.util.stream.AbstractPipeline.evaluate(AbstractPipeline.java:234)
	at java.util.stream.ReferencePipeline.forEach(ReferencePipeline.java:418)
	at org.junit.vintage.engine.VintageTestEngine.executeAllChildren(VintageTestEngine.java:80)
	at org.junit.vintage.engine.VintageTestEngine.execute(VintageTestEngine.java:71)
	at org.junit.platform.launcher.core.DefaultLauncher.execute(DefaultLauncher.java:220)
	at org.junit.platform.launcher.core.DefaultLauncher.lambda$execute$6(DefaultLauncher.java:188)
	at org.junit.platform.launcher.core.DefaultLauncher.withInterceptedStreams(DefaultLauncher.java:202)
	at org.junit.platform.launcher.core.DefaultLauncher.execute(DefaultLauncher.java:181)
	at org.junit.platform.launcher.core.DefaultLauncher.execute(DefaultLauncher.java:128)
	at org.gradle.api.internal.tasks.testing.junitplatform.JUnitPlatformTestClassProcessor$CollectAllTestClassesExecutor.processAllTestClasses(JUnitPlatformTestClassProcessor.java:102)
	at org.gradle.api.internal.tasks.testing.junitplatform.JUnitPlatformTestClassProcessor$CollectAllTestClassesExecutor.access$000(JUnitPlatformTestClassProcessor.java:82)
	at org.gradle.api.internal.tasks.testing.junitplatform.JUnitPlatformTestClassProcessor.stop(JUnitPlatformTestClassProcessor.java:78)
	at org.gradle.api.internal.tasks.testing.SuiteTestClassProcessor.stop(SuiteTestClassProcessor.java:61)
	at sun.reflect.NativeMethodAccessorImpl.invoke0(Native Method)
	at sun.reflect.NativeMethodAccessorImpl.invoke(NativeMethodAccessorImpl.java:62)
	at sun.reflect.DelegatingMethodAccessorImpl.invoke(DelegatingMethodAccessorImpl.java:43)
	at java.lang.reflect.Method.invoke(Method.java:498)
	at org.gradle.internal.dispatch.ReflectionDispatch.dispatch(ReflectionDispatch.java:36)
	at org.gradle.internal.dispatch.ReflectionDispatch.dispatch(ReflectionDispatch.java:24)
	at org.gradle.internal.dispatch.ContextClassLoaderDispatch.dispatch(ContextClassLoaderDispatch.java:33)
	at org.gradle.internal.dispatch.ProxyDispatchAdapter$DispatchingInvocationHandler.invoke(ProxyDispatchAdapter.java:94)
	at com.sun.proxy.$Proxy2.stop(Unknown Source)
	at org.gradle.api.internal.tasks.testing.worker.TestWorker.stop(TestWorker.java:132)
	at sun.reflect.NativeMethodAccessorImpl.invoke0(Native Method)
	at sun.reflect.NativeMethodAccessorImpl.invoke(NativeMethodAccessorImpl.java:62)
	at sun.reflect.DelegatingMethodAccessorImpl.invoke(DelegatingMethodAccessorImpl.java:43)
	at java.lang.reflect.Method.invoke(Method.java:498)
	at org.gradle.internal.dispatch.ReflectionDispatch.dispatch(ReflectionDispatch.java:36)
	at org.gradle.internal.dispatch.ReflectionDispatch.dispatch(ReflectionDispatch.java:24)
	at org.gradle.internal.remote.internal.hub.MessageHubBackedObjectConnection$DispatchWrapper.dispatch(MessageHubBackedObjectConnection.java:182)
	at org.gradle.internal.remote.internal.hub.MessageHubBackedObjectConnection$DispatchWrapper.dispatch(MessageHubBackedObjectConnection.java:164)
	at org.gradle.internal.remote.internal.hub.MessageHub$Handler.run(MessageHub.java:412)
	at org.gradle.internal.concurrent.ExecutorPolicy$CatchAndRecordFailures.onExecute(ExecutorPolicy.java:64)
	at org.gradle.internal.concurrent.ManagedExecutorImpl$1.run(ManagedExecutorImpl.java:48)
	at java.util.concurrent.ThreadPoolExecutor.runWorker(ThreadPoolExecutor.java:1149)
	at java.util.concurrent.ThreadPoolExecutor$Worker.run(ThreadPoolExecutor.java:624)
	at org.gradle.internal.concurrent.ThreadFactoryImpl$ManagedThreadRunnable.run(ThreadFactoryImpl.java:56)
	at java.lang.Thread.run(Thread.java:748)
</failure>
  </testcase>
  <testcase name="Move of player blocked by wall" classname="ca.mcgill.ecse223.quoridor.features.CucumberTestsRunner" time="0.003">
    <failure message="org.opentest4j.MultipleFailuresError: Multiple Failures (8 failures)&#10;&#9;java.lang.UnsupportedOperationException: Query method get-player-of-current-turn is not implemented yet&#10;&#9;io.cucumber.junit.UndefinedThrowable: The step &quot;The player is located at 3:3&quot; is undefined&#10;&#9;io.cucumber.junit.UndefinedThrowable: The step &quot;There is a &quot;horizontal&quot; wall &quot;down&quot; from the player&quot; is undefined&#10;&#9;io.cucumber.junit.UndefinedThrowable: The step &quot;My opponent is not &quot;down&quot; from the player&quot; is undefined&#10;&#9;io.cucumber.junit.UndefinedThrowable: The step &quot;Player &quot;white&quot; initiates to move &quot;down&quot;&quot; is undefined&#10;&#9;io.cucumber.junit.UndefinedThrowable: The step &quot;The move &quot;down&quot; shall be &quot;illegal&quot;&quot; is undefined&#10;&#9;io.cucumber.junit.UndefinedThrowable: The step &quot;Player's new position shall be 3:3&quot; is undefined&#10;&#9;io.cucumber.junit.UndefinedThrowable: The step &quot;The next player to move shall become &quot;&lt;nplayer&gt;&quot;&quot; is undefined" type="org.opentest4j.MultipleFailuresError">org.opentest4j.MultipleFailuresError: Multiple Failures (8 failures)
	java.lang.UnsupportedOperationException: Query method get-player-of-current-turn is not implemented yet
	io.cucumber.junit.UndefinedThrowable: The step &quot;The player is located at 3:3&quot; is undefined
	io.cucumber.junit.UndefinedThrowable: The step &quot;There is a &quot;horizontal&quot; wall &quot;down&quot; from the player&quot; is undefined
	io.cucumber.junit.UndefinedThrowable: The step &quot;My opponent is not &quot;down&quot; from the player&quot; is undefined
	io.cucumber.junit.UndefinedThrowable: The step &quot;Player &quot;white&quot; initiates to move &quot;down&quot;&quot; is undefined
	io.cucumber.junit.UndefinedThrowable: The step &quot;The move &quot;down&quot; shall be &quot;illegal&quot;&quot; is undefined
	io.cucumber.junit.UndefinedThrowable: The step &quot;Player's new position shall be 3:3&quot; is undefined
	io.cucumber.junit.UndefinedThrowable: The step &quot;The next player to move shall become &quot;&lt;nplayer&gt;&quot;&quot; is undefined
	at org.junit.vintage.engine.execution.TestRun.getStoredResultOrSuccessful(TestRun.java:179)
	at org.junit.vintage.engine.execution.RunListenerAdapter.fireExecutionFinished(RunListenerAdapter.java:211)
	at org.junit.vintage.engine.execution.RunListenerAdapter.testFinished(RunListenerAdapter.java:177)
	at org.junit.vintage.engine.execution.RunListenerAdapter.testFinished(RunListenerAdapter.java:76)
	at org.junit.runner.notification.SynchronizedRunListener.testFinished(SynchronizedRunListener.java:56)
	at org.junit.runner.notification.RunNotifier$7.notifyListener(RunNotifier.java:190)
	at org.junit.runner.notification.RunNotifier$SafeNotifier.run(RunNotifier.java:72)
	at org.junit.runner.notification.RunNotifier.fireTestFinished(RunNotifier.java:187)
	at io.cucumber.junit.JUnitReporter$EachTestNotifier.fireTestFinished(JUnitReporter.java:253)
	at io.cucumber.junit.JUnitReporter.handleTestCaseResult(JUnitReporter.java:178)
	at io.cucumber.junit.JUnitReporter$4.receive(JUnitReporter.java:66)
	at io.cucumber.junit.JUnitReporter$4.receive(JUnitReporter.java:62)
	at cucumber.runner.AbstractEventPublisher.send(AbstractEventPublisher.java:45)
	at cucumber.runner.AbstractEventBus.send(AbstractEventBus.java:9)
	at cucumber.runner.ThreadLocalRunnerSupplier$LocalEventBus.send(ThreadLocalRunnerSupplier.java:60)
	at cucumber.runner.TestCase.run(TestCase.java:55)
	at cucumber.runner.Runner.runPickle(Runner.java:50)
	at io.cucumber.junit.PickleRunners$NoStepDescriptions.run(PickleRunners.java:146)
	at io.cucumber.junit.FeatureRunner.runChild(FeatureRunner.java:68)
	at io.cucumber.junit.FeatureRunner.runChild(FeatureRunner.java:23)
	at org.junit.runners.ParentRunner$3.run(ParentRunner.java:290)
	at org.junit.runners.ParentRunner$1.schedule(ParentRunner.java:71)
	at org.junit.runners.ParentRunner.runChildren(ParentRunner.java:288)
	at org.junit.runners.ParentRunner.access$000(ParentRunner.java:58)
	at org.junit.runners.ParentRunner$2.evaluate(ParentRunner.java:268)
	at org.junit.runners.ParentRunner.run(ParentRunner.java:363)
	at io.cucumber.junit.Cucumber.runChild(Cucumber.java:144)
	at io.cucumber.junit.Cucumber.runChild(Cucumber.java:65)
	at org.junit.runners.ParentRunner$3.run(ParentRunner.java:290)
	at org.junit.runners.ParentRunner$1.schedule(ParentRunner.java:71)
	at org.junit.runners.ParentRunner.runChildren(ParentRunner.java:288)
	at org.junit.runners.ParentRunner.access$000(ParentRunner.java:58)
	at org.junit.runners.ParentRunner$2.evaluate(ParentRunner.java:268)
	at io.cucumber.junit.Cucumber$RunCucumber.evaluate(Cucumber.java:174)
	at org.junit.runners.ParentRunner.run(ParentRunner.java:363)
	at org.junit.runner.JUnitCore.run(JUnitCore.java:137)
	at org.junit.runner.JUnitCore.run(JUnitCore.java:115)
	at org.junit.vintage.engine.execution.RunnerExecutor.execute(RunnerExecutor.java:40)
	at java.util.stream.ForEachOps$ForEachOp$OfRef.accept(ForEachOps.java:184)
	at java.util.stream.ReferencePipeline$3$1.accept(ReferencePipeline.java:193)
	at java.util.Iterator.forEachRemaining(Iterator.java:116)
	at java.util.Spliterators$IteratorSpliterator.forEachRemaining(Spliterators.java:1801)
	at java.util.stream.AbstractPipeline.copyInto(AbstractPipeline.java:481)
	at java.util.stream.AbstractPipeline.wrapAndCopyInto(AbstractPipeline.java:471)
	at java.util.stream.ForEachOps$ForEachOp.evaluateSequential(ForEachOps.java:151)
	at java.util.stream.ForEachOps$ForEachOp$OfRef.evaluateSequential(ForEachOps.java:174)
	at java.util.stream.AbstractPipeline.evaluate(AbstractPipeline.java:234)
	at java.util.stream.ReferencePipeline.forEach(ReferencePipeline.java:418)
	at org.junit.vintage.engine.VintageTestEngine.executeAllChildren(VintageTestEngine.java:80)
	at org.junit.vintage.engine.VintageTestEngine.execute(VintageTestEngine.java:71)
	at org.junit.platform.launcher.core.DefaultLauncher.execute(DefaultLauncher.java:220)
	at org.junit.platform.launcher.core.DefaultLauncher.lambda$execute$6(DefaultLauncher.java:188)
	at org.junit.platform.launcher.core.DefaultLauncher.withInterceptedStreams(DefaultLauncher.java:202)
	at org.junit.platform.launcher.core.DefaultLauncher.execute(DefaultLauncher.java:181)
	at org.junit.platform.launcher.core.DefaultLauncher.execute(DefaultLauncher.java:128)
	at org.gradle.api.internal.tasks.testing.junitplatform.JUnitPlatformTestClassProcessor$CollectAllTestClassesExecutor.processAllTestClasses(JUnitPlatformTestClassProcessor.java:102)
	at org.gradle.api.internal.tasks.testing.junitplatform.JUnitPlatformTestClassProcessor$CollectAllTestClassesExecutor.access$000(JUnitPlatformTestClassProcessor.java:82)
	at org.gradle.api.internal.tasks.testing.junitplatform.JUnitPlatformTestClassProcessor.stop(JUnitPlatformTestClassProcessor.java:78)
	at org.gradle.api.internal.tasks.testing.SuiteTestClassProcessor.stop(SuiteTestClassProcessor.java:61)
	at sun.reflect.NativeMethodAccessorImpl.invoke0(Native Method)
	at sun.reflect.NativeMethodAccessorImpl.invoke(NativeMethodAccessorImpl.java:62)
	at sun.reflect.DelegatingMethodAccessorImpl.invoke(DelegatingMethodAccessorImpl.java:43)
	at java.lang.reflect.Method.invoke(Method.java:498)
	at org.gradle.internal.dispatch.ReflectionDispatch.dispatch(ReflectionDispatch.java:36)
	at org.gradle.internal.dispatch.ReflectionDispatch.dispatch(ReflectionDispatch.java:24)
	at org.gradle.internal.dispatch.ContextClassLoaderDispatch.dispatch(ContextClassLoaderDispatch.java:33)
	at org.gradle.internal.dispatch.ProxyDispatchAdapter$DispatchingInvocationHandler.invoke(ProxyDispatchAdapter.java:94)
	at com.sun.proxy.$Proxy2.stop(Unknown Source)
	at org.gradle.api.internal.tasks.testing.worker.TestWorker.stop(TestWorker.java:132)
	at sun.reflect.NativeMethodAccessorImpl.invoke0(Native Method)
	at sun.reflect.NativeMethodAccessorImpl.invoke(NativeMethodAccessorImpl.java:62)
	at sun.reflect.DelegatingMethodAccessorImpl.invoke(DelegatingMethodAccessorImpl.java:43)
	at java.lang.reflect.Method.invoke(Method.java:498)
	at org.gradle.internal.dispatch.ReflectionDispatch.dispatch(ReflectionDispatch.java:36)
	at org.gradle.internal.dispatch.ReflectionDispatch.dispatch(ReflectionDispatch.java:24)
	at org.gradle.internal.remote.internal.hub.MessageHubBackedObjectConnection$DispatchWrapper.dispatch(MessageHubBackedObjectConnection.java:182)
	at org.gradle.internal.remote.internal.hub.MessageHubBackedObjectConnection$DispatchWrapper.dispatch(MessageHubBackedObjectConnection.java:164)
	at org.gradle.internal.remote.internal.hub.MessageHub$Handler.run(MessageHub.java:412)
	at org.gradle.internal.concurrent.ExecutorPolicy$CatchAndRecordFailures.onExecute(ExecutorPolicy.java:64)
	at org.gradle.internal.concurrent.ManagedExecutorImpl$1.run(ManagedExecutorImpl.java:48)
	at java.util.concurrent.ThreadPoolExecutor.runWorker(ThreadPoolExecutor.java:1149)
	at java.util.concurrent.ThreadPoolExecutor$Worker.run(ThreadPoolExecutor.java:624)
	at org.gradle.internal.concurrent.ThreadFactoryImpl$ManagedThreadRunnable.run(ThreadFactoryImpl.java:56)
	at java.lang.Thread.run(Thread.java:748)
</failure>
  </testcase>
  <testcase name="Move of player blocked by wall" classname="ca.mcgill.ecse223.quoridor.features.CucumberTestsRunner" time="0.005">
    <failure message="org.opentest4j.MultipleFailuresError: Multiple Failures (8 failures)&#10;&#9;java.lang.UnsupportedOperationException: Query method get-player-of-current-turn is not implemented yet&#10;&#9;io.cucumber.junit.UndefinedThrowable: The step &quot;The player is located at 3:3&quot; is undefined&#10;&#9;io.cucumber.junit.UndefinedThrowable: The step &quot;There is a &quot;vertical&quot; wall &quot;down&quot; from the player&quot; is undefined&#10;&#9;io.cucumber.junit.UndefinedThrowable: The step &quot;My opponent is not &quot;down&quot; from the player&quot; is undefined&#10;&#9;io.cucumber.junit.UndefinedThrowable: The step &quot;Player &quot;white&quot; initiates to move &quot;down&quot;&quot; is undefined&#10;&#9;io.cucumber.junit.UndefinedThrowable: The step &quot;The move &quot;down&quot; shall be &quot;success&quot;&quot; is undefined&#10;&#9;io.cucumber.junit.UndefinedThrowable: The step &quot;Player's new position shall be 3:4&quot; is undefined&#10;&#9;io.cucumber.junit.UndefinedThrowable: The step &quot;The next player to move shall become &quot;&lt;nplayer&gt;&quot;&quot; is undefined" type="org.opentest4j.MultipleFailuresError">org.opentest4j.MultipleFailuresError: Multiple Failures (8 failures)
	java.lang.UnsupportedOperationException: Query method get-player-of-current-turn is not implemented yet
	io.cucumber.junit.UndefinedThrowable: The step &quot;The player is located at 3:3&quot; is undefined
	io.cucumber.junit.UndefinedThrowable: The step &quot;There is a &quot;vertical&quot; wall &quot;down&quot; from the player&quot; is undefined
	io.cucumber.junit.UndefinedThrowable: The step &quot;My opponent is not &quot;down&quot; from the player&quot; is undefined
	io.cucumber.junit.UndefinedThrowable: The step &quot;Player &quot;white&quot; initiates to move &quot;down&quot;&quot; is undefined
	io.cucumber.junit.UndefinedThrowable: The step &quot;The move &quot;down&quot; shall be &quot;success&quot;&quot; is undefined
	io.cucumber.junit.UndefinedThrowable: The step &quot;Player's new position shall be 3:4&quot; is undefined
	io.cucumber.junit.UndefinedThrowable: The step &quot;The next player to move shall become &quot;&lt;nplayer&gt;&quot;&quot; is undefined
	at org.junit.vintage.engine.execution.TestRun.getStoredResultOrSuccessful(TestRun.java:179)
	at org.junit.vintage.engine.execution.RunListenerAdapter.fireExecutionFinished(RunListenerAdapter.java:211)
	at org.junit.vintage.engine.execution.RunListenerAdapter.testFinished(RunListenerAdapter.java:177)
	at org.junit.vintage.engine.execution.RunListenerAdapter.testFinished(RunListenerAdapter.java:76)
	at org.junit.runner.notification.SynchronizedRunListener.testFinished(SynchronizedRunListener.java:56)
	at org.junit.runner.notification.RunNotifier$7.notifyListener(RunNotifier.java:190)
	at org.junit.runner.notification.RunNotifier$SafeNotifier.run(RunNotifier.java:72)
	at org.junit.runner.notification.RunNotifier.fireTestFinished(RunNotifier.java:187)
	at io.cucumber.junit.JUnitReporter$EachTestNotifier.fireTestFinished(JUnitReporter.java:253)
	at io.cucumber.junit.JUnitReporter.handleTestCaseResult(JUnitReporter.java:178)
	at io.cucumber.junit.JUnitReporter$4.receive(JUnitReporter.java:66)
	at io.cucumber.junit.JUnitReporter$4.receive(JUnitReporter.java:62)
	at cucumber.runner.AbstractEventPublisher.send(AbstractEventPublisher.java:45)
	at cucumber.runner.AbstractEventBus.send(AbstractEventBus.java:9)
	at cucumber.runner.ThreadLocalRunnerSupplier$LocalEventBus.send(ThreadLocalRunnerSupplier.java:60)
	at cucumber.runner.TestCase.run(TestCase.java:55)
	at cucumber.runner.Runner.runPickle(Runner.java:50)
	at io.cucumber.junit.PickleRunners$NoStepDescriptions.run(PickleRunners.java:146)
	at io.cucumber.junit.FeatureRunner.runChild(FeatureRunner.java:68)
	at io.cucumber.junit.FeatureRunner.runChild(FeatureRunner.java:23)
	at org.junit.runners.ParentRunner$3.run(ParentRunner.java:290)
	at org.junit.runners.ParentRunner$1.schedule(ParentRunner.java:71)
	at org.junit.runners.ParentRunner.runChildren(ParentRunner.java:288)
	at org.junit.runners.ParentRunner.access$000(ParentRunner.java:58)
	at org.junit.runners.ParentRunner$2.evaluate(ParentRunner.java:268)
	at org.junit.runners.ParentRunner.run(ParentRunner.java:363)
	at io.cucumber.junit.Cucumber.runChild(Cucumber.java:144)
	at io.cucumber.junit.Cucumber.runChild(Cucumber.java:65)
	at org.junit.runners.ParentRunner$3.run(ParentRunner.java:290)
	at org.junit.runners.ParentRunner$1.schedule(ParentRunner.java:71)
	at org.junit.runners.ParentRunner.runChildren(ParentRunner.java:288)
	at org.junit.runners.ParentRunner.access$000(ParentRunner.java:58)
	at org.junit.runners.ParentRunner$2.evaluate(ParentRunner.java:268)
	at io.cucumber.junit.Cucumber$RunCucumber.evaluate(Cucumber.java:174)
	at org.junit.runners.ParentRunner.run(ParentRunner.java:363)
	at org.junit.runner.JUnitCore.run(JUnitCore.java:137)
	at org.junit.runner.JUnitCore.run(JUnitCore.java:115)
	at org.junit.vintage.engine.execution.RunnerExecutor.execute(RunnerExecutor.java:40)
	at java.util.stream.ForEachOps$ForEachOp$OfRef.accept(ForEachOps.java:184)
	at java.util.stream.ReferencePipeline$3$1.accept(ReferencePipeline.java:193)
	at java.util.Iterator.forEachRemaining(Iterator.java:116)
	at java.util.Spliterators$IteratorSpliterator.forEachRemaining(Spliterators.java:1801)
	at java.util.stream.AbstractPipeline.copyInto(AbstractPipeline.java:481)
	at java.util.stream.AbstractPipeline.wrapAndCopyInto(AbstractPipeline.java:471)
	at java.util.stream.ForEachOps$ForEachOp.evaluateSequential(ForEachOps.java:151)
	at java.util.stream.ForEachOps$ForEachOp$OfRef.evaluateSequential(ForEachOps.java:174)
	at java.util.stream.AbstractPipeline.evaluate(AbstractPipeline.java:234)
	at java.util.stream.ReferencePipeline.forEach(ReferencePipeline.java:418)
	at org.junit.vintage.engine.VintageTestEngine.executeAllChildren(VintageTestEngine.java:80)
	at org.junit.vintage.engine.VintageTestEngine.execute(VintageTestEngine.java:71)
	at org.junit.platform.launcher.core.DefaultLauncher.execute(DefaultLauncher.java:220)
	at org.junit.platform.launcher.core.DefaultLauncher.lambda$execute$6(DefaultLauncher.java:188)
	at org.junit.platform.launcher.core.DefaultLauncher.withInterceptedStreams(DefaultLauncher.java:202)
	at org.junit.platform.launcher.core.DefaultLauncher.execute(DefaultLauncher.java:181)
	at org.junit.platform.launcher.core.DefaultLauncher.execute(DefaultLauncher.java:128)
	at org.gradle.api.internal.tasks.testing.junitplatform.JUnitPlatformTestClassProcessor$CollectAllTestClassesExecutor.processAllTestClasses(JUnitPlatformTestClassProcessor.java:102)
	at org.gradle.api.internal.tasks.testing.junitplatform.JUnitPlatformTestClassProcessor$CollectAllTestClassesExecutor.access$000(JUnitPlatformTestClassProcessor.java:82)
	at org.gradle.api.internal.tasks.testing.junitplatform.JUnitPlatformTestClassProcessor.stop(JUnitPlatformTestClassProcessor.java:78)
	at org.gradle.api.internal.tasks.testing.SuiteTestClassProcessor.stop(SuiteTestClassProcessor.java:61)
	at sun.reflect.NativeMethodAccessorImpl.invoke0(Native Method)
	at sun.reflect.NativeMethodAccessorImpl.invoke(NativeMethodAccessorImpl.java:62)
	at sun.reflect.DelegatingMethodAccessorImpl.invoke(DelegatingMethodAccessorImpl.java:43)
	at java.lang.reflect.Method.invoke(Method.java:498)
	at org.gradle.internal.dispatch.ReflectionDispatch.dispatch(ReflectionDispatch.java:36)
	at org.gradle.internal.dispatch.ReflectionDispatch.dispatch(ReflectionDispatch.java:24)
	at org.gradle.internal.dispatch.ContextClassLoaderDispatch.dispatch(ContextClassLoaderDispatch.java:33)
	at org.gradle.internal.dispatch.ProxyDispatchAdapter$DispatchingInvocationHandler.invoke(ProxyDispatchAdapter.java:94)
	at com.sun.proxy.$Proxy2.stop(Unknown Source)
	at org.gradle.api.internal.tasks.testing.worker.TestWorker.stop(TestWorker.java:132)
	at sun.reflect.NativeMethodAccessorImpl.invoke0(Native Method)
	at sun.reflect.NativeMethodAccessorImpl.invoke(NativeMethodAccessorImpl.java:62)
	at sun.reflect.DelegatingMethodAccessorImpl.invoke(DelegatingMethodAccessorImpl.java:43)
	at java.lang.reflect.Method.invoke(Method.java:498)
	at org.gradle.internal.dispatch.ReflectionDispatch.dispatch(ReflectionDispatch.java:36)
	at org.gradle.internal.dispatch.ReflectionDispatch.dispatch(ReflectionDispatch.java:24)
	at org.gradle.internal.remote.internal.hub.MessageHubBackedObjectConnection$DispatchWrapper.dispatch(MessageHubBackedObjectConnection.java:182)
	at org.gradle.internal.remote.internal.hub.MessageHubBackedObjectConnection$DispatchWrapper.dispatch(MessageHubBackedObjectConnection.java:164)
	at org.gradle.internal.remote.internal.hub.MessageHub$Handler.run(MessageHub.java:412)
	at org.gradle.internal.concurrent.ExecutorPolicy$CatchAndRecordFailures.onExecute(ExecutorPolicy.java:64)
	at org.gradle.internal.concurrent.ManagedExecutorImpl$1.run(ManagedExecutorImpl.java:48)
	at java.util.concurrent.ThreadPoolExecutor.runWorker(ThreadPoolExecutor.java:1149)
	at java.util.concurrent.ThreadPoolExecutor$Worker.run(ThreadPoolExecutor.java:624)
	at org.gradle.internal.concurrent.ThreadFactoryImpl$ManagedThreadRunnable.run(ThreadFactoryImpl.java:56)
	at java.lang.Thread.run(Thread.java:748)
</failure>
  </testcase>
  <testcase name="Move wall over the board" classname="ca.mcgill.ecse223.quoridor.features.CucumberTestsRunner" time="0.007">
    <skipped/>
  </testcase>
  <testcase name="Move wall over the board" classname="ca.mcgill.ecse223.quoridor.features.CucumberTestsRunner" time="0.011">
    <skipped/>
  </testcase>
  <testcase name="Move wall over the board" classname="ca.mcgill.ecse223.quoridor.features.CucumberTestsRunner" time="0.036">
    <skipped/>
  </testcase>
  <testcase name="Move wall over the board" classname="ca.mcgill.ecse223.quoridor.features.CucumberTestsRunner" time="0.005">
    <skipped/>
  </testcase>
  <testcase name="Move wall at the edge of the board" classname="ca.mcgill.ecse223.quoridor.features.CucumberTestsRunner" time="0.003">
    <skipped/>
  </testcase>
  <testcase name="Move wall at the edge of the board" classname="ca.mcgill.ecse223.quoridor.features.CucumberTestsRunner" time="0.007">
    <skipped/>
  </testcase>
  <testcase name="Move wall at the edge of the board" classname="ca.mcgill.ecse223.quoridor.features.CucumberTestsRunner" time="0.004">
    <skipped/>
  </testcase>
  <testcase name="Move wall at the edge of the board" classname="ca.mcgill.ecse223.quoridor.features.CucumberTestsRunner" time="0.003">
    <skipped/>
  </testcase>
  <testcase name="Select existing user name" classname="ca.mcgill.ecse223.quoridor.features.CucumberTestsRunner" time="0.006">
    <skipped/>
  </testcase>
  <testcase name="Select existing user name" classname="ca.mcgill.ecse223.quoridor.features.CucumberTestsRunner" time="0.004">
    <skipped/>
  </testcase>
  <testcase name="Create new user name" classname="ca.mcgill.ecse223.quoridor.features.CucumberTestsRunner" time="0.009">
    <skipped/>
  </testcase>
  <testcase name="Create new user name" classname="ca.mcgill.ecse223.quoridor.features.CucumberTestsRunner" time="0.001">
    <skipped/>
  </testcase>
  <testcase name="User name already exists" classname="ca.mcgill.ecse223.quoridor.features.CucumberTestsRunner" time="0.002">
    <skipped/>
  </testcase>
  <testcase name="User name already exists" classname="ca.mcgill.ecse223.quoridor.features.CucumberTestsRunner" time="0.001">
    <skipped/>
  </testcase>
  <testcase name="Flip wall from horizontal to vertical or vice versa" classname="ca.mcgill.ecse223.quoridor.features.CucumberTestsRunner" time="0.004">
    <skipped/>
  </testcase>
  <testcase name="Flip wall from horizontal to vertical or vice versa" classname="ca.mcgill.ecse223.quoridor.features.CucumberTestsRunner" time="0.023">
    <skipped/>
  </testcase>
  <testcase name="Save position" classname="ca.mcgill.ecse223.quoridor.features.CucumberTestsRunner" time="0.013">
    <failure message="java.lang.UnsupportedOperationException: Method Save Position is not implemented yet" type="java.lang.UnsupportedOperationException">java.lang.UnsupportedOperationException: Method Save Position is not implemented yet
	at ca.mcgill.ecse223.quoridor.controller.QuoridorController.savePosition(QuoridorController.java:285)
	at ca.mcgill.ecse223.quoridor.features.CucumberStepDefinitions.fileWithFilenameIsCreatedInTheFilesystem(CucumberStepDefinitions.java:457)
	at ✽.A file with &quot;save_game_test.dat&quot; shall be created in the filesystem(file:src/test/resources/ca/mcgill/ecse223/quoridor/features/SavePosition.feature:10)
</failure>
  </testcase>
  <testcase name="Save position with existing file name" classname="ca.mcgill.ecse223.quoridor.features.CucumberTestsRunner" time="0.001">
    <failure message="java.lang.AssertionError" type="java.lang.AssertionError">java.lang.AssertionError
	at org.junit.Assert.fail(Assert.java:86)
	at org.junit.Assert.assertTrue(Assert.java:41)
	at org.junit.Assert.assertTrue(Assert.java:52)
	at ca.mcgill.ecse223.quoridor.features.CucumberStepDefinitions.fileExistsInTheFilesystem(CucumberStepDefinitions.java:473)
	at ✽.File &quot;save_game_test.dat&quot; exists in the filesystem(file:src/test/resources/ca/mcgill/ecse223/quoridor/features/SavePosition.feature:17)
</failure>
  </testcase>
  <testcase name="Save position cancelled due to existing file name" classname="ca.mcgill.ecse223.quoridor.features.CucumberTestsRunner" time="0.001">
    <failure message="java.lang.AssertionError" type="java.lang.AssertionError">java.lang.AssertionError
	at org.junit.Assert.fail(Assert.java:86)
	at org.junit.Assert.assertTrue(Assert.java:41)
	at org.junit.Assert.assertTrue(Assert.java:52)
	at ca.mcgill.ecse223.quoridor.features.CucumberStepDefinitions.fileExistsInTheFilesystem(CucumberStepDefinitions.java:473)
	at ✽.File &quot;save_game_test.dat&quot; exists in the filesystem(file:src/test/resources/ca/mcgill/ecse223/quoridor/features/SavePosition.feature:27)
</failure>
  </testcase>
  <testcase name="Set thinking time for players" classname="ca.mcgill.ecse223.quoridor.features.CucumberTestsRunner" time="0.004">
    <failure message="java.lang.UnsupportedOperationException" type="java.lang.UnsupportedOperationException">java.lang.UnsupportedOperationException
	at ca.mcgill.ecse223.quoridor.controller.QuoridorController.setTime(QuoridorController.java:118)
	at ca.mcgill.ecse223.quoridor.features.CucumberStepDefinitions.setAsThinkingTime(CucumberStepDefinitions.java:401)
	at ✽.5:13 is set as the thinking time(file:src/test/resources/ca/mcgill/ecse223/quoridor/features/SetTotalThinkingTime.feature:10)
</failure>
  </testcase>
  <testcase name="Set thinking time for players" classname="ca.mcgill.ecse223.quoridor.features.CucumberTestsRunner" time="0.003">
    <failure message="java.lang.UnsupportedOperationException" type="java.lang.UnsupportedOperationException">java.lang.UnsupportedOperationException
	at ca.mcgill.ecse223.quoridor.controller.QuoridorController.setTime(QuoridorController.java:118)
	at ca.mcgill.ecse223.quoridor.features.CucumberStepDefinitions.setAsThinkingTime(CucumberStepDefinitions.java:401)
	at ✽.10:00 is set as the thinking time(file:src/test/resources/ca/mcgill/ecse223/quoridor/features/SetTotalThinkingTime.feature:10)
</failure>
  </testcase>
  <testcase name="Initiate a new game" classname="ca.mcgill.ecse223.quoridor.features.CucumberTestsRunner" time="0.003">
    <skipped/>
  </testcase>
  <testcase name="Start clock" classname="ca.mcgill.ecse223.quoridor.features.CucumberTestsRunner" time="0.004">
    <skipped/>
  </testcase>
  <testcase name="Switch current player" classname="ca.mcgill.ecse223.quoridor.features.CucumberTestsRunner" time="0.029">
    <failure message="java.lang.UnsupportedOperationException: Query method get-player-of-current-turn is not implemented yet" type="java.lang.UnsupportedOperationException">java.lang.UnsupportedOperationException: Query method get-player-of-current-turn is not implemented yet
	at ca.mcgill.ecse223.quoridor.controller.QuoridorController.getPlayerOfCurrentTurn(QuoridorController.java:349)
	at ca.mcgill.ecse223.quoridor.features.CucumberStepDefinitions.playerToMoveIs(CucumberStepDefinitions.java:1066)
	at ✽.The player to move is &quot;white&quot;(file:src/test/resources/ca/mcgill/ecse223/quoridor/features/SwitchCurrentPlayer.feature:10)
</failure>
  </testcase>
  <testcase name="Switch current player" classname="ca.mcgill.ecse223.quoridor.features.CucumberTestsRunner" time="0.023">
    <failure message="java.lang.UnsupportedOperationException: Query method get-player-of-current-turn is not implemented yet" type="java.lang.UnsupportedOperationException">java.lang.UnsupportedOperationException: Query method get-player-of-current-turn is not implemented yet
	at ca.mcgill.ecse223.quoridor.controller.QuoridorController.getPlayerOfCurrentTurn(QuoridorController.java:349)
	at ca.mcgill.ecse223.quoridor.features.CucumberStepDefinitions.playerToMoveIs(CucumberStepDefinitions.java:1066)
	at ✽.The player to move is &quot;black&quot;(file:src/test/resources/ca/mcgill/ecse223/quoridor/features/SwitchCurrentPlayer.feature:10)
</failure>
  </testcase>
  <testcase name="Validate pawn position" classname="ca.mcgill.ecse223.quoridor.features.CucumberTestsRunner" time="0.006">
    <failure message="java.lang.UnsupportedOperationException" type="java.lang.UnsupportedOperationException">java.lang.UnsupportedOperationException
	at ca.mcgill.ecse223.quoridor.controller.QuoridorController.validatePawnPlacement(QuoridorController.java:225)
	at ca.mcgill.ecse223.quoridor.features.CucumberStepDefinitions.validationOfThePositionIsInitiated(CucumberStepDefinitions.java:1004)
	at ✽.Validation of the position is initiated(file:src/test/resources/ca/mcgill/ecse223/quoridor/features/ValidatePosition.feature:10)
</failure>
  </testcase>
  <testcase name="Validate pawn position" classname="ca.mcgill.ecse223.quoridor.features.CucumberTestsRunner" time="0.006">
    <failure message="java.lang.UnsupportedOperationException" type="java.lang.UnsupportedOperationException">java.lang.UnsupportedOperationException
	at ca.mcgill.ecse223.quoridor.controller.QuoridorController.validatePawnPlacement(QuoridorController.java:225)
	at ca.mcgill.ecse223.quoridor.features.CucumberStepDefinitions.validationOfThePositionIsInitiated(CucumberStepDefinitions.java:1004)
	at ✽.Validation of the position is initiated(file:src/test/resources/ca/mcgill/ecse223/quoridor/features/ValidatePosition.feature:10)
</failure>
  </testcase>
  <testcase name="Validate pawn position" classname="ca.mcgill.ecse223.quoridor.features.CucumberTestsRunner" time="0.003">
    <failure message="java.lang.UnsupportedOperationException" type="java.lang.UnsupportedOperationException">java.lang.UnsupportedOperationException
	at ca.mcgill.ecse223.quoridor.controller.QuoridorController.validatePawnPlacement(QuoridorController.java:225)
	at ca.mcgill.ecse223.quoridor.features.CucumberStepDefinitions.validationOfThePositionIsInitiated(CucumberStepDefinitions.java:1004)
	at ✽.Validation of the position is initiated(file:src/test/resources/ca/mcgill/ecse223/quoridor/features/ValidatePosition.feature:10)
</failure>
  </testcase>
  <testcase name="Validate pawn position" classname="ca.mcgill.ecse223.quoridor.features.CucumberTestsRunner" time="0.003">
    <failure message="java.lang.UnsupportedOperationException" type="java.lang.UnsupportedOperationException">java.lang.UnsupportedOperationException
	at ca.mcgill.ecse223.quoridor.controller.QuoridorController.validatePawnPlacement(QuoridorController.java:225)
	at ca.mcgill.ecse223.quoridor.features.CucumberStepDefinitions.validationOfThePositionIsInitiated(CucumberStepDefinitions.java:1004)
	at ✽.Validation of the position is initiated(file:src/test/resources/ca/mcgill/ecse223/quoridor/features/ValidatePosition.feature:10)
</failure>
  </testcase>
  <testcase name="Validate pawn position" classname="ca.mcgill.ecse223.quoridor.features.CucumberTestsRunner" time="0.004">
    <failure message="java.lang.UnsupportedOperationException" type="java.lang.UnsupportedOperationException">java.lang.UnsupportedOperationException
	at ca.mcgill.ecse223.quoridor.controller.QuoridorController.validatePawnPlacement(QuoridorController.java:225)
	at ca.mcgill.ecse223.quoridor.features.CucumberStepDefinitions.validationOfThePositionIsInitiated(CucumberStepDefinitions.java:1004)
	at ✽.Validation of the position is initiated(file:src/test/resources/ca/mcgill/ecse223/quoridor/features/ValidatePosition.feature:10)
</failure>
  </testcase>
  <testcase name="Validate pawn position" classname="ca.mcgill.ecse223.quoridor.features.CucumberTestsRunner" time="0.018">
    <failure message="java.lang.UnsupportedOperationException" type="java.lang.UnsupportedOperationException">java.lang.UnsupportedOperationException
	at ca.mcgill.ecse223.quoridor.controller.QuoridorController.validatePawnPlacement(QuoridorController.java:225)
	at ca.mcgill.ecse223.quoridor.features.CucumberStepDefinitions.validationOfThePositionIsInitiated(CucumberStepDefinitions.java:1004)
	at ✽.Validation of the position is initiated(file:src/test/resources/ca/mcgill/ecse223/quoridor/features/ValidatePosition.feature:10)
</failure>
  </testcase>
  <testcase name="Validate pawn position" classname="ca.mcgill.ecse223.quoridor.features.CucumberTestsRunner" time="0.023">
    <failure message="java.lang.UnsupportedOperationException" type="java.lang.UnsupportedOperationException">java.lang.UnsupportedOperationException
	at ca.mcgill.ecse223.quoridor.controller.QuoridorController.validatePawnPlacement(QuoridorController.java:225)
	at ca.mcgill.ecse223.quoridor.features.CucumberStepDefinitions.validationOfThePositionIsInitiated(CucumberStepDefinitions.java:1004)
	at ✽.Validation of the position is initiated(file:src/test/resources/ca/mcgill/ecse223/quoridor/features/ValidatePosition.feature:10)
</failure>
  </testcase>
  <testcase name="Validate pawn position" classname="ca.mcgill.ecse223.quoridor.features.CucumberTestsRunner" time="0.132">
    <failure message="java.lang.UnsupportedOperationException" type="java.lang.UnsupportedOperationException">java.lang.UnsupportedOperationException
	at ca.mcgill.ecse223.quoridor.controller.QuoridorController.validatePawnPlacement(QuoridorController.java:225)
	at ca.mcgill.ecse223.quoridor.features.CucumberStepDefinitions.validationOfThePositionIsInitiated(CucumberStepDefinitions.java:1004)
	at ✽.Validation of the position is initiated(file:src/test/resources/ca/mcgill/ecse223/quoridor/features/ValidatePosition.feature:10)
</failure>
  </testcase>
  <testcase name="Validate pawn position" classname="ca.mcgill.ecse223.quoridor.features.CucumberTestsRunner" time="0.006">
    <failure message="java.lang.UnsupportedOperationException" type="java.lang.UnsupportedOperationException">java.lang.UnsupportedOperationException
	at ca.mcgill.ecse223.quoridor.controller.QuoridorController.validatePawnPlacement(QuoridorController.java:225)
	at ca.mcgill.ecse223.quoridor.features.CucumberStepDefinitions.validationOfThePositionIsInitiated(CucumberStepDefinitions.java:1004)
	at ✽.Validation of the position is initiated(file:src/test/resources/ca/mcgill/ecse223/quoridor/features/ValidatePosition.feature:10)
</failure>
  </testcase>
  <testcase name="Validate wall position" classname="ca.mcgill.ecse223.quoridor.features.CucumberTestsRunner" time="0.006">
    <failure message="java.lang.UnsupportedOperationException" type="java.lang.UnsupportedOperationException">java.lang.UnsupportedOperationException
	at ca.mcgill.ecse223.quoridor.controller.QuoridorController.validateWallPlacement(QuoridorController.java:270)
	at ca.mcgill.ecse223.quoridor.features.CucumberStepDefinitions.validationOfThePositionIsInitiated(CucumberStepDefinitions.java:1007)
	at ✽.Validation of the position is initiated(file:src/test/resources/ca/mcgill/ecse223/quoridor/features/ValidatePosition.feature:27)
</failure>
  </testcase>
  <testcase name="Validate wall position" classname="ca.mcgill.ecse223.quoridor.features.CucumberTestsRunner" time="0.002">
    <failure message="java.lang.UnsupportedOperationException" type="java.lang.UnsupportedOperationException">java.lang.UnsupportedOperationException
	at ca.mcgill.ecse223.quoridor.controller.QuoridorController.validateWallPlacement(QuoridorController.java:270)
	at ca.mcgill.ecse223.quoridor.features.CucumberStepDefinitions.validationOfThePositionIsInitiated(CucumberStepDefinitions.java:1007)
	at ✽.Validation of the position is initiated(file:src/test/resources/ca/mcgill/ecse223/quoridor/features/ValidatePosition.feature:27)
</failure>
  </testcase>
  <testcase name="Validate wall position" classname="ca.mcgill.ecse223.quoridor.features.CucumberTestsRunner" time="0.007">
    <failure message="java.lang.UnsupportedOperationException" type="java.lang.UnsupportedOperationException">java.lang.UnsupportedOperationException
	at ca.mcgill.ecse223.quoridor.controller.QuoridorController.validateWallPlacement(QuoridorController.java:270)
	at ca.mcgill.ecse223.quoridor.features.CucumberStepDefinitions.validationOfThePositionIsInitiated(CucumberStepDefinitions.java:1007)
	at ✽.Validation of the position is initiated(file:src/test/resources/ca/mcgill/ecse223/quoridor/features/ValidatePosition.feature:27)
</failure>
  </testcase>
  <testcase name="Validate wall position" classname="ca.mcgill.ecse223.quoridor.features.CucumberTestsRunner" time="0.002">
    <failure message="java.lang.UnsupportedOperationException" type="java.lang.UnsupportedOperationException">java.lang.UnsupportedOperationException
	at ca.mcgill.ecse223.quoridor.controller.QuoridorController.validateWallPlacement(QuoridorController.java:270)
	at ca.mcgill.ecse223.quoridor.features.CucumberStepDefinitions.validationOfThePositionIsInitiated(CucumberStepDefinitions.java:1007)
	at ✽.Validation of the position is initiated(file:src/test/resources/ca/mcgill/ecse223/quoridor/features/ValidatePosition.feature:27)
</failure>
  </testcase>
  <testcase name="Validate wall position" classname="ca.mcgill.ecse223.quoridor.features.CucumberTestsRunner" time="0.005">
    <failure message="java.lang.UnsupportedOperationException" type="java.lang.UnsupportedOperationException">java.lang.UnsupportedOperationException
	at ca.mcgill.ecse223.quoridor.controller.QuoridorController.validateWallPlacement(QuoridorController.java:270)
	at ca.mcgill.ecse223.quoridor.features.CucumberStepDefinitions.validationOfThePositionIsInitiated(CucumberStepDefinitions.java:1007)
	at ✽.Validation of the position is initiated(file:src/test/resources/ca/mcgill/ecse223/quoridor/features/ValidatePosition.feature:27)
</failure>
  </testcase>
  <testcase name="Validate wall position" classname="ca.mcgill.ecse223.quoridor.features.CucumberTestsRunner" time="0.002">
    <failure message="java.lang.UnsupportedOperationException" type="java.lang.UnsupportedOperationException">java.lang.UnsupportedOperationException
	at ca.mcgill.ecse223.quoridor.controller.QuoridorController.validateWallPlacement(QuoridorController.java:270)
	at ca.mcgill.ecse223.quoridor.features.CucumberStepDefinitions.validationOfThePositionIsInitiated(CucumberStepDefinitions.java:1007)
	at ✽.Validation of the position is initiated(file:src/test/resources/ca/mcgill/ecse223/quoridor/features/ValidatePosition.feature:27)
</failure>
  </testcase>
  <testcase name="Validate wall position" classname="ca.mcgill.ecse223.quoridor.features.CucumberTestsRunner" time="0.008">
    <failure message="java.lang.UnsupportedOperationException" type="java.lang.UnsupportedOperationException">java.lang.UnsupportedOperationException
	at ca.mcgill.ecse223.quoridor.controller.QuoridorController.validateWallPlacement(QuoridorController.java:270)
	at ca.mcgill.ecse223.quoridor.features.CucumberStepDefinitions.validationOfThePositionIsInitiated(CucumberStepDefinitions.java:1007)
	at ✽.Validation of the position is initiated(file:src/test/resources/ca/mcgill/ecse223/quoridor/features/ValidatePosition.feature:27)
</failure>
  </testcase>
  <testcase name="Validate overlapping walls (all valid)" classname="ca.mcgill.ecse223.quoridor.features.CucumberTestsRunner" time="0.018">
    <failure message="java.lang.UnsupportedOperationException" type="java.lang.UnsupportedOperationException">java.lang.UnsupportedOperationException
	at ca.mcgill.ecse223.quoridor.controller.QuoridorController.validatePawnPlacement(QuoridorController.java:225)
	at ca.mcgill.ecse223.quoridor.features.CucumberStepDefinitions.validationOfThePositionIsInitiated(CucumberStepDefinitions.java:1004)
	at ✽.Validation of the position is initiated(file:src/test/resources/ca/mcgill/ecse223/quoridor/features/ValidatePosition.feature:45)
</failure>
  </testcase>
  <testcase name="Validate overlapping walls (invalid-1)" classname="ca.mcgill.ecse223.quoridor.features.CucumberTestsRunner" time="0.006">
    <failure message="java.lang.UnsupportedOperationException" type="java.lang.UnsupportedOperationException">java.lang.UnsupportedOperationException
	at ca.mcgill.ecse223.quoridor.controller.QuoridorController.validatePawnPlacement(QuoridorController.java:225)
	at ca.mcgill.ecse223.quoridor.features.CucumberStepDefinitions.validationOfThePositionIsInitiated(CucumberStepDefinitions.java:1004)
	at ✽.Validation of the position is initiated(file:src/test/resources/ca/mcgill/ecse223/quoridor/features/ValidatePosition.feature:53)
</failure>
  </testcase>
  <testcase name="Validate overlapping walls (invalid-2)" classname="ca.mcgill.ecse223.quoridor.features.CucumberTestsRunner" time="0.008">
    <failure message="java.lang.UnsupportedOperationException" type="java.lang.UnsupportedOperationException">java.lang.UnsupportedOperationException
	at ca.mcgill.ecse223.quoridor.controller.QuoridorController.validatePawnPlacement(QuoridorController.java:225)
	at ca.mcgill.ecse223.quoridor.features.CucumberStepDefinitions.validationOfThePositionIsInitiated(CucumberStepDefinitions.java:1004)
	at ✽.Validation of the position is initiated(file:src/test/resources/ca/mcgill/ecse223/quoridor/features/ValidatePosition.feature:61)
</failure>
  </testcase>
  <testcase name="Validate overlapping walls (invalid-3)" classname="ca.mcgill.ecse223.quoridor.features.CucumberTestsRunner" time="0.004">
    <failure message="java.lang.UnsupportedOperationException" type="java.lang.UnsupportedOperationException">java.lang.UnsupportedOperationException
	at ca.mcgill.ecse223.quoridor.controller.QuoridorController.validatePawnPlacement(QuoridorController.java:225)
	at ca.mcgill.ecse223.quoridor.features.CucumberStepDefinitions.validationOfThePositionIsInitiated(CucumberStepDefinitions.java:1004)
	at ✽.Validation of the position is initiated(file:src/test/resources/ca/mcgill/ecse223/quoridor/features/ValidatePosition.feature:69)
</failure>
  </testcase>
  <system-out><![CDATA[Feature: Drop Wall
  As a player, I wish to drop a wall after I navigated it to a designated 
  (valid) target position in order to register my wall placement as my move.

  Scenario Outline: Valid wall placement ?[90m# src/test/resources/ca/mcgill/ecse223/quoridor/features/DropWall.feature:14?[0m
    ?[36mGiven The wall move candidate with "<dir>" at position (<row>, <col>) is valid?[0m
    ?[36mWhen I release the wall in my hand?[0m
    ?[36mThen A wall move shall be registered with "<dir>" at position (<row>, <col>)?[0m
    ?[36mAnd I shall not have a wall in my hand?[0m
    ?[36mAnd My move shall be completed?[0m
    ?[36mAnd It shall not be my turn to move?[0m

    Examples: 

  Background:                                   ?[90m# src/test/resources/ca/mcgill/ecse223/quoridor/features/DropWall.feature:5?[0m
    ?[32mGiven ?[0m?[32mThe game is running?[0m                   ?[90m# CucumberStepDefinitions.theGameIsRunning()?[0m

    ?[32mGiven ?[0m?[32mThe following walls exist:?[0m            ?[90m# CucumberStepDefinitions.theFollowingWallsExist(DataTable)?[0m
    ?[32mAnd ?[0m?[32mIt is my turn to move?[0m                   ?[90m# CucumberStepDefinitions.itIsMyTurnToMove()?[0m
    ?[33mAnd ?[0m?[33mI have a wall in my hand over the board?[0m ?[90m# CucumberStepDefinitions.iHaveAWallInMyHandOverTheBoard()?[0m
      ?[33mcucumber.api.PendingException: TODO: implement me
	at ca.mcgill.ecse223.quoridor.features.CucumberStepDefinitions.iHaveAWallInMyHandOverTheBoard(CucumberStepDefinitions.java:133)
	at ✽.I have a wall in my hand over the board(file:src/test/resources/ca/mcgill/ecse223/quoridor/features/DropWall.feature:12)
?[0m

  Scenario Outline: Valid wall placement                                        ?[90m# src/test/resources/ca/mcgill/ecse223/quoridor/features/DropWall.feature:24?[0m
    ?[36mGiven ?[0m?[36mThe wall move candidate with ?[0m?[36m?[1m"horizontal"?[0m?[36m at position (?[0m?[36m?[1m3?[0m?[36m, ?[0m?[36m?[1m2?[0m?[36m) is valid?[0m ?[90m# CucumberStepDefinitions.wallMoveCandidateIsValid(String,int,int)?[0m
    ?[36mWhen ?[0m?[36mI release the wall in my hand?[0m                                          ?[90m# CucumberStepDefinitions.realeaseWall()?[0m
    ?[36mThen ?[0m?[36mA wall move shall be registered with ?[0m?[36m?[1m"horizontal"?[0m?[36m at position (?[0m?[36m?[1m3?[0m?[36m, ?[0m?[36m?[1m2?[0m?[36m)?[0m   ?[90m# CucumberStepDefinitions.aWallIsRegisteredAt(String,int,int)?[0m
    ?[36mAnd ?[0m?[36mI shall not have a wall in my hand?[0m                                      ?[90m# CucumberStepDefinitions.removeWallFromHand()?[0m
    ?[36mAnd ?[0m?[36mMy move shall be completed?[0m                                              ?[90m# CucumberStepDefinitions.CompleteMove()?[0m
    ?[36mAnd ?[0m?[36mIt shall not be my turn to move?[0m                                         ?[90m# CucumberStepDefinitions.finishMove()?[0m

  Background:                                   ?[90m# src/test/resources/ca/mcgill/ecse223/quoridor/features/DropWall.feature:5?[0m
    ?[32mGiven ?[0m?[32mThe game is running?[0m                   ?[90m# CucumberStepDefinitions.theGameIsRunning()?[0m

    ?[32mGiven ?[0m?[32mThe following walls exist:?[0m            ?[90m# CucumberStepDefinitions.theFollowingWallsExist(DataTable)?[0m
    ?[32mAnd ?[0m?[32mIt is my turn to move?[0m                   ?[90m# CucumberStepDefinitions.itIsMyTurnToMove()?[0m
    ?[33mAnd ?[0m?[33mI have a wall in my hand over the board?[0m ?[90m# CucumberStepDefinitions.iHaveAWallInMyHandOverTheBoard()?[0m
      ?[33mcucumber.api.PendingException: TODO: implement me
	at ca.mcgill.ecse223.quoridor.features.CucumberStepDefinitions.iHaveAWallInMyHandOverTheBoard(CucumberStepDefinitions.java:133)
	at ✽.I have a wall in my hand over the board(file:src/test/resources/ca/mcgill/ecse223/quoridor/features/DropWall.feature:12)
?[0m

  Scenario Outline: Valid wall placement                                      ?[90m# src/test/resources/ca/mcgill/ecse223/quoridor/features/DropWall.feature:25?[0m
    ?[36mGiven ?[0m?[36mThe wall move candidate with ?[0m?[36m?[1m"vertical"?[0m?[36m at position (?[0m?[36m?[1m5?[0m?[36m, ?[0m?[36m?[1m6?[0m?[36m) is valid?[0m ?[90m# CucumberStepDefinitions.wallMoveCandidateIsValid(String,int,int)?[0m
    ?[36mWhen ?[0m?[36mI release the wall in my hand?[0m                                        ?[90m# CucumberStepDefinitions.realeaseWall()?[0m
    ?[36mThen ?[0m?[36mA wall move shall be registered with ?[0m?[36m?[1m"vertical"?[0m?[36m at position (?[0m?[36m?[1m5?[0m?[36m, ?[0m?[36m?[1m6?[0m?[36m)?[0m   ?[90m# CucumberStepDefinitions.aWallIsRegisteredAt(String,int,int)?[0m
    ?[36mAnd ?[0m?[36mI shall not have a wall in my hand?[0m                                    ?[90m# CucumberStepDefinitions.removeWallFromHand()?[0m
    ?[36mAnd ?[0m?[36mMy move shall be completed?[0m                                            ?[90m# CucumberStepDefinitions.CompleteMove()?[0m
    ?[36mAnd ?[0m?[36mIt shall not be my turn to move?[0m                                       ?[90m# CucumberStepDefinitions.finishMove()?[0m

  Scenario Outline: Invalid wall placement ?[90m# src/test/resources/ca/mcgill/ecse223/quoridor/features/DropWall.feature:27?[0m
    ?[36mGiven The wall move candidate with "<dir>" at position (<row>, <col>) is invalid?[0m
    ?[36mWhen I release the wall in my hand?[0m
    ?[36mThen I shall be notified that my wall move is invalid?[0m
    ?[36mAnd I shall have a wall in my hand over the board?[0m
    ?[36mAnd It shall be my turn to move?[0m
    ?[36mBut No wall move shall be registered with "<dir>" at position (<row>, <col>)?[0m

    Examples: 

  Background:                                   ?[90m# src/test/resources/ca/mcgill/ecse223/quoridor/features/DropWall.feature:5?[0m
    ?[32mGiven ?[0m?[32mThe game is running?[0m                   ?[90m# CucumberStepDefinitions.theGameIsRunning()?[0m

    ?[32mGiven ?[0m?[32mThe following walls exist:?[0m            ?[90m# CucumberStepDefinitions.theFollowingWallsExist(DataTable)?[0m
    ?[32mAnd ?[0m?[32mIt is my turn to move?[0m                   ?[90m# CucumberStepDefinitions.itIsMyTurnToMove()?[0m
    ?[33mAnd ?[0m?[33mI have a wall in my hand over the board?[0m ?[90m# CucumberStepDefinitions.iHaveAWallInMyHandOverTheBoard()?[0m
      ?[33mcucumber.api.PendingException: TODO: implement me
	at ca.mcgill.ecse223.quoridor.features.CucumberStepDefinitions.iHaveAWallInMyHandOverTheBoard(CucumberStepDefinitions.java:133)
	at ✽.I have a wall in my hand over the board(file:src/test/resources/ca/mcgill/ecse223/quoridor/features/DropWall.feature:12)
?[0m

  Scenario Outline: Invalid wall placement                                      ?[90m# src/test/resources/ca/mcgill/ecse223/quoridor/features/DropWall.feature:37?[0m
    ?[36mGiven ?[0m?[36mThe wall move candidate with ?[0m?[36m?[1m"vertical"?[0m?[36m at position (?[0m?[36m?[1m1?[0m?[36m, ?[0m?[36m?[1m1?[0m?[36m) is invalid?[0m ?[90m# CucumberStepDefinitions.wallMoveCandidateIsInvalid(String,int,int)?[0m
    ?[36mWhen ?[0m?[36mI release the wall in my hand?[0m                                          ?[90m# CucumberStepDefinitions.realeaseWall()?[0m
    ?[36mThen ?[0m?[36mI shall be notified that my wall move is invalid?[0m                       ?[90m# CucumberStepDefinitions.invalidWallMove()?[0m
    ?[36mAnd ?[0m?[36mI shall have a wall in my hand over the board?[0m                           ?[90m# CucumberStepDefinitions.wallOverBoard()?[0m
    ?[36mAnd ?[0m?[36mIt shall be my turn to move?[0m                                             ?[90m# CucumberStepDefinitions.continueMove()?[0m
    ?[36mBut ?[0m?[36mNo wall move shall be registered with ?[0m?[36m?[1m"vertical"?[0m?[36m at position (?[0m?[36m?[1m1?[0m?[36m, ?[0m?[36m?[1m1?[0m?[36m)?[0m     ?[90m# CucumberStepDefinitions.unregisteredWallMove(String,int,int)?[0m

  Background:                                   ?[90m# src/test/resources/ca/mcgill/ecse223/quoridor/features/DropWall.feature:5?[0m
    ?[32mGiven ?[0m?[32mThe game is running?[0m                   ?[90m# CucumberStepDefinitions.theGameIsRunning()?[0m

    ?[32mGiven ?[0m?[32mThe following walls exist:?[0m            ?[90m# CucumberStepDefinitions.theFollowingWallsExist(DataTable)?[0m
    ?[32mAnd ?[0m?[32mIt is my turn to move?[0m                   ?[90m# CucumberStepDefinitions.itIsMyTurnToMove()?[0m
    ?[33mAnd ?[0m?[33mI have a wall in my hand over the board?[0m ?[90m# CucumberStepDefinitions.iHaveAWallInMyHandOverTheBoard()?[0m
      ?[33mcucumber.api.PendingException: TODO: implement me
	at ca.mcgill.ecse223.quoridor.features.CucumberStepDefinitions.iHaveAWallInMyHandOverTheBoard(CucumberStepDefinitions.java:133)
	at ✽.I have a wall in my hand over the board(file:src/test/resources/ca/mcgill/ecse223/quoridor/features/DropWall.feature:12)
?[0m

  Scenario Outline: Invalid wall placement                                        ?[90m# src/test/resources/ca/mcgill/ecse223/quoridor/features/DropWall.feature:38?[0m
    ?[36mGiven ?[0m?[36mThe wall move candidate with ?[0m?[36m?[1m"horizontal"?[0m?[36m at position (?[0m?[36m?[1m1?[0m?[36m, ?[0m?[36m?[1m2?[0m?[36m) is invalid?[0m ?[90m# CucumberStepDefinitions.wallMoveCandidateIsInvalid(String,int,int)?[0m
    ?[36mWhen ?[0m?[36mI release the wall in my hand?[0m                                            ?[90m# CucumberStepDefinitions.realeaseWall()?[0m
    ?[36mThen ?[0m?[36mI shall be notified that my wall move is invalid?[0m                         ?[90m# CucumberStepDefinitions.invalidWallMove()?[0m
    ?[36mAnd ?[0m?[36mI shall have a wall in my hand over the board?[0m                             ?[90m# CucumberStepDefinitions.wallOverBoard()?[0m
    ?[36mAnd ?[0m?[36mIt shall be my turn to move?[0m                                               ?[90m# CucumberStepDefinitions.continueMove()?[0m
    ?[36mBut ?[0m?[36mNo wall move shall be registered with ?[0m?[36m?[1m"horizontal"?[0m?[36m at position (?[0m?[36m?[1m1?[0m?[36m, ?[0m?[36m?[1m2?[0m?[36m)?[0m     ?[90m# CucumberStepDefinitions.unregisteredWallMove(String,int,int)?[0m

  Background:                                   ?[90m# src/test/resources/ca/mcgill/ecse223/quoridor/features/DropWall.feature:5?[0m
    ?[32mGiven ?[0m?[32mThe game is running?[0m                   ?[90m# CucumberStepDefinitions.theGameIsRunning()?[0m

    ?[32mGiven ?[0m?[32mThe following walls exist:?[0m            ?[90m# CucumberStepDefinitions.theFollowingWallsExist(DataTable)?[0m
    ?[32mAnd ?[0m?[32mIt is my turn to move?[0m                   ?[90m# CucumberStepDefinitions.itIsMyTurnToMove()?[0m
    ?[33mAnd ?[0m?[33mI have a wall in my hand over the board?[0m ?[90m# CucumberStepDefinitions.iHaveAWallInMyHandOverTheBoard()?[0m
      ?[33mcucumber.api.PendingException: TODO: implement me
	at ca.mcgill.ecse223.quoridor.features.CucumberStepDefinitions.iHaveAWallInMyHandOverTheBoard(CucumberStepDefinitions.java:133)
	at ✽.I have a wall in my hand over the board(file:src/test/resources/ca/mcgill/ecse223/quoridor/features/DropWall.feature:12)
?[0m

  Scenario Outline: Invalid wall placement                                        ?[90m# src/test/resources/ca/mcgill/ecse223/quoridor/features/DropWall.feature:39?[0m
    ?[36mGiven ?[0m?[36mThe wall move candidate with ?[0m?[36m?[1m"horizontal"?[0m?[36m at position (?[0m?[36m?[1m7?[0m?[36m, ?[0m?[36m?[1m4?[0m?[36m) is invalid?[0m ?[90m# CucumberStepDefinitions.wallMoveCandidateIsInvalid(String,int,int)?[0m
    ?[36mWhen ?[0m?[36mI release the wall in my hand?[0m                                            ?[90m# CucumberStepDefinitions.realeaseWall()?[0m
    ?[36mThen ?[0m?[36mI shall be notified that my wall move is invalid?[0m                         ?[90m# CucumberStepDefinitions.invalidWallMove()?[0m
    ?[36mAnd ?[0m?[36mI shall have a wall in my hand over the board?[0m                             ?[90m# CucumberStepDefinitions.wallOverBoard()?[0m
    ?[36mAnd ?[0m?[36mIt shall be my turn to move?[0m                                               ?[90m# CucumberStepDefinitions.continueMove()?[0m
    ?[36mBut ?[0m?[36mNo wall move shall be registered with ?[0m?[36m?[1m"horizontal"?[0m?[36m at position (?[0m?[36m?[1m7?[0m?[36m, ?[0m?[36m?[1m4?[0m?[36m)?[0m     ?[90m# CucumberStepDefinitions.unregisteredWallMove(String,int,int)?[0m

  Background:                                   ?[90m# src/test/resources/ca/mcgill/ecse223/quoridor/features/DropWall.feature:5?[0m
    ?[32mGiven ?[0m?[32mThe game is running?[0m                   ?[90m# CucumberStepDefinitions.theGameIsRunning()?[0m

    ?[32mGiven ?[0m?[32mThe following walls exist:?[0m            ?[90m# CucumberStepDefinitions.theFollowingWallsExist(DataTable)?[0m
    ?[32mAnd ?[0m?[32mIt is my turn to move?[0m                   ?[90m# CucumberStepDefinitions.itIsMyTurnToMove()?[0m
    ?[33mAnd ?[0m?[33mI have a wall in my hand over the board?[0m ?[90m# CucumberStepDefinitions.iHaveAWallInMyHandOverTheBoard()?[0m
      ?[33mcucumber.api.PendingException: TODO: implement me
	at ca.mcgill.ecse223.quoridor.features.CucumberStepDefinitions.iHaveAWallInMyHandOverTheBoard(CucumberStepDefinitions.java:133)
	at ✽.I have a wall in my hand over the board(file:src/test/resources/ca/mcgill/ecse223/quoridor/features/DropWall.feature:12)
?[0m

  Scenario Outline: Invalid wall placement                                      ?[90m# src/test/resources/ca/mcgill/ecse223/quoridor/features/DropWall.feature:40?[0m
    ?[36mGiven ?[0m?[36mThe wall move candidate with ?[0m?[36m?[1m"vertical"?[0m?[36m at position (?[0m?[36m?[1m6?[0m?[36m, ?[0m?[36m?[1m6?[0m?[36m) is invalid?[0m ?[90m# CucumberStepDefinitions.wallMoveCandidateIsInvalid(String,int,int)?[0m
    ?[36mWhen ?[0m?[36mI release the wall in my hand?[0m                                          ?[90m# CucumberStepDefinitions.realeaseWall()?[0m
    ?[36mThen ?[0m?[36mI shall be notified that my wall move is invalid?[0m                       ?[90m# CucumberStepDefinitions.invalidWallMove()?[0m
    ?[36mAnd ?[0m?[36mI shall have a wall in my hand over the board?[0m                           ?[90m# CucumberStepDefinitions.wallOverBoard()?[0m
    ?[36mAnd ?[0m?[36mIt shall be my turn to move?[0m                                             ?[90m# CucumberStepDefinitions.continueMove()?[0m
    ?[36mBut ?[0m?[36mNo wall move shall be registered with ?[0m?[36m?[1m"vertical"?[0m?[36m at position (?[0m?[36m?[1m6?[0m?[36m, ?[0m?[36m?[1m6?[0m?[36m)?[0m     ?[90m# CucumberStepDefinitions.unregisteredWallMove(String,int,int)?[0m

Feature: Grab Wall
  As a player, I want to grab one of my walls in my stock 
  to initiate wall placement as a move.

  Background:                           ?[90m# src/test/resources/ca/mcgill/ecse223/quoridor/features/GrabWall.feature:5?[0m
    ?[32mGiven ?[0m?[32mThe game is running?[0m           ?[90m# CucumberStepDefinitions.theGameIsRunning()?[0m
    ?[32mAnd ?[0m?[32mIt is my turn to move?[0m           ?[90m# CucumberStepDefinitions.itIsMyTurnToMove()?[0m
    ?[33mAnd ?[0m?[33mI do not have a wall in my hand?[0m ?[90m# CucumberStepDefinitions.iDoNotHaveAWallInMyHand()?[0m
      ?[33mcucumber.api.PendingException: TODO: implement me
	at ca.mcgill.ecse223.quoridor.features.CucumberStepDefinitions.iDoNotHaveAWallInMyHand(CucumberStepDefinitions.java:125)
	at ✽.I do not have a wall in my hand(file:src/test/resources/ca/mcgill/ecse223/quoridor/features/GrabWall.feature:8)
?[0m

  Scenario: Start wall placement                                    ?[90m# src/test/resources/ca/mcgill/ecse223/quoridor/features/GrabWall.feature:10?[0m
    ?[36mGiven ?[0m?[36mI have more walls on stock?[0m                                ?[90m# CucumberStepDefinitions.moreWallsOnStock()?[0m
    ?[36mWhen ?[0m?[36mI try to grab a wall from my stock?[0m                         ?[90m# CucumberStepDefinitions.playerTryToGrabWall()?[0m
    ?[36mThen ?[0m?[36mA wall move candidate shall be created at initial position?[0m ?[90m# CucumberStepDefinitions.createNewWallMoveCandidate()?[0m
    ?[36mAnd ?[0m?[36mI shall have a wall in my hand over the board?[0m               ?[90m# CucumberStepDefinitions.wallOverBoard()?[0m
    ?[36mAnd ?[0m?[36mThe wall in my hand shall disappear from my stock?[0m           ?[90m# CucumberStepDefinitions.removeWallFromStock()?[0m

  Background:                           ?[90m# src/test/resources/ca/mcgill/ecse223/quoridor/features/GrabWall.feature:5?[0m
    ?[32mGiven ?[0m?[32mThe game is running?[0m           ?[90m# CucumberStepDefinitions.theGameIsRunning()?[0m
    ?[32mAnd ?[0m?[32mIt is my turn to move?[0m           ?[90m# CucumberStepDefinitions.itIsMyTurnToMove()?[0m
    ?[33mAnd ?[0m?[33mI do not have a wall in my hand?[0m ?[90m# CucumberStepDefinitions.iDoNotHaveAWallInMyHand()?[0m
      ?[33mcucumber.api.PendingException: TODO: implement me
	at ca.mcgill.ecse223.quoridor.features.CucumberStepDefinitions.iDoNotHaveAWallInMyHand(CucumberStepDefinitions.java:125)
	at ✽.I do not have a wall in my hand(file:src/test/resources/ca/mcgill/ecse223/quoridor/features/GrabWall.feature:8)
?[0m

  Scenario: No more walls in stock                     ?[90m# src/test/resources/ca/mcgill/ecse223/quoridor/features/GrabWall.feature:17?[0m
    ?[36mGiven ?[0m?[36mI have no more walls on stock?[0m                ?[90m# CucumberStepDefinitions.noMoreWallsOnStock()?[0m
    ?[36mWhen ?[0m?[36mI try to grab a wall from my stock?[0m            ?[90m# CucumberStepDefinitions.playerTryToGrabWall()?[0m
    ?[36mThen ?[0m?[36mI shall be notified that I have no more walls?[0m ?[90m# CucumberStepDefinitions.notifNoMoreWalls()?[0m
    ?[36mAnd ?[0m?[36mI shall have no walls in my hand?[0m               ?[90m# CucumberStepDefinitions.noWallInHand()?[0m

Feature: Initialize Board
  As a player, I want to see the Quoridor board in its initial position and 
  my stock of walls and my clock is counting down 
  so that I can start playing the game. 

  Scenario: Initialize board                          ?[90m# src/test/resources/ca/mcgill/ecse223/quoridor/features/InitializeBoard.feature:6?[0m
    ?[33mWhen ?[0m?[33mThe initialization of the board is initiated?[0m ?[90m# CucumberStepDefinitions.initializationOfTheBoardInitiated()?[0m
      ?[33mcucumber.api.PendingException: TODO: implement me
	at ca.mcgill.ecse223.quoridor.features.CucumberStepDefinitions.initializationOfTheBoardInitiated(CucumberStepDefinitions.java:164)
	at ✽.The initialization of the board is initiated(file:src/test/resources/ca/mcgill/ecse223/quoridor/features/InitializeBoard.feature:7)
?[0m
    ?[36mThen ?[0m?[36mIt shall be white player to move?[0m             ?[90m# CucumberStepDefinitions.whitePlayerToMove()?[0m
    ?[36mAnd ?[0m?[36mWhite's pawn shall be in its initial position?[0m ?[90m# CucumberStepDefinitions.whitePawnBeAtInitialPosition()?[0m
    ?[36mAnd ?[0m?[36mBlack's pawn shall be in its initial position?[0m ?[90m# CucumberStepDefinitions.blackPawnBeAtInitialPosition()?[0m
    ?[36mAnd ?[0m?[36mAll of White's walls shall be in stock?[0m        ?[90m# CucumberStepDefinitions.allWhiteWallsBeInStock()?[0m
    ?[36mAnd ?[0m?[36mAll of Black's walls shall be in stock?[0m        ?[90m# CucumberStepDefinitions.allBlackWallsBeInStock()?[0m
    ?[36mAnd ?[0m?[36mWhite's clock shall be counting down?[0m          ?[90m# CucumberStepDefinitions.whiteClockShallBeCoutingDown()?[0m
    ?[36mAnd ?[0m?[36mIt shall be shown that this is White's turn?[0m   ?[90m# CucumberStepDefinitions.ShownThatIsWhiteTurn()?[0m

Feature: Load Position
  As a player, I want to continue a game from a given position as if this position were the current (starting) position of a new game.

  Scenario Outline: Load position ?[90m# src/test/resources/ca/mcgill/ecse223/quoridor/features/LoadPosition.feature:7?[0m
    ?[36mWhen I initiate to load a saved game "<filename>"?[0m
    ?[36mAnd The position to load is valid?[0m
    ?[36mThen It shall be "<player>"'s turn?[0m
    ?[36mAnd "<player>" shall be at <p_row>:<p_col>?[0m
    ?[36mAnd "<opponent>" shall be at <o_row>:<o_col>?[0m
    ?[36mAnd "<player>" shall have a <pw_orientation> wall at <pw_row>:<pw_col>?[0m
    ?[36mAnd "<opponent>" shall have a <ow_orientation> wall at <ow_row>:<ow_col>?[0m
    ?[36mAnd Both players shall have <remaining_walls> in their stacks?[0m
    ?[36mAnd It shall be "<player>"'s turn?[0m

    Examples: 

  Background:                     ?[90m# src/test/resources/ca/mcgill/ecse223/quoridor/features/LoadPosition.feature:4?[0m
    ?[32mGiven ?[0m?[32mThe game is not running?[0m ?[90m# CucumberStepDefinitions.theGameIsNotRunning()?[0m

  Scenario Outline: Load position                                   ?[90m# src/test/resources/ca/mcgill/ecse223/quoridor/features/LoadPosition.feature:20?[0m
    ?[31mWhen ?[0m?[31mI initiate to load a saved game ?[0m?[31m?[1m"quoridor_test_game_1.dat"?[0m ?[90m# CucumberStepDefinitions.iInitiateToLoadASavedGame(String)?[0m
      ?[31mjava.lang.UnsupportedOperationException: Method Load Position is not implemented yet
	at ca.mcgill.ecse223.quoridor.controller.QuoridorController.loadPosition(QuoridorController.java:322)
	at ca.mcgill.ecse223.quoridor.features.CucumberStepDefinitions.iInitiateToLoadASavedGame(CucumberStepDefinitions.java:540)
	at ✽.I initiate to load a saved game "quoridor_test_game_1.dat"(file:src/test/resources/ca/mcgill/ecse223/quoridor/features/LoadPosition.feature:8)
?[0m
    ?[36mAnd ?[0m?[36mThe position to load is valid?[0m                               ?[90m# CucumberStepDefinitions.positionToLoadIsValid()?[0m
    ?[36mThen ?[0m?[36mIt shall be ?[0m?[36m?[1m"black"?[0m?[36m's turn?[0m                                 ?[90m# CucumberStepDefinitions.itShallBePlayersTurn(String)?[0m
    ?[36mAnd ?[0m?[36m?[0m?[36m?[1m"black"?[0m?[36m shall be at ?[0m?[36m?[1m3?[0m?[36m:?[0m?[36m?[1m3?[0m                                     ?[90m# CucumberStepDefinitions.playerIsAtRowCol(String,int,int)?[0m
    ?[36mAnd ?[0m?[36m?[0m?[36m?[1m"white"?[0m?[36m shall be at ?[0m?[36m?[1m7?[0m?[36m:?[0m?[36m?[1m7?[0m                                     ?[90m# CucumberStepDefinitions.playerIsAtRowCol(String,int,int)?[0m
    ?[36mAnd ?[0m?[36m?[0m?[36m?[1m"black"?[0m?[36m shall have a ?[0m?[36m?[1mvertical?[0m?[36m wall at ?[0m?[36m?[1m5?[0m?[36m:?[0m?[36m?[1m5?[0m                   ?[90m# CucumberStepDefinitions.playerHasOrientedWallAtRowCol(String,String,int,int)?[0m
    ?[36mAnd ?[0m?[36m?[0m?[36m?[1m"white"?[0m?[36m shall have a ?[0m?[36m?[1mhorizontal?[0m?[36m wall at ?[0m?[36m?[1m1?[0m?[36m:?[0m?[36m?[1m1?[0m                 ?[90m# CucumberStepDefinitions.playerHasOrientedWallAtRowCol(String,String,int,int)?[0m
    ?[36mAnd ?[0m?[36mBoth players shall have ?[0m?[36m?[1m9?[0m?[36m in their stacks?[0m                   ?[90m# CucumberStepDefinitions.bothPlayersHaveWallCountInTheirStacks(int)?[0m
    ?[36mAnd ?[0m?[36mIt shall be ?[0m?[36m?[1m"black"?[0m?[36m's turn?[0m                                  ?[90m# CucumberStepDefinitions.itShallBePlayersTurn(String)?[0m

  Scenario Outline: Load invalid position ?[90m# src/test/resources/ca/mcgill/ecse223/quoridor/features/LoadPosition.feature:22?[0m
    ?[36mWhen I initiate to load a saved game "<filename>"?[0m
    ?[36mAnd The position to load is invalid?[0m
    ?[36mThen The load shall return an error?[0m

    Examples: 

  Background:                     ?[90m# src/test/resources/ca/mcgill/ecse223/quoridor/features/LoadPosition.feature:4?[0m
    ?[32mGiven ?[0m?[32mThe game is not running?[0m ?[90m# CucumberStepDefinitions.theGameIsNotRunning()?[0m

  Scenario Outline: Load invalid position                                      ?[90m# src/test/resources/ca/mcgill/ecse223/quoridor/features/LoadPosition.feature:29?[0m
    ?[31mWhen ?[0m?[31mI initiate to load a saved game ?[0m?[31m?[1m"quoridor_test_game_invalid_pawn.dat"?[0m ?[90m# CucumberStepDefinitions.iInitiateToLoadASavedGame(String)?[0m
      ?[31mjava.lang.UnsupportedOperationException: Method Load Position is not implemented yet
	at ca.mcgill.ecse223.quoridor.controller.QuoridorController.loadPosition(QuoridorController.java:322)
	at ca.mcgill.ecse223.quoridor.features.CucumberStepDefinitions.iInitiateToLoadASavedGame(CucumberStepDefinitions.java:540)
	at ✽.I initiate to load a saved game "quoridor_test_game_invalid_pawn.dat"(file:src/test/resources/ca/mcgill/ecse223/quoridor/features/LoadPosition.feature:23)
?[0m
    ?[36mAnd ?[0m?[36mThe position to load is invalid?[0m                                        ?[90m# CucumberStepDefinitions.positionToLoadIsInvalid()?[0m
    ?[36mThen ?[0m?[36mThe load shall return an error?[0m                                        ?[90m# CucumberStepDefinitions.loadReturns()?[0m

  Background:                     ?[90m# src/test/resources/ca/mcgill/ecse223/quoridor/features/LoadPosition.feature:4?[0m
    ?[32mGiven ?[0m?[32mThe game is not running?[0m ?[90m# CucumberStepDefinitions.theGameIsNotRunning()?[0m

  Scenario Outline: Load invalid position                                               ?[90m# src/test/resources/ca/mcgill/ecse223/quoridor/features/LoadPosition.feature:30?[0m
    ?[31mWhen ?[0m?[31mI initiate to load a saved game ?[0m?[31m?[1m"quoridor_test_game_invalid_wall_overlap_.dat"?[0m ?[90m# CucumberStepDefinitions.iInitiateToLoadASavedGame(String)?[0m
      ?[31mjava.lang.UnsupportedOperationException: Method Load Position is not implemented yet
	at ca.mcgill.ecse223.quoridor.controller.QuoridorController.loadPosition(QuoridorController.java:322)
	at ca.mcgill.ecse223.quoridor.features.CucumberStepDefinitions.iInitiateToLoadASavedGame(CucumberStepDefinitions.java:540)
	at ✽.I initiate to load a saved game "quoridor_test_game_invalid_wall_overlap_.dat"(file:src/test/resources/ca/mcgill/ecse223/quoridor/features/LoadPosition.feature:23)
?[0m
    ?[36mAnd ?[0m?[36mThe position to load is invalid?[0m                                                 ?[90m# CucumberStepDefinitions.positionToLoadIsInvalid()?[0m
    ?[36mThen ?[0m?[36mThe load shall return an error?[0m                                                 ?[90m# CucumberStepDefinitions.loadReturns()?[0m

  Background:                     ?[90m# src/test/resources/ca/mcgill/ecse223/quoridor/features/LoadPosition.feature:4?[0m
    ?[32mGiven ?[0m?[32mThe game is not running?[0m ?[90m# CucumberStepDefinitions.theGameIsNotRunning()?[0m

  Scenario Outline: Load invalid position                                                   ?[90m# src/test/resources/ca/mcgill/ecse223/quoridor/features/LoadPosition.feature:31?[0m
    ?[31mWhen ?[0m?[31mI initiate to load a saved game ?[0m?[31m?[1m"quoridor_test_game_invalid_wall_out-of-track.dat"?[0m ?[90m# CucumberStepDefinitions.iInitiateToLoadASavedGame(String)?[0m
      ?[31mjava.lang.UnsupportedOperationException: Method Load Position is not implemented yet
	at ca.mcgill.ecse223.quoridor.controller.QuoridorController.loadPosition(QuoridorController.java:322)
	at ca.mcgill.ecse223.quoridor.features.CucumberStepDefinitions.iInitiateToLoadASavedGame(CucumberStepDefinitions.java:540)
	at ✽.I initiate to load a saved game "quoridor_test_game_invalid_wall_out-of-track.dat"(file:src/test/resources/ca/mcgill/ecse223/quoridor/features/LoadPosition.feature:23)
?[0m
    ?[36mAnd ?[0m?[36mThe position to load is invalid?[0m                                                     ?[90m# CucumberStepDefinitions.positionToLoadIsInvalid()?[0m
    ?[36mThen ?[0m?[36mThe load shall return an error?[0m                                                     ?[90m# CucumberStepDefinitions.loadReturns()?[0m

Feature: Move Player
  As a player
  I want to move to a neighboring tile. 

  Scenario Outline: Move one tile ?[90m# src/test/resources/ca/mcgill/ecse223/quoridor/features/MovePlayer.feature:8?[0m
    ?[36mGiven The player to move is "<player>"?[0m
    ?[36mAnd The player is located at <row>:<col>?[0m
    ?[36mAnd There are no "<dir>" walls "<side>" from the player?[0m
    ?[36mAnd The opponent is not "<side>" from the player?[0m
    ?[36mWhen Player "<player>" initiates to move "<side>"?[0m
    ?[36mThen The move "<side>" shall be "<status>"?[0m
    ?[36mAnd Player's new position shall be <nrow>:<ncol>?[0m
    ?[36mAnd The next player to move shall become "<nplayer>"?[0m

    Examples: 

  Background:                 ?[90m# src/test/resources/ca/mcgill/ecse223/quoridor/features/MovePlayer.feature:5?[0m
    ?[32mGiven ?[0m?[32mThe game is running?[0m ?[90m# CucumberStepDefinitions.theGameIsRunning()?[0m

  Scenario Outline: Move one tile                            ?[90m# src/test/resources/ca/mcgill/ecse223/quoridor/features/MovePlayer.feature:19?[0m
    ?[31mGiven ?[0m?[31mThe player to move is ?[0m?[31m?[1m"white"?[0m                      ?[90m# CucumberStepDefinitions.playerToMoveIs(String)?[0m
      ?[31mjava.lang.UnsupportedOperationException: Query method get-player-of-current-turn is not implemented yet
	at ca.mcgill.ecse223.quoridor.controller.QuoridorController.getPlayerOfCurrentTurn(QuoridorController.java:349)
	at ca.mcgill.ecse223.quoridor.features.CucumberStepDefinitions.playerToMoveIs(CucumberStepDefinitions.java:1066)
	at ✽.The player to move is "white"(file:src/test/resources/ca/mcgill/ecse223/quoridor/features/MovePlayer.feature:9)
?[0m
    ?[33mAnd ?[0m?[33mThe player is located at 3:3?[0m                         ?[90m# null?[0m
    ?[33mAnd ?[0m?[33mThere are no "vertical" walls "left" from the player?[0m ?[90m# null?[0m
    ?[33mAnd ?[0m?[33mThe opponent is not "left" from the player?[0m           ?[90m# null?[0m
    ?[33mWhen ?[0m?[33mPlayer "white" initiates to move "left"?[0m             ?[90m# null?[0m
    ?[33mThen ?[0m?[33mThe move "left" shall be "success"?[0m                  ?[90m# null?[0m
    ?[33mAnd ?[0m?[33mPlayer's new position shall be 3:2?[0m                   ?[90m# null?[0m
    ?[33mAnd ?[0m?[33mThe next player to move shall become "black"?[0m         ?[90m# null?[0m

  Background:                 ?[90m# src/test/resources/ca/mcgill/ecse223/quoridor/features/MovePlayer.feature:5?[0m
    ?[32mGiven ?[0m?[32mThe game is running?[0m ?[90m# CucumberStepDefinitions.theGameIsRunning()?[0m

  Scenario Outline: Move one tile                            ?[90m# src/test/resources/ca/mcgill/ecse223/quoridor/features/MovePlayer.feature:20?[0m
    ?[31mGiven ?[0m?[31mThe player to move is ?[0m?[31m?[1m"white"?[0m                      ?[90m# CucumberStepDefinitions.playerToMoveIs(String)?[0m
      ?[31mjava.lang.UnsupportedOperationException: Query method get-player-of-current-turn is not implemented yet
	at ca.mcgill.ecse223.quoridor.controller.QuoridorController.getPlayerOfCurrentTurn(QuoridorController.java:349)
	at ca.mcgill.ecse223.quoridor.features.CucumberStepDefinitions.playerToMoveIs(CucumberStepDefinitions.java:1066)
	at ✽.The player to move is "white"(file:src/test/resources/ca/mcgill/ecse223/quoridor/features/MovePlayer.feature:9)
?[0m
    ?[33mAnd ?[0m?[33mThe player is located at 3:1?[0m                         ?[90m# null?[0m
    ?[33mAnd ?[0m?[33mThere are no "vertical" walls "left" from the player?[0m ?[90m# null?[0m
    ?[33mAnd ?[0m?[33mThe opponent is not "left" from the player?[0m           ?[90m# null?[0m
    ?[33mWhen ?[0m?[33mPlayer "white" initiates to move "left"?[0m             ?[90m# null?[0m
    ?[33mThen ?[0m?[33mThe move "left" shall be "illegal"?[0m                  ?[90m# null?[0m
    ?[33mAnd ?[0m?[33mPlayer's new position shall be 3:1?[0m                   ?[90m# null?[0m
    ?[33mAnd ?[0m?[33mThe next player to move shall become "white"?[0m         ?[90m# null?[0m

  Background:                 ?[90m# src/test/resources/ca/mcgill/ecse223/quoridor/features/MovePlayer.feature:5?[0m
    ?[32mGiven ?[0m?[32mThe game is running?[0m ?[90m# CucumberStepDefinitions.theGameIsRunning()?[0m

  Scenario Outline: Move one tile                             ?[90m# src/test/resources/ca/mcgill/ecse223/quoridor/features/MovePlayer.feature:21?[0m
    ?[31mGiven ?[0m?[31mThe player to move is ?[0m?[31m?[1m"white"?[0m                       ?[90m# CucumberStepDefinitions.playerToMoveIs(String)?[0m
      ?[31mjava.lang.UnsupportedOperationException: Query method get-player-of-current-turn is not implemented yet
	at ca.mcgill.ecse223.quoridor.controller.QuoridorController.getPlayerOfCurrentTurn(QuoridorController.java:349)
	at ca.mcgill.ecse223.quoridor.features.CucumberStepDefinitions.playerToMoveIs(CucumberStepDefinitions.java:1066)
	at ✽.The player to move is "white"(file:src/test/resources/ca/mcgill/ecse223/quoridor/features/MovePlayer.feature:9)
?[0m
    ?[33mAnd ?[0m?[33mThe player is located at 6:6?[0m                          ?[90m# null?[0m
    ?[33mAnd ?[0m?[33mThere are no "vertical" walls "right" from the player?[0m ?[90m# null?[0m
    ?[33mAnd ?[0m?[33mThe opponent is not "right" from the player?[0m           ?[90m# null?[0m
    ?[33mWhen ?[0m?[33mPlayer "white" initiates to move "right"?[0m             ?[90m# null?[0m
    ?[33mThen ?[0m?[33mThe move "right" shall be "success"?[0m                  ?[90m# null?[0m
    ?[33mAnd ?[0m?[33mPlayer's new position shall be 6:7?[0m                    ?[90m# null?[0m
    ?[33mAnd ?[0m?[33mThe next player to move shall become "black"?[0m          ?[90m# null?[0m

  Background:                 ?[90m# src/test/resources/ca/mcgill/ecse223/quoridor/features/MovePlayer.feature:5?[0m
    ?[32mGiven ?[0m?[32mThe game is running?[0m ?[90m# CucumberStepDefinitions.theGameIsRunning()?[0m

  Scenario Outline: Move one tile                             ?[90m# src/test/resources/ca/mcgill/ecse223/quoridor/features/MovePlayer.feature:22?[0m
    ?[31mGiven ?[0m?[31mThe player to move is ?[0m?[31m?[1m"white"?[0m                       ?[90m# CucumberStepDefinitions.playerToMoveIs(String)?[0m
      ?[31mjava.lang.UnsupportedOperationException: Query method get-player-of-current-turn is not implemented yet
	at ca.mcgill.ecse223.quoridor.controller.QuoridorController.getPlayerOfCurrentTurn(QuoridorController.java:349)
	at ca.mcgill.ecse223.quoridor.features.CucumberStepDefinitions.playerToMoveIs(CucumberStepDefinitions.java:1066)
	at ✽.The player to move is "white"(file:src/test/resources/ca/mcgill/ecse223/quoridor/features/MovePlayer.feature:9)
?[0m
    ?[33mAnd ?[0m?[33mThe player is located at 6:9?[0m                          ?[90m# null?[0m
    ?[33mAnd ?[0m?[33mThere are no "vertical" walls "right" from the player?[0m ?[90m# null?[0m
    ?[33mAnd ?[0m?[33mThe opponent is not "right" from the player?[0m           ?[90m# null?[0m
    ?[33mWhen ?[0m?[33mPlayer "white" initiates to move "right"?[0m             ?[90m# null?[0m
    ?[33mThen ?[0m?[33mThe move "right" shall be "illegal"?[0m                  ?[90m# null?[0m
    ?[33mAnd ?[0m?[33mPlayer's new position shall be 6:9?[0m                    ?[90m# null?[0m
    ?[33mAnd ?[0m?[33mThe next player to move shall become "white"?[0m          ?[90m# null?[0m

  Background:                 ?[90m# src/test/resources/ca/mcgill/ecse223/quoridor/features/MovePlayer.feature:5?[0m
    ?[32mGiven ?[0m?[32mThe game is running?[0m ?[90m# CucumberStepDefinitions.theGameIsRunning()?[0m

  Scenario Outline: Move one tile                            ?[90m# src/test/resources/ca/mcgill/ecse223/quoridor/features/MovePlayer.feature:23?[0m
    ?[31mGiven ?[0m?[31mThe player to move is ?[0m?[31m?[1m"white"?[0m                      ?[90m# CucumberStepDefinitions.playerToMoveIs(String)?[0m
      ?[31mjava.lang.UnsupportedOperationException: Query method get-player-of-current-turn is not implemented yet
	at ca.mcgill.ecse223.quoridor.controller.QuoridorController.getPlayerOfCurrentTurn(QuoridorController.java:349)
	at ca.mcgill.ecse223.quoridor.features.CucumberStepDefinitions.playerToMoveIs(CucumberStepDefinitions.java:1066)
	at ✽.The player to move is "white"(file:src/test/resources/ca/mcgill/ecse223/quoridor/features/MovePlayer.feature:9)
?[0m
    ?[33mAnd ?[0m?[33mThe player is located at 3:3?[0m                         ?[90m# null?[0m
    ?[33mAnd ?[0m?[33mThere are no "horizontal" walls "up" from the player?[0m ?[90m# null?[0m
    ?[33mAnd ?[0m?[33mThe opponent is not "up" from the player?[0m             ?[90m# null?[0m
    ?[33mWhen ?[0m?[33mPlayer "white" initiates to move "up"?[0m               ?[90m# null?[0m
    ?[33mThen ?[0m?[33mThe move "up" shall be "success"?[0m                    ?[90m# null?[0m
    ?[33mAnd ?[0m?[33mPlayer's new position shall be 2:3?[0m                   ?[90m# null?[0m
    ?[33mAnd ?[0m?[33mThe next player to move shall become "black"?[0m         ?[90m# null?[0m

  Background:                 ?[90m# src/test/resources/ca/mcgill/ecse223/quoridor/features/MovePlayer.feature:5?[0m
    ?[32mGiven ?[0m?[32mThe game is running?[0m ?[90m# CucumberStepDefinitions.theGameIsRunning()?[0m

  Scenario Outline: Move one tile                            ?[90m# src/test/resources/ca/mcgill/ecse223/quoridor/features/MovePlayer.feature:24?[0m
    ?[31mGiven ?[0m?[31mThe player to move is ?[0m?[31m?[1m"white"?[0m                      ?[90m# CucumberStepDefinitions.playerToMoveIs(String)?[0m
      ?[31mjava.lang.UnsupportedOperationException: Query method get-player-of-current-turn is not implemented yet
	at ca.mcgill.ecse223.quoridor.controller.QuoridorController.getPlayerOfCurrentTurn(QuoridorController.java:349)
	at ca.mcgill.ecse223.quoridor.features.CucumberStepDefinitions.playerToMoveIs(CucumberStepDefinitions.java:1066)
	at ✽.The player to move is "white"(file:src/test/resources/ca/mcgill/ecse223/quoridor/features/MovePlayer.feature:9)
?[0m
    ?[33mAnd ?[0m?[33mThe player is located at 1:3?[0m                         ?[90m# null?[0m
    ?[33mAnd ?[0m?[33mThere are no "horizontal" walls "up" from the player?[0m ?[90m# null?[0m
    ?[33mAnd ?[0m?[33mThe opponent is not "up" from the player?[0m             ?[90m# null?[0m
    ?[33mWhen ?[0m?[33mPlayer "white" initiates to move "up"?[0m               ?[90m# null?[0m
    ?[33mThen ?[0m?[33mThe move "up" shall be "illegal"?[0m                    ?[90m# null?[0m
    ?[33mAnd ?[0m?[33mPlayer's new position shall be 1:3?[0m                   ?[90m# null?[0m
    ?[33mAnd ?[0m?[33mThe next player to move shall become "white"?[0m         ?[90m# null?[0m

  Background:                 ?[90m# src/test/resources/ca/mcgill/ecse223/quoridor/features/MovePlayer.feature:5?[0m
    ?[32mGiven ?[0m?[32mThe game is running?[0m ?[90m# CucumberStepDefinitions.theGameIsRunning()?[0m

  Scenario Outline: Move one tile                              ?[90m# src/test/resources/ca/mcgill/ecse223/quoridor/features/MovePlayer.feature:25?[0m
    ?[31mGiven ?[0m?[31mThe player to move is ?[0m?[31m?[1m"white"?[0m                        ?[90m# CucumberStepDefinitions.playerToMoveIs(String)?[0m
      ?[31mjava.lang.UnsupportedOperationException: Query method get-player-of-current-turn is not implemented yet
	at ca.mcgill.ecse223.quoridor.controller.QuoridorController.getPlayerOfCurrentTurn(QuoridorController.java:349)
	at ca.mcgill.ecse223.quoridor.features.CucumberStepDefinitions.playerToMoveIs(CucumberStepDefinitions.java:1066)
	at ✽.The player to move is "white"(file:src/test/resources/ca/mcgill/ecse223/quoridor/features/MovePlayer.feature:9)
?[0m
    ?[33mAnd ?[0m?[33mThe player is located at 6:6?[0m                           ?[90m# null?[0m
    ?[33mAnd ?[0m?[33mThere are no "horizontal" walls "down" from the player?[0m ?[90m# null?[0m
    ?[33mAnd ?[0m?[33mThe opponent is not "down" from the player?[0m             ?[90m# null?[0m
    ?[33mWhen ?[0m?[33mPlayer "white" initiates to move "down"?[0m               ?[90m# null?[0m
    ?[33mThen ?[0m?[33mThe move "down" shall be "success"?[0m                    ?[90m# null?[0m
    ?[33mAnd ?[0m?[33mPlayer's new position shall be 7:6?[0m                     ?[90m# null?[0m
    ?[33mAnd ?[0m?[33mThe next player to move shall become "black"?[0m           ?[90m# null?[0m

  Background:                 ?[90m# src/test/resources/ca/mcgill/ecse223/quoridor/features/MovePlayer.feature:5?[0m
    ?[32mGiven ?[0m?[32mThe game is running?[0m ?[90m# CucumberStepDefinitions.theGameIsRunning()?[0m

  Scenario Outline: Move one tile                            ?[90m# src/test/resources/ca/mcgill/ecse223/quoridor/features/MovePlayer.feature:26?[0m
    ?[31mGiven ?[0m?[31mThe player to move is ?[0m?[31m?[1m"white"?[0m                      ?[90m# CucumberStepDefinitions.playerToMoveIs(String)?[0m
      ?[31mjava.lang.UnsupportedOperationException: Query method get-player-of-current-turn is not implemented yet
	at ca.mcgill.ecse223.quoridor.controller.QuoridorController.getPlayerOfCurrentTurn(QuoridorController.java:349)
	at ca.mcgill.ecse223.quoridor.features.CucumberStepDefinitions.playerToMoveIs(CucumberStepDefinitions.java:1066)
	at ✽.The player to move is "white"(file:src/test/resources/ca/mcgill/ecse223/quoridor/features/MovePlayer.feature:9)
?[0m
    ?[33mAnd ?[0m?[33mThe player is located at 9:6?[0m                         ?[90m# null?[0m
    ?[33mAnd ?[0m?[33mThere are no "horizontal" walls "up" from the player?[0m ?[90m# null?[0m
    ?[33mAnd ?[0m?[33mThe opponent is not "up" from the player?[0m             ?[90m# null?[0m
    ?[33mWhen ?[0m?[33mPlayer "white" initiates to move "up"?[0m               ?[90m# null?[0m
    ?[33mThen ?[0m?[33mThe move "up" shall be "illegal"?[0m                    ?[90m# null?[0m
    ?[33mAnd ?[0m?[33mPlayer's new position shall be 9:6?[0m                   ?[90m# null?[0m
    ?[33mAnd ?[0m?[33mThe next player to move shall become "white"?[0m         ?[90m# null?[0m

  Scenario Outline: Move of player blocked by wall ?[90m# src/test/resources/ca/mcgill/ecse223/quoridor/features/MovePlayer.feature:29?[0m
    ?[36mGiven The player to move is "<player>"?[0m
    ?[36mAnd The player is located at <row>:<col>?[0m
    ?[36mAnd There is a "<dir>" wall "<side>" from the player?[0m
    ?[36mAnd My opponent is not "<side>" from the player?[0m
    ?[36mWhen Player "<player>" initiates to move "<side>"?[0m
    ?[36mThen The move "<side>" shall be "<status>"?[0m
    ?[36mAnd Player's new position shall be <nrow>:<ncol>?[0m
    ?[36mAnd The next player to move shall become "<nplayer>"?[0m

    Examples: 

  Background:                 ?[90m# src/test/resources/ca/mcgill/ecse223/quoridor/features/MovePlayer.feature:5?[0m
    ?[32mGiven ?[0m?[32mThe game is running?[0m ?[90m# CucumberStepDefinitions.theGameIsRunning()?[0m

  Scenario Outline: Move of player blocked by wall        ?[90m# src/test/resources/ca/mcgill/ecse223/quoridor/features/MovePlayer.feature:40?[0m
    ?[31mGiven ?[0m?[31mThe player to move is ?[0m?[31m?[1m"white"?[0m                   ?[90m# CucumberStepDefinitions.playerToMoveIs(String)?[0m
      ?[31mjava.lang.UnsupportedOperationException: Query method get-player-of-current-turn is not implemented yet
	at ca.mcgill.ecse223.quoridor.controller.QuoridorController.getPlayerOfCurrentTurn(QuoridorController.java:349)
	at ca.mcgill.ecse223.quoridor.features.CucumberStepDefinitions.playerToMoveIs(CucumberStepDefinitions.java:1066)
	at ✽.The player to move is "white"(file:src/test/resources/ca/mcgill/ecse223/quoridor/features/MovePlayer.feature:30)
?[0m
    ?[33mAnd ?[0m?[33mThe player is located at 3:3?[0m                      ?[90m# null?[0m
    ?[33mAnd ?[0m?[33mThere is a "vertical" wall "left" from the player?[0m ?[90m# null?[0m
    ?[33mAnd ?[0m?[33mMy opponent is not "left" from the player?[0m         ?[90m# null?[0m
    ?[33mWhen ?[0m?[33mPlayer "white" initiates to move "left"?[0m          ?[90m# null?[0m
    ?[33mThen ?[0m?[33mThe move "left" shall be "illegal"?[0m               ?[90m# null?[0m
    ?[33mAnd ?[0m?[33mPlayer's new position shall be 3:3?[0m                ?[90m# null?[0m
    ?[33mAnd ?[0m?[33mThe next player to move shall become "<nplayer>"?[0m  ?[90m# null?[0m

  Background:                 ?[90m# src/test/resources/ca/mcgill/ecse223/quoridor/features/MovePlayer.feature:5?[0m
    ?[32mGiven ?[0m?[32mThe game is running?[0m ?[90m# CucumberStepDefinitions.theGameIsRunning()?[0m

  Scenario Outline: Move of player blocked by wall          ?[90m# src/test/resources/ca/mcgill/ecse223/quoridor/features/MovePlayer.feature:41?[0m
    ?[31mGiven ?[0m?[31mThe player to move is ?[0m?[31m?[1m"white"?[0m                     ?[90m# CucumberStepDefinitions.playerToMoveIs(String)?[0m
      ?[31mjava.lang.UnsupportedOperationException: Query method get-player-of-current-turn is not implemented yet
	at ca.mcgill.ecse223.quoridor.controller.QuoridorController.getPlayerOfCurrentTurn(QuoridorController.java:349)
	at ca.mcgill.ecse223.quoridor.features.CucumberStepDefinitions.playerToMoveIs(CucumberStepDefinitions.java:1066)
	at ✽.The player to move is "white"(file:src/test/resources/ca/mcgill/ecse223/quoridor/features/MovePlayer.feature:30)
?[0m
    ?[33mAnd ?[0m?[33mThe player is located at 3:3?[0m                        ?[90m# null?[0m
    ?[33mAnd ?[0m?[33mThere is a "horizontal" wall "left" from the player?[0m ?[90m# null?[0m
    ?[33mAnd ?[0m?[33mMy opponent is not "left" from the player?[0m           ?[90m# null?[0m
    ?[33mWhen ?[0m?[33mPlayer "white" initiates to move "left"?[0m            ?[90m# null?[0m
    ?[33mThen ?[0m?[33mThe move "left" shall be "success"?[0m                 ?[90m# null?[0m
    ?[33mAnd ?[0m?[33mPlayer's new position shall be 2:3?[0m                  ?[90m# null?[0m
    ?[33mAnd ?[0m?[33mThe next player to move shall become "<nplayer>"?[0m    ?[90m# null?[0m

  Background:                 ?[90m# src/test/resources/ca/mcgill/ecse223/quoridor/features/MovePlayer.feature:5?[0m
    ?[32mGiven ?[0m?[32mThe game is running?[0m ?[90m# CucumberStepDefinitions.theGameIsRunning()?[0m

  Scenario Outline: Move of player blocked by wall         ?[90m# src/test/resources/ca/mcgill/ecse223/quoridor/features/MovePlayer.feature:42?[0m
    ?[31mGiven ?[0m?[31mThe player to move is ?[0m?[31m?[1m"white"?[0m                    ?[90m# CucumberStepDefinitions.playerToMoveIs(String)?[0m
      ?[31mjava.lang.UnsupportedOperationException: Query method get-player-of-current-turn is not implemented yet
	at ca.mcgill.ecse223.quoridor.controller.QuoridorController.getPlayerOfCurrentTurn(QuoridorController.java:349)
	at ca.mcgill.ecse223.quoridor.features.CucumberStepDefinitions.playerToMoveIs(CucumberStepDefinitions.java:1066)
	at ✽.The player to move is "white"(file:src/test/resources/ca/mcgill/ecse223/quoridor/features/MovePlayer.feature:30)
?[0m
    ?[33mAnd ?[0m?[33mThe player is located at 3:3?[0m                       ?[90m# null?[0m
    ?[33mAnd ?[0m?[33mThere is a "vertical" wall "right" from the player?[0m ?[90m# null?[0m
    ?[33mAnd ?[0m?[33mMy opponent is not "right" from the player?[0m         ?[90m# null?[0m
    ?[33mWhen ?[0m?[33mPlayer "white" initiates to move "right"?[0m          ?[90m# null?[0m
    ?[33mThen ?[0m?[33mThe move "right" shall be "illegal"?[0m               ?[90m# null?[0m
    ?[33mAnd ?[0m?[33mPlayer's new position shall be 3:3?[0m                 ?[90m# null?[0m
    ?[33mAnd ?[0m?[33mThe next player to move shall become "<nplayer>"?[0m   ?[90m# null?[0m

  Background:                 ?[90m# src/test/resources/ca/mcgill/ecse223/quoridor/features/MovePlayer.feature:5?[0m
    ?[32mGiven ?[0m?[32mThe game is running?[0m ?[90m# CucumberStepDefinitions.theGameIsRunning()?[0m

  Scenario Outline: Move of player blocked by wall           ?[90m# src/test/resources/ca/mcgill/ecse223/quoridor/features/MovePlayer.feature:43?[0m
    ?[31mGiven ?[0m?[31mThe player to move is ?[0m?[31m?[1m"white"?[0m                      ?[90m# CucumberStepDefinitions.playerToMoveIs(String)?[0m
      ?[31mjava.lang.UnsupportedOperationException: Query method get-player-of-current-turn is not implemented yet
	at ca.mcgill.ecse223.quoridor.controller.QuoridorController.getPlayerOfCurrentTurn(QuoridorController.java:349)
	at ca.mcgill.ecse223.quoridor.features.CucumberStepDefinitions.playerToMoveIs(CucumberStepDefinitions.java:1066)
	at ✽.The player to move is "white"(file:src/test/resources/ca/mcgill/ecse223/quoridor/features/MovePlayer.feature:30)
?[0m
    ?[33mAnd ?[0m?[33mThe player is located at 3:3?[0m                         ?[90m# null?[0m
    ?[33mAnd ?[0m?[33mThere is a "horizontal" wall "right" from the player?[0m ?[90m# null?[0m
    ?[33mAnd ?[0m?[33mMy opponent is not "right" from the player?[0m           ?[90m# null?[0m
    ?[33mWhen ?[0m?[33mPlayer "white" initiates to move "right"?[0m            ?[90m# null?[0m
    ?[33mThen ?[0m?[33mThe move "right" shall be "success"?[0m                 ?[90m# null?[0m
    ?[33mAnd ?[0m?[33mPlayer's new position shall be 4:3?[0m                   ?[90m# null?[0m
    ?[33mAnd ?[0m?[33mThe next player to move shall become "<nplayer>"?[0m     ?[90m# null?[0m

  Background:                 ?[90m# src/test/resources/ca/mcgill/ecse223/quoridor/features/MovePlayer.feature:5?[0m
    ?[32mGiven ?[0m?[32mThe game is running?[0m ?[90m# CucumberStepDefinitions.theGameIsRunning()?[0m

  Scenario Outline: Move of player blocked by wall        ?[90m# src/test/resources/ca/mcgill/ecse223/quoridor/features/MovePlayer.feature:44?[0m
    ?[31mGiven ?[0m?[31mThe player to move is ?[0m?[31m?[1m"white"?[0m                   ?[90m# CucumberStepDefinitions.playerToMoveIs(String)?[0m
      ?[31mjava.lang.UnsupportedOperationException: Query method get-player-of-current-turn is not implemented yet
	at ca.mcgill.ecse223.quoridor.controller.QuoridorController.getPlayerOfCurrentTurn(QuoridorController.java:349)
	at ca.mcgill.ecse223.quoridor.features.CucumberStepDefinitions.playerToMoveIs(CucumberStepDefinitions.java:1066)
	at ✽.The player to move is "white"(file:src/test/resources/ca/mcgill/ecse223/quoridor/features/MovePlayer.feature:30)
?[0m
    ?[33mAnd ?[0m?[33mThe player is located at 3:3?[0m                      ?[90m# null?[0m
    ?[33mAnd ?[0m?[33mThere is a "horizontal" wall "up" from the player?[0m ?[90m# null?[0m
    ?[33mAnd ?[0m?[33mMy opponent is not "up" from the player?[0m           ?[90m# null?[0m
    ?[33mWhen ?[0m?[33mPlayer "white" initiates to move "up"?[0m            ?[90m# null?[0m
    ?[33mThen ?[0m?[33mThe move "up" shall be "illegal"?[0m                 ?[90m# null?[0m
    ?[33mAnd ?[0m?[33mPlayer's new position shall be 3:3?[0m                ?[90m# null?[0m
    ?[33mAnd ?[0m?[33mThe next player to move shall become "<nplayer>"?[0m  ?[90m# null?[0m

  Background:                 ?[90m# src/test/resources/ca/mcgill/ecse223/quoridor/features/MovePlayer.feature:5?[0m
    ?[32mGiven ?[0m?[32mThe game is running?[0m ?[90m# CucumberStepDefinitions.theGameIsRunning()?[0m

  Scenario Outline: Move of player blocked by wall       ?[90m# src/test/resources/ca/mcgill/ecse223/quoridor/features/MovePlayer.feature:45?[0m
    ?[31mGiven ?[0m?[31mThe player to move is ?[0m?[31m?[1m"white"?[0m                  ?[90m# CucumberStepDefinitions.playerToMoveIs(String)?[0m
      ?[31mjava.lang.UnsupportedOperationException: Query method get-player-of-current-turn is not implemented yet
	at ca.mcgill.ecse223.quoridor.controller.QuoridorController.getPlayerOfCurrentTurn(QuoridorController.java:349)
	at ca.mcgill.ecse223.quoridor.features.CucumberStepDefinitions.playerToMoveIs(CucumberStepDefinitions.java:1066)
	at ✽.The player to move is "white"(file:src/test/resources/ca/mcgill/ecse223/quoridor/features/MovePlayer.feature:30)
?[0m
    ?[33mAnd ?[0m?[33mThe player is located at 3:3?[0m                     ?[90m# null?[0m
    ?[33mAnd ?[0m?[33mThere is a "vertical" wall "up" from the player?[0m  ?[90m# null?[0m
    ?[33mAnd ?[0m?[33mMy opponent is not "up" from the player?[0m          ?[90m# null?[0m
    ?[33mWhen ?[0m?[33mPlayer "white" initiates to move "up"?[0m           ?[90m# null?[0m
    ?[33mThen ?[0m?[33mThe move "up" shall be "success"?[0m                ?[90m# null?[0m
    ?[33mAnd ?[0m?[33mPlayer's new position shall be 3:2?[0m               ?[90m# null?[0m
    ?[33mAnd ?[0m?[33mThe next player to move shall become "<nplayer>"?[0m ?[90m# null?[0m

  Background:                 ?[90m# src/test/resources/ca/mcgill/ecse223/quoridor/features/MovePlayer.feature:5?[0m
    ?[32mGiven ?[0m?[32mThe game is running?[0m ?[90m# CucumberStepDefinitions.theGameIsRunning()?[0m

  Scenario Outline: Move of player blocked by wall          ?[90m# src/test/resources/ca/mcgill/ecse223/quoridor/features/MovePlayer.feature:46?[0m
    ?[31mGiven ?[0m?[31mThe player to move is ?[0m?[31m?[1m"white"?[0m                     ?[90m# CucumberStepDefinitions.playerToMoveIs(String)?[0m
      ?[31mjava.lang.UnsupportedOperationException: Query method get-player-of-current-turn is not implemented yet
	at ca.mcgill.ecse223.quoridor.controller.QuoridorController.getPlayerOfCurrentTurn(QuoridorController.java:349)
	at ca.mcgill.ecse223.quoridor.features.CucumberStepDefinitions.playerToMoveIs(CucumberStepDefinitions.java:1066)
	at ✽.The player to move is "white"(file:src/test/resources/ca/mcgill/ecse223/quoridor/features/MovePlayer.feature:30)
?[0m
    ?[33mAnd ?[0m?[33mThe player is located at 3:3?[0m                        ?[90m# null?[0m
    ?[33mAnd ?[0m?[33mThere is a "horizontal" wall "down" from the player?[0m ?[90m# null?[0m
    ?[33mAnd ?[0m?[33mMy opponent is not "down" from the player?[0m           ?[90m# null?[0m
    ?[33mWhen ?[0m?[33mPlayer "white" initiates to move "down"?[0m            ?[90m# null?[0m
    ?[33mThen ?[0m?[33mThe move "down" shall be "illegal"?[0m                 ?[90m# null?[0m
    ?[33mAnd ?[0m?[33mPlayer's new position shall be 3:3?[0m                  ?[90m# null?[0m
    ?[33mAnd ?[0m?[33mThe next player to move shall become "<nplayer>"?[0m    ?[90m# null?[0m

  Background:                 ?[90m# src/test/resources/ca/mcgill/ecse223/quoridor/features/MovePlayer.feature:5?[0m
    ?[32mGiven ?[0m?[32mThe game is running?[0m ?[90m# CucumberStepDefinitions.theGameIsRunning()?[0m

  Scenario Outline: Move of player blocked by wall        ?[90m# src/test/resources/ca/mcgill/ecse223/quoridor/features/MovePlayer.feature:47?[0m
    ?[31mGiven ?[0m?[31mThe player to move is ?[0m?[31m?[1m"white"?[0m                   ?[90m# CucumberStepDefinitions.playerToMoveIs(String)?[0m
      ?[31mjava.lang.UnsupportedOperationException: Query method get-player-of-current-turn is not implemented yet
	at ca.mcgill.ecse223.quoridor.controller.QuoridorController.getPlayerOfCurrentTurn(QuoridorController.java:349)
	at ca.mcgill.ecse223.quoridor.features.CucumberStepDefinitions.playerToMoveIs(CucumberStepDefinitions.java:1066)
	at ✽.The player to move is "white"(file:src/test/resources/ca/mcgill/ecse223/quoridor/features/MovePlayer.feature:30)
?[0m
    ?[33mAnd ?[0m?[33mThe player is located at 3:3?[0m                      ?[90m# null?[0m
    ?[33mAnd ?[0m?[33mThere is a "vertical" wall "down" from the player?[0m ?[90m# null?[0m
    ?[33mAnd ?[0m?[33mMy opponent is not "down" from the player?[0m         ?[90m# null?[0m
    ?[33mWhen ?[0m?[33mPlayer "white" initiates to move "down"?[0m          ?[90m# null?[0m
    ?[33mThen ?[0m?[33mThe move "down" shall be "success"?[0m               ?[90m# null?[0m
    ?[33mAnd ?[0m?[33mPlayer's new position shall be 3:4?[0m                ?[90m# null?[0m
    ?[33mAnd ?[0m?[33mThe next player to move shall become "<nplayer>"?[0m  ?[90m# null?[0m

Feature: Move Wall
  As a player who grabbed a wall, I wish to move the wall between possible rows and columns of the board 
  so that I could move it to its designated target position. 
  I wish to get feedback from the game if a designated wall position is illegal.

  Scenario Outline: Move wall over the board ?[90m# src/test/resources/ca/mcgill/ecse223/quoridor/features/MoveWall.feature:11?[0m
    ?[36mGiven A wall move candidate exists with "<dir>" at position (<row>, <col>)?[0m
    ?[36mAnd The wall candidate is not at the "<side>" edge of the board?[0m
    ?[36mWhen I try to move the wall "<side>"?[0m
    ?[36mThen The wall shall be moved over the board to position (<nrow>, <ncol>)?[0m
    ?[36mAnd A wall move candidate shall exist with "<dir>" at position (<nrow>, <ncol>)?[0m

    Examples: 

  Background:                                   ?[90m# src/test/resources/ca/mcgill/ecse223/quoridor/features/MoveWall.feature:6?[0m
    ?[32mGiven ?[0m?[32mThe game is running?[0m                   ?[90m# CucumberStepDefinitions.theGameIsRunning()?[0m
    ?[32mAnd ?[0m?[32mIt is my turn to move?[0m                   ?[90m# CucumberStepDefinitions.itIsMyTurnToMove()?[0m
    ?[33mAnd ?[0m?[33mI have a wall in my hand over the board?[0m ?[90m# CucumberStepDefinitions.iHaveAWallInMyHandOverTheBoard()?[0m
      ?[33mcucumber.api.PendingException: TODO: implement me
	at ca.mcgill.ecse223.quoridor.features.CucumberStepDefinitions.iHaveAWallInMyHandOverTheBoard(CucumberStepDefinitions.java:133)
	at ✽.I have a wall in my hand over the board(file:src/test/resources/ca/mcgill/ecse223/quoridor/features/MoveWall.feature:9)
?[0m

  Scenario Outline: Move wall over the board                                 ?[90m# src/test/resources/ca/mcgill/ecse223/quoridor/features/MoveWall.feature:20?[0m
    ?[36mGiven ?[0m?[36mA wall move candidate exists with ?[0m?[36m?[1m"vertical"?[0m?[36m at position (?[0m?[36m?[1m2?[0m?[36m, ?[0m?[36m?[1m3?[0m?[36m)?[0m    ?[90m# CucumberStepDefinitions.wallCandidateExists(String,int,int)?[0m
    ?[36mAnd ?[0m?[36mThe wall candidate is not at the ?[0m?[36m?[1m"left"?[0m?[36m edge of the board?[0m            ?[90m# CucumberStepDefinitions.wallCandidateNotOnEdge(String)?[0m
    ?[36mWhen ?[0m?[36mI try to move the wall ?[0m?[36m?[1m"left"?[0m                                       ?[90m# CucumberStepDefinitions.attemptToMoveWall(String)?[0m
    ?[36mThen ?[0m?[36mThe wall shall be moved over the board to position (?[0m?[36m?[1m2?[0m?[36m, ?[0m?[36m?[1m2?[0m?[36m)?[0m           ?[90m# CucumberStepDefinitions.wallMoving(int,int)?[0m
    ?[36mAnd ?[0m?[36mA wall move candidate shall exist with ?[0m?[36m?[1m"vertical"?[0m?[36m at position (?[0m?[36m?[1m2?[0m?[36m, ?[0m?[36m?[1m2?[0m?[36m)?[0m ?[90m# CucumberStepDefinitions.newWallCandidate(String,int,int)?[0m

  Background:                                   ?[90m# src/test/resources/ca/mcgill/ecse223/quoridor/features/MoveWall.feature:6?[0m
    ?[32mGiven ?[0m?[32mThe game is running?[0m                   ?[90m# CucumberStepDefinitions.theGameIsRunning()?[0m
    ?[32mAnd ?[0m?[32mIt is my turn to move?[0m                   ?[90m# CucumberStepDefinitions.itIsMyTurnToMove()?[0m
    ?[33mAnd ?[0m?[33mI have a wall in my hand over the board?[0m ?[90m# CucumberStepDefinitions.iHaveAWallInMyHandOverTheBoard()?[0m
      ?[33mcucumber.api.PendingException: TODO: implement me
	at ca.mcgill.ecse223.quoridor.features.CucumberStepDefinitions.iHaveAWallInMyHandOverTheBoard(CucumberStepDefinitions.java:133)
	at ✽.I have a wall in my hand over the board(file:src/test/resources/ca/mcgill/ecse223/quoridor/features/MoveWall.feature:9)
?[0m

  Scenario Outline: Move wall over the board                                   ?[90m# src/test/resources/ca/mcgill/ecse223/quoridor/features/MoveWall.feature:21?[0m
    ?[36mGiven ?[0m?[36mA wall move candidate exists with ?[0m?[36m?[1m"horizontal"?[0m?[36m at position (?[0m?[36m?[1m2?[0m?[36m, ?[0m?[36m?[1m3?[0m?[36m)?[0m    ?[90m# CucumberStepDefinitions.wallCandidateExists(String,int,int)?[0m
    ?[36mAnd ?[0m?[36mThe wall candidate is not at the ?[0m?[36m?[1m"right"?[0m?[36m edge of the board?[0m             ?[90m# CucumberStepDefinitions.wallCandidateNotOnEdge(String)?[0m
    ?[36mWhen ?[0m?[36mI try to move the wall ?[0m?[36m?[1m"right"?[0m                                        ?[90m# CucumberStepDefinitions.attemptToMoveWall(String)?[0m
    ?[36mThen ?[0m?[36mThe wall shall be moved over the board to position (?[0m?[36m?[1m2?[0m?[36m, ?[0m?[36m?[1m4?[0m?[36m)?[0m             ?[90m# CucumberStepDefinitions.wallMoving(int,int)?[0m
    ?[36mAnd ?[0m?[36mA wall move candidate shall exist with ?[0m?[36m?[1m"horizontal"?[0m?[36m at position (?[0m?[36m?[1m2?[0m?[36m, ?[0m?[36m?[1m4?[0m?[36m)?[0m ?[90m# CucumberStepDefinitions.newWallCandidate(String,int,int)?[0m

  Background:                                   ?[90m# src/test/resources/ca/mcgill/ecse223/quoridor/features/MoveWall.feature:6?[0m
    ?[32mGiven ?[0m?[32mThe game is running?[0m                   ?[90m# CucumberStepDefinitions.theGameIsRunning()?[0m
    ?[32mAnd ?[0m?[32mIt is my turn to move?[0m                   ?[90m# CucumberStepDefinitions.itIsMyTurnToMove()?[0m
    ?[33mAnd ?[0m?[33mI have a wall in my hand over the board?[0m ?[90m# CucumberStepDefinitions.iHaveAWallInMyHandOverTheBoard()?[0m
      ?[33mcucumber.api.PendingException: TODO: implement me
	at ca.mcgill.ecse223.quoridor.features.CucumberStepDefinitions.iHaveAWallInMyHandOverTheBoard(CucumberStepDefinitions.java:133)
	at ✽.I have a wall in my hand over the board(file:src/test/resources/ca/mcgill/ecse223/quoridor/features/MoveWall.feature:9)
?[0m

  Scenario Outline: Move wall over the board                                 ?[90m# src/test/resources/ca/mcgill/ecse223/quoridor/features/MoveWall.feature:22?[0m
    ?[36mGiven ?[0m?[36mA wall move candidate exists with ?[0m?[36m?[1m"vertical"?[0m?[36m at position (?[0m?[36m?[1m5?[0m?[36m, ?[0m?[36m?[1m6?[0m?[36m)?[0m    ?[90m# CucumberStepDefinitions.wallCandidateExists(String,int,int)?[0m
    ?[36mAnd ?[0m?[36mThe wall candidate is not at the ?[0m?[36m?[1m"up"?[0m?[36m edge of the board?[0m              ?[90m# CucumberStepDefinitions.wallCandidateNotOnEdge(String)?[0m
    ?[36mWhen ?[0m?[36mI try to move the wall ?[0m?[36m?[1m"up"?[0m                                         ?[90m# CucumberStepDefinitions.attemptToMoveWall(String)?[0m
    ?[36mThen ?[0m?[36mThe wall shall be moved over the board to position (?[0m?[36m?[1m4?[0m?[36m, ?[0m?[36m?[1m6?[0m?[36m)?[0m           ?[90m# CucumberStepDefinitions.wallMoving(int,int)?[0m
    ?[36mAnd ?[0m?[36mA wall move candidate shall exist with ?[0m?[36m?[1m"vertical"?[0m?[36m at position (?[0m?[36m?[1m4?[0m?[36m, ?[0m?[36m?[1m6?[0m?[36m)?[0m ?[90m# CucumberStepDefinitions.newWallCandidate(String,int,int)?[0m

  Background:                                   ?[90m# src/test/resources/ca/mcgill/ecse223/quoridor/features/MoveWall.feature:6?[0m
    ?[32mGiven ?[0m?[32mThe game is running?[0m                   ?[90m# CucumberStepDefinitions.theGameIsRunning()?[0m
    ?[32mAnd ?[0m?[32mIt is my turn to move?[0m                   ?[90m# CucumberStepDefinitions.itIsMyTurnToMove()?[0m
    ?[33mAnd ?[0m?[33mI have a wall in my hand over the board?[0m ?[90m# CucumberStepDefinitions.iHaveAWallInMyHandOverTheBoard()?[0m
      ?[33mcucumber.api.PendingException: TODO: implement me
	at ca.mcgill.ecse223.quoridor.features.CucumberStepDefinitions.iHaveAWallInMyHandOverTheBoard(CucumberStepDefinitions.java:133)
	at ✽.I have a wall in my hand over the board(file:src/test/resources/ca/mcgill/ecse223/quoridor/features/MoveWall.feature:9)
?[0m

  Scenario Outline: Move wall over the board                                   ?[90m# src/test/resources/ca/mcgill/ecse223/quoridor/features/MoveWall.feature:23?[0m
    ?[36mGiven ?[0m?[36mA wall move candidate exists with ?[0m?[36m?[1m"horizontal"?[0m?[36m at position (?[0m?[36m?[1m5?[0m?[36m, ?[0m?[36m?[1m6?[0m?[36m)?[0m    ?[90m# CucumberStepDefinitions.wallCandidateExists(String,int,int)?[0m
    ?[36mAnd ?[0m?[36mThe wall candidate is not at the ?[0m?[36m?[1m"down"?[0m?[36m edge of the board?[0m              ?[90m# CucumberStepDefinitions.wallCandidateNotOnEdge(String)?[0m
    ?[36mWhen ?[0m?[36mI try to move the wall ?[0m?[36m?[1m"down"?[0m                                         ?[90m# CucumberStepDefinitions.attemptToMoveWall(String)?[0m
    ?[36mThen ?[0m?[36mThe wall shall be moved over the board to position (?[0m?[36m?[1m6?[0m?[36m, ?[0m?[36m?[1m6?[0m?[36m)?[0m             ?[90m# CucumberStepDefinitions.wallMoving(int,int)?[0m
    ?[36mAnd ?[0m?[36mA wall move candidate shall exist with ?[0m?[36m?[1m"horizontal"?[0m?[36m at position (?[0m?[36m?[1m6?[0m?[36m, ?[0m?[36m?[1m6?[0m?[36m)?[0m ?[90m# CucumberStepDefinitions.newWallCandidate(String,int,int)?[0m

  Scenario Outline: Move wall at the edge of the board ?[90m# src/test/resources/ca/mcgill/ecse223/quoridor/features/MoveWall.feature:25?[0m
    ?[36mGiven A wall move candidate exists with "<dir>" at position (<row>, <col>)?[0m
    ?[36mAnd The wall candidate is at the "<side>" edge of the board?[0m
    ?[36mWhen I try to move the wall "<side>"?[0m
    ?[36mThen I shall be notified that my move is illegal?[0m
    ?[36mAnd A wall move candidate shall exist with "<dir>" at position (<nrow>, <ncol>)?[0m

    Examples: 

  Background:                                   ?[90m# src/test/resources/ca/mcgill/ecse223/quoridor/features/MoveWall.feature:6?[0m
    ?[32mGiven ?[0m?[32mThe game is running?[0m                   ?[90m# CucumberStepDefinitions.theGameIsRunning()?[0m
    ?[32mAnd ?[0m?[32mIt is my turn to move?[0m                   ?[90m# CucumberStepDefinitions.itIsMyTurnToMove()?[0m
    ?[33mAnd ?[0m?[33mI have a wall in my hand over the board?[0m ?[90m# CucumberStepDefinitions.iHaveAWallInMyHandOverTheBoard()?[0m
      ?[33mcucumber.api.PendingException: TODO: implement me
	at ca.mcgill.ecse223.quoridor.features.CucumberStepDefinitions.iHaveAWallInMyHandOverTheBoard(CucumberStepDefinitions.java:133)
	at ✽.I have a wall in my hand over the board(file:src/test/resources/ca/mcgill/ecse223/quoridor/features/MoveWall.feature:9)
?[0m

  Scenario Outline: Move wall at the edge of the board                       ?[90m# src/test/resources/ca/mcgill/ecse223/quoridor/features/MoveWall.feature:34?[0m
    ?[36mGiven ?[0m?[36mA wall move candidate exists with ?[0m?[36m?[1m"vertical"?[0m?[36m at position (?[0m?[36m?[1m2?[0m?[36m, ?[0m?[36m?[1m1?[0m?[36m)?[0m    ?[90m# CucumberStepDefinitions.wallCandidateExists(String,int,int)?[0m
    ?[36mAnd ?[0m?[36mThe wall candidate is at the ?[0m?[36m?[1m"left"?[0m?[36m edge of the board?[0m                ?[90m# CucumberStepDefinitions.wallCandidateAtEdge(String)?[0m
    ?[36mWhen ?[0m?[36mI try to move the wall ?[0m?[36m?[1m"left"?[0m                                       ?[90m# CucumberStepDefinitions.attemptToMoveWall(String)?[0m
    ?[36mThen ?[0m?[36mI shall be notified that my move is illegal?[0m                         ?[90m# CucumberStepDefinitions.notifIllegalMove()?[0m
    ?[36mAnd ?[0m?[36mA wall move candidate shall exist with ?[0m?[36m?[1m"vertical"?[0m?[36m at position (?[0m?[36m?[1m2?[0m?[36m, ?[0m?[36m?[1m3?[0m?[36m)?[0m ?[90m# CucumberStepDefinitions.newWallCandidate(String,int,int)?[0m

  Background:                                   ?[90m# src/test/resources/ca/mcgill/ecse223/quoridor/features/MoveWall.feature:6?[0m
    ?[32mGiven ?[0m?[32mThe game is running?[0m                   ?[90m# CucumberStepDefinitions.theGameIsRunning()?[0m
    ?[32mAnd ?[0m?[32mIt is my turn to move?[0m                   ?[90m# CucumberStepDefinitions.itIsMyTurnToMove()?[0m
    ?[33mAnd ?[0m?[33mI have a wall in my hand over the board?[0m ?[90m# CucumberStepDefinitions.iHaveAWallInMyHandOverTheBoard()?[0m
      ?[33mcucumber.api.PendingException: TODO: implement me
	at ca.mcgill.ecse223.quoridor.features.CucumberStepDefinitions.iHaveAWallInMyHandOverTheBoard(CucumberStepDefinitions.java:133)
	at ✽.I have a wall in my hand over the board(file:src/test/resources/ca/mcgill/ecse223/quoridor/features/MoveWall.feature:9)
?[0m

  Scenario Outline: Move wall at the edge of the board                         ?[90m# src/test/resources/ca/mcgill/ecse223/quoridor/features/MoveWall.feature:35?[0m
    ?[36mGiven ?[0m?[36mA wall move candidate exists with ?[0m?[36m?[1m"horizontal"?[0m?[36m at position (?[0m?[36m?[1m2?[0m?[36m, ?[0m?[36m?[1m8?[0m?[36m)?[0m    ?[90m# CucumberStepDefinitions.wallCandidateExists(String,int,int)?[0m
    ?[36mAnd ?[0m?[36mThe wall candidate is at the ?[0m?[36m?[1m"right"?[0m?[36m edge of the board?[0m                 ?[90m# CucumberStepDefinitions.wallCandidateAtEdge(String)?[0m
    ?[36mWhen ?[0m?[36mI try to move the wall ?[0m?[36m?[1m"right"?[0m                                        ?[90m# CucumberStepDefinitions.attemptToMoveWall(String)?[0m
    ?[36mThen ?[0m?[36mI shall be notified that my move is illegal?[0m                           ?[90m# CucumberStepDefinitions.notifIllegalMove()?[0m
    ?[36mAnd ?[0m?[36mA wall move candidate shall exist with ?[0m?[36m?[1m"horizontal"?[0m?[36m at position (?[0m?[36m?[1m2?[0m?[36m, ?[0m?[36m?[1m8?[0m?[36m)?[0m ?[90m# CucumberStepDefinitions.newWallCandidate(String,int,int)?[0m

  Background:                                   ?[90m# src/test/resources/ca/mcgill/ecse223/quoridor/features/MoveWall.feature:6?[0m
    ?[32mGiven ?[0m?[32mThe game is running?[0m                   ?[90m# CucumberStepDefinitions.theGameIsRunning()?[0m
    ?[32mAnd ?[0m?[32mIt is my turn to move?[0m                   ?[90m# CucumberStepDefinitions.itIsMyTurnToMove()?[0m
    ?[33mAnd ?[0m?[33mI have a wall in my hand over the board?[0m ?[90m# CucumberStepDefinitions.iHaveAWallInMyHandOverTheBoard()?[0m
      ?[33mcucumber.api.PendingException: TODO: implement me
	at ca.mcgill.ecse223.quoridor.features.CucumberStepDefinitions.iHaveAWallInMyHandOverTheBoard(CucumberStepDefinitions.java:133)
	at ✽.I have a wall in my hand over the board(file:src/test/resources/ca/mcgill/ecse223/quoridor/features/MoveWall.feature:9)
?[0m

  Scenario Outline: Move wall at the edge of the board                       ?[90m# src/test/resources/ca/mcgill/ecse223/quoridor/features/MoveWall.feature:36?[0m
    ?[36mGiven ?[0m?[36mA wall move candidate exists with ?[0m?[36m?[1m"vertical"?[0m?[36m at position (?[0m?[36m?[1m1?[0m?[36m, ?[0m?[36m?[1m6?[0m?[36m)?[0m    ?[90m# CucumberStepDefinitions.wallCandidateExists(String,int,int)?[0m
    ?[36mAnd ?[0m?[36mThe wall candidate is at the ?[0m?[36m?[1m"up"?[0m?[36m edge of the board?[0m                  ?[90m# CucumberStepDefinitions.wallCandidateAtEdge(String)?[0m
    ?[36mWhen ?[0m?[36mI try to move the wall ?[0m?[36m?[1m"up"?[0m                                         ?[90m# CucumberStepDefinitions.attemptToMoveWall(String)?[0m
    ?[36mThen ?[0m?[36mI shall be notified that my move is illegal?[0m                         ?[90m# CucumberStepDefinitions.notifIllegalMove()?[0m
    ?[36mAnd ?[0m?[36mA wall move candidate shall exist with ?[0m?[36m?[1m"vertical"?[0m?[36m at position (?[0m?[36m?[1m1?[0m?[36m, ?[0m?[36m?[1m6?[0m?[36m)?[0m ?[90m# CucumberStepDefinitions.newWallCandidate(String,int,int)?[0m

  Background:                                   ?[90m# src/test/resources/ca/mcgill/ecse223/quoridor/features/MoveWall.feature:6?[0m
    ?[32mGiven ?[0m?[32mThe game is running?[0m                   ?[90m# CucumberStepDefinitions.theGameIsRunning()?[0m
    ?[32mAnd ?[0m?[32mIt is my turn to move?[0m                   ?[90m# CucumberStepDefinitions.itIsMyTurnToMove()?[0m
    ?[33mAnd ?[0m?[33mI have a wall in my hand over the board?[0m ?[90m# CucumberStepDefinitions.iHaveAWallInMyHandOverTheBoard()?[0m
      ?[33mcucumber.api.PendingException: TODO: implement me
	at ca.mcgill.ecse223.quoridor.features.CucumberStepDefinitions.iHaveAWallInMyHandOverTheBoard(CucumberStepDefinitions.java:133)
	at ✽.I have a wall in my hand over the board(file:src/test/resources/ca/mcgill/ecse223/quoridor/features/MoveWall.feature:9)
?[0m

  Scenario Outline: Move wall at the edge of the board                         ?[90m# src/test/resources/ca/mcgill/ecse223/quoridor/features/MoveWall.feature:37?[0m
    ?[36mGiven ?[0m?[36mA wall move candidate exists with ?[0m?[36m?[1m"horizontal"?[0m?[36m at position (?[0m?[36m?[1m8?[0m?[36m, ?[0m?[36m?[1m6?[0m?[36m)?[0m    ?[90m# CucumberStepDefinitions.wallCandidateExists(String,int,int)?[0m
    ?[36mAnd ?[0m?[36mThe wall candidate is at the ?[0m?[36m?[1m"down"?[0m?[36m edge of the board?[0m                  ?[90m# CucumberStepDefinitions.wallCandidateAtEdge(String)?[0m
    ?[36mWhen ?[0m?[36mI try to move the wall ?[0m?[36m?[1m"down"?[0m                                         ?[90m# CucumberStepDefinitions.attemptToMoveWall(String)?[0m
    ?[36mThen ?[0m?[36mI shall be notified that my move is illegal?[0m                           ?[90m# CucumberStepDefinitions.notifIllegalMove()?[0m
    ?[36mAnd ?[0m?[36mA wall move candidate shall exist with ?[0m?[36m?[1m"horizontal"?[0m?[36m at position (?[0m?[36m?[1m8?[0m?[36m, ?[0m?[36m?[1m6?[0m?[36m)?[0m ?[90m# CucumberStepDefinitions.newWallCandidate(String,int,int)?[0m

Feature: Provide Or Select User Name
  As a prospective player, I wish to use my unique user name when a new game starts, 
  or create a new user name if the designated user name does not exist yet.

  Scenario Outline: Select existing user name ?[90m# src/test/resources/ca/mcgill/ecse223/quoridor/features/ProvideSelectUserName.feature:8?[0m
    ?[36mGiven Next player to set user name is "<color>"?[0m
    ?[36mAnd There is existing user "<username>"?[0m
    ?[36mWhen The player selects existing "<username>"?[0m
    ?[36mThen The name of player "<color>" in the new game shall be "<username>"?[0m

    Examples: 

  Background:                        ?[90m# src/test/resources/ca/mcgill/ecse223/quoridor/features/ProvideSelectUserName.feature:5?[0m
    ?[32mGiven ?[0m?[32mA new game is initializing?[0m ?[90m# CucumberStepDefinitions.aNewGameIsInitializing()?[0m

  Scenario Outline: Select existing user name                         ?[90m# src/test/resources/ca/mcgill/ecse223/quoridor/features/ProvideSelectUserName.feature:16?[0m
    ?[33mGiven ?[0m?[33mNext player to set user name is ?[0m?[33m?[1m"white"?[0m                     ?[90m# CucumberStepDefinitions.nextPlayerToSetUserNameIsColor(String)?[0m
      ?[33mcucumber.api.PendingException: TODO: implement me
	at ca.mcgill.ecse223.quoridor.features.CucumberStepDefinitions.nextPlayerToSetUserNameIsColor(CucumberStepDefinitions.java:322)
	at ✽.Next player to set user name is "white"(file:src/test/resources/ca/mcgill/ecse223/quoridor/features/ProvideSelectUserName.feature:9)
?[0m
    ?[36mAnd ?[0m?[36mThere is existing user ?[0m?[36m?[1m"Daniel"?[0m                               ?[90m# CucumberStepDefinitions.existingUser(boolean)?[0m
    ?[36mWhen ?[0m?[36mThe player selects existing ?[0m?[36m?[1m"Daniel"?[0m                         ?[90m# CucumberStepDefinitions.playerSelectsExistingUsername(String)?[0m
    ?[36mThen ?[0m?[36mThe name of player ?[0m?[36m?[1m"white"?[0m?[36m in the new game shall be ?[0m?[36m?[1m"Daniel"?[0m ?[90m# CucumberStepDefinitions.nameOfPlayerInNewGameShallBeUsername(String,String)?[0m

  Background:                        ?[90m# src/test/resources/ca/mcgill/ecse223/quoridor/features/ProvideSelectUserName.feature:5?[0m
    ?[32mGiven ?[0m?[32mA new game is initializing?[0m ?[90m# CucumberStepDefinitions.aNewGameIsInitializing()?[0m

  Scenario Outline: Select existing user name                         ?[90m# src/test/resources/ca/mcgill/ecse223/quoridor/features/ProvideSelectUserName.feature:17?[0m
    ?[33mGiven ?[0m?[33mNext player to set user name is ?[0m?[33m?[1m"black"?[0m                     ?[90m# CucumberStepDefinitions.nextPlayerToSetUserNameIsColor(String)?[0m
      ?[33mcucumber.api.PendingException: TODO: implement me
	at ca.mcgill.ecse223.quoridor.features.CucumberStepDefinitions.nextPlayerToSetUserNameIsColor(CucumberStepDefinitions.java:322)
	at ✽.Next player to set user name is "black"(file:src/test/resources/ca/mcgill/ecse223/quoridor/features/ProvideSelectUserName.feature:9)
?[0m
    ?[36mAnd ?[0m?[36mThere is existing user ?[0m?[36m?[1m"Marton"?[0m                               ?[90m# CucumberStepDefinitions.existingUser(boolean)?[0m
    ?[36mWhen ?[0m?[36mThe player selects existing ?[0m?[36m?[1m"Marton"?[0m                         ?[90m# CucumberStepDefinitions.playerSelectsExistingUsername(String)?[0m
    ?[36mThen ?[0m?[36mThe name of player ?[0m?[36m?[1m"black"?[0m?[36m in the new game shall be ?[0m?[36m?[1m"Marton"?[0m ?[90m# CucumberStepDefinitions.nameOfPlayerInNewGameShallBeUsername(String,String)?[0m

  Scenario Outline: Create new user name ?[90m# src/test/resources/ca/mcgill/ecse223/quoridor/features/ProvideSelectUserName.feature:19?[0m
    ?[36mGiven Next player to set user name is "<color>"?[0m
    ?[36mAnd There is no existing user "<username>"?[0m
    ?[36mWhen The player provides new user name: "<username>"?[0m
    ?[36mThen The name of player "<color>" in the new game shall be "<username>"?[0m

    Examples: 

  Background:                        ?[90m# src/test/resources/ca/mcgill/ecse223/quoridor/features/ProvideSelectUserName.feature:5?[0m
    ?[32mGiven ?[0m?[32mA new game is initializing?[0m ?[90m# CucumberStepDefinitions.aNewGameIsInitializing()?[0m

  Scenario Outline: Create new user name                             ?[90m# src/test/resources/ca/mcgill/ecse223/quoridor/features/ProvideSelectUserName.feature:27?[0m
    ?[33mGiven ?[0m?[33mNext player to set user name is ?[0m?[33m?[1m"white"?[0m                    ?[90m# CucumberStepDefinitions.nextPlayerToSetUserNameIsColor(String)?[0m
      ?[33mcucumber.api.PendingException: TODO: implement me
	at ca.mcgill.ecse223.quoridor.features.CucumberStepDefinitions.nextPlayerToSetUserNameIsColor(CucumberStepDefinitions.java:322)
	at ✽.Next player to set user name is "white"(file:src/test/resources/ca/mcgill/ecse223/quoridor/features/ProvideSelectUserName.feature:20)
?[0m
    ?[36mAnd ?[0m?[36mThere is no existing user ?[0m?[36m?[1m"Rijul"?[0m                            ?[90m# CucumberStepDefinitions.noExistingUser(boolean)?[0m
    ?[36mWhen ?[0m?[36mThe player provides new user name: ?[0m?[36m?[1m"Rijul"?[0m                  ?[90m# CucumberStepDefinitions.playerProvidesNewUserName(String)?[0m
    ?[36mThen ?[0m?[36mThe name of player ?[0m?[36m?[1m"white"?[0m?[36m in the new game shall be ?[0m?[36m?[1m"Rijul"?[0m ?[90m# CucumberStepDefinitions.nameOfPlayerInNewGameShallBeUsername(String,String)?[0m

  Background:                        ?[90m# src/test/resources/ca/mcgill/ecse223/quoridor/features/ProvideSelectUserName.feature:5?[0m
    ?[32mGiven ?[0m?[32mA new game is initializing?[0m ?[90m# CucumberStepDefinitions.aNewGameIsInitializing()?[0m

  Scenario Outline: Create new user name                                ?[90m# src/test/resources/ca/mcgill/ecse223/quoridor/features/ProvideSelectUserName.feature:28?[0m
    ?[33mGiven ?[0m?[33mNext player to set user name is ?[0m?[33m?[1m"black"?[0m                       ?[90m# CucumberStepDefinitions.nextPlayerToSetUserNameIsColor(String)?[0m
      ?[33mcucumber.api.PendingException: TODO: implement me
	at ca.mcgill.ecse223.quoridor.features.CucumberStepDefinitions.nextPlayerToSetUserNameIsColor(CucumberStepDefinitions.java:322)
	at ✽.Next player to set user name is "black"(file:src/test/resources/ca/mcgill/ecse223/quoridor/features/ProvideSelectUserName.feature:20)
?[0m
    ?[36mAnd ?[0m?[36mThere is no existing user ?[0m?[36m?[1m"Hyacinth"?[0m                            ?[90m# CucumberStepDefinitions.noExistingUser(boolean)?[0m
    ?[36mWhen ?[0m?[36mThe player provides new user name: ?[0m?[36m?[1m"Hyacinth"?[0m                  ?[90m# CucumberStepDefinitions.playerProvidesNewUserName(String)?[0m
    ?[36mThen ?[0m?[36mThe name of player ?[0m?[36m?[1m"black"?[0m?[36m in the new game shall be ?[0m?[36m?[1m"Hyacinth"?[0m ?[90m# CucumberStepDefinitions.nameOfPlayerInNewGameShallBeUsername(String,String)?[0m

  Scenario Outline: User name already exists ?[90m# src/test/resources/ca/mcgill/ecse223/quoridor/features/ProvideSelectUserName.feature:30?[0m
    ?[36mGiven Next player to set user name is "<color>"?[0m
    ?[36mAnd There is existing user "<username>"?[0m
    ?[36mWhen The player provides new user name: "<username>"?[0m
    ?[36mThen The player shall be warned that "<username>" already exists?[0m
    ?[36mAnd Next player to set user name shall be "<color>"?[0m

    Examples: 

  Background:                        ?[90m# src/test/resources/ca/mcgill/ecse223/quoridor/features/ProvideSelectUserName.feature:5?[0m
    ?[32mGiven ?[0m?[32mA new game is initializing?[0m ?[90m# CucumberStepDefinitions.aNewGameIsInitializing()?[0m

  Scenario Outline: User name already exists                     ?[90m# src/test/resources/ca/mcgill/ecse223/quoridor/features/ProvideSelectUserName.feature:39?[0m
    ?[33mGiven ?[0m?[33mNext player to set user name is ?[0m?[33m?[1m"white"?[0m                ?[90m# CucumberStepDefinitions.nextPlayerToSetUserNameIsColor(String)?[0m
      ?[33mcucumber.api.PendingException: TODO: implement me
	at ca.mcgill.ecse223.quoridor.features.CucumberStepDefinitions.nextPlayerToSetUserNameIsColor(CucumberStepDefinitions.java:322)
	at ✽.Next player to set user name is "white"(file:src/test/resources/ca/mcgill/ecse223/quoridor/features/ProvideSelectUserName.feature:31)
?[0m
    ?[36mAnd ?[0m?[36mThere is existing user ?[0m?[36m?[1m"Daniel"?[0m                          ?[90m# CucumberStepDefinitions.existingUser(boolean)?[0m
    ?[36mWhen ?[0m?[36mThe player provides new user name: ?[0m?[36m?[1m"Daniel"?[0m             ?[90m# CucumberStepDefinitions.playerProvidesNewUserName(String)?[0m
    ?[36mThen ?[0m?[36mThe player shall be warned that ?[0m?[36m?[1m"Daniel"?[0m?[36m already exists?[0m ?[90m# CucumberStepDefinitions.playerShallBeWarnedThatUsernameAlreadyExists()?[0m
    ?[36mAnd ?[0m?[36mNext player to set user name shall be ?[0m?[36m?[1m"white"?[0m            ?[90m# CucumberStepDefinitions.nextPlayerToSetUserNameShallBe(String)?[0m

  Background:                        ?[90m# src/test/resources/ca/mcgill/ecse223/quoridor/features/ProvideSelectUserName.feature:5?[0m
    ?[32mGiven ?[0m?[32mA new game is initializing?[0m ?[90m# CucumberStepDefinitions.aNewGameIsInitializing()?[0m

  Scenario Outline: User name already exists                     ?[90m# src/test/resources/ca/mcgill/ecse223/quoridor/features/ProvideSelectUserName.feature:40?[0m
    ?[33mGiven ?[0m?[33mNext player to set user name is ?[0m?[33m?[1m"black"?[0m                ?[90m# CucumberStepDefinitions.nextPlayerToSetUserNameIsColor(String)?[0m
      ?[33mcucumber.api.PendingException: TODO: implement me
	at ca.mcgill.ecse223.quoridor.features.CucumberStepDefinitions.nextPlayerToSetUserNameIsColor(CucumberStepDefinitions.java:322)
	at ✽.Next player to set user name is "black"(file:src/test/resources/ca/mcgill/ecse223/quoridor/features/ProvideSelectUserName.feature:31)
?[0m
    ?[36mAnd ?[0m?[36mThere is existing user ?[0m?[36m?[1m"Marton"?[0m                          ?[90m# CucumberStepDefinitions.existingUser(boolean)?[0m
    ?[36mWhen ?[0m?[36mThe player provides new user name: ?[0m?[36m?[1m"Marton"?[0m             ?[90m# CucumberStepDefinitions.playerProvidesNewUserName(String)?[0m
    ?[36mThen ?[0m?[36mThe player shall be warned that ?[0m?[36m?[1m"Marton"?[0m?[36m already exists?[0m ?[90m# CucumberStepDefinitions.playerShallBeWarnedThatUsernameAlreadyExists()?[0m
    ?[36mAnd ?[0m?[36mNext player to set user name shall be ?[0m?[36m?[1m"black"?[0m            ?[90m# CucumberStepDefinitions.nextPlayerToSetUserNameShallBe(String)?[0m

Feature: Rotate Wall
  As a player who grabbed a wall, I want to rotate the wall by 90 degrees 
  (from horizontal to vertical or vice versa) to adjust its designated target position.

  Scenario Outline: Flip wall from horizontal to vertical or vice versa ?[90m# src/test/resources/ca/mcgill/ecse223/quoridor/features/RotateWall.feature:10?[0m
    ?[36mGiven A wall move candidate exists with "<dir>" at position (<row>, <col>)?[0m
    ?[36mWhen I try to flip the wall?[0m
    ?[36mThen The wall shall be rotated over the board to "<newdir>"?[0m
    ?[36mAnd A wall move candidate shall exist with "<newdir>" at position (<row>, <col>)?[0m

    Examples: 

  Background:                                   ?[90m# src/test/resources/ca/mcgill/ecse223/quoridor/features/RotateWall.feature:5?[0m
    ?[32mGiven ?[0m?[32mThe game is running?[0m                   ?[90m# CucumberStepDefinitions.theGameIsRunning()?[0m
    ?[32mAnd ?[0m?[32mIt is my turn to move?[0m                   ?[90m# CucumberStepDefinitions.itIsMyTurnToMove()?[0m
    ?[33mAnd ?[0m?[33mI have a wall in my hand over the board?[0m ?[90m# CucumberStepDefinitions.iHaveAWallInMyHandOverTheBoard()?[0m
      ?[33mcucumber.api.PendingException: TODO: implement me
	at ca.mcgill.ecse223.quoridor.features.CucumberStepDefinitions.iHaveAWallInMyHandOverTheBoard(CucumberStepDefinitions.java:133)
	at ✽.I have a wall in my hand over the board(file:src/test/resources/ca/mcgill/ecse223/quoridor/features/RotateWall.feature:8)
?[0m

  Scenario Outline: Flip wall from horizontal to vertical or vice versa      ?[90m# src/test/resources/ca/mcgill/ecse223/quoridor/features/RotateWall.feature:18?[0m
    ?[36mGiven ?[0m?[36mA wall move candidate exists with ?[0m?[36m?[1m"horizontal"?[0m?[36m at position (?[0m?[36m?[1m3?[0m?[36m, ?[0m?[36m?[1m2?[0m?[36m)?[0m  ?[90m# CucumberStepDefinitions.wallCandidateExists(String,int,int)?[0m
    ?[36mWhen ?[0m?[36mI try to flip the wall?[0m                                              ?[90m# CucumberStepDefinitions.tryFlipWall()?[0m
    ?[36mThen ?[0m?[36mThe wall shall be rotated over the board to ?[0m?[36m?[1m"vertical"?[0m              ?[90m# CucumberStepDefinitions.rotateWall(String)?[0m
    ?[36mAnd ?[0m?[36mA wall move candidate shall exist with ?[0m?[36m?[1m"vertical"?[0m?[36m at position (?[0m?[36m?[1m3?[0m?[36m, ?[0m?[36m?[1m2?[0m?[36m)?[0m ?[90m# CucumberStepDefinitions.newWallCandidate(String,int,int)?[0m

  Background:                                   ?[90m# src/test/resources/ca/mcgill/ecse223/quoridor/features/RotateWall.feature:5?[0m
    ?[32mGiven ?[0m?[32mThe game is running?[0m                   ?[90m# CucumberStepDefinitions.theGameIsRunning()?[0m
    ?[32mAnd ?[0m?[32mIt is my turn to move?[0m                   ?[90m# CucumberStepDefinitions.itIsMyTurnToMove()?[0m
    ?[33mAnd ?[0m?[33mI have a wall in my hand over the board?[0m ?[90m# CucumberStepDefinitions.iHaveAWallInMyHandOverTheBoard()?[0m
      ?[33mcucumber.api.PendingException: TODO: implement me
	at ca.mcgill.ecse223.quoridor.features.CucumberStepDefinitions.iHaveAWallInMyHandOverTheBoard(CucumberStepDefinitions.java:133)
	at ✽.I have a wall in my hand over the board(file:src/test/resources/ca/mcgill/ecse223/quoridor/features/RotateWall.feature:8)
?[0m

  Scenario Outline: Flip wall from horizontal to vertical or vice versa        ?[90m# src/test/resources/ca/mcgill/ecse223/quoridor/features/RotateWall.feature:19?[0m
    ?[36mGiven ?[0m?[36mA wall move candidate exists with ?[0m?[36m?[1m"vertical"?[0m?[36m at position (?[0m?[36m?[1m5?[0m?[36m, ?[0m?[36m?[1m6?[0m?[36m)?[0m      ?[90m# CucumberStepDefinitions.wallCandidateExists(String,int,int)?[0m
    ?[36mWhen ?[0m?[36mI try to flip the wall?[0m                                                ?[90m# CucumberStepDefinitions.tryFlipWall()?[0m
    ?[36mThen ?[0m?[36mThe wall shall be rotated over the board to ?[0m?[36m?[1m"horizontal"?[0m              ?[90m# CucumberStepDefinitions.rotateWall(String)?[0m
    ?[36mAnd ?[0m?[36mA wall move candidate shall exist with ?[0m?[36m?[1m"horizontal"?[0m?[36m at position (?[0m?[36m?[1m5?[0m?[36m, ?[0m?[36m?[1m6?[0m?[36m)?[0m ?[90m# CucumberStepDefinitions.newWallCandidate(String,int,int)?[0m

Feature: Save Position
  As a player, I want to be able to save the actual position during a Quoridor game so that I can continue the game at a later stage from the exact position.

  Scenario Outline: Save position ?[90m# src/test/resources/ca/mcgill/ecse223/quoridor/features/SavePosition.feature:7?[0m
    ?[36mGiven No file "<filename>" exists in the filesystem?[0m
    ?[36mWhen The user initiates to save the game with name "<filename>"?[0m
    ?[36mThen A file with "<filename>" shall be created in the filesystem?[0m

    Examples: 

  Background:                 ?[90m# src/test/resources/ca/mcgill/ecse223/quoridor/features/SavePosition.feature:4?[0m
    ?[32mGiven ?[0m?[32mThe game is running?[0m ?[90m# CucumberStepDefinitions.theGameIsRunning()?[0m

  Scenario Outline: Save position                                            ?[90m# src/test/resources/ca/mcgill/ecse223/quoridor/features/SavePosition.feature:14?[0m
    ?[32mGiven ?[0m?[32mNo file ?[0m?[32m?[1m"save_game_test.dat"?[0m?[32m exists in the filesystem?[0m              ?[90m# CucumberStepDefinitions.noFileExistsInTheFilesystem(String)?[0m
    ?[32mWhen ?[0m?[32mThe user initiates to save the game with name ?[0m?[32m?[1m"save_game_test.dat"?[0m  ?[90m# CucumberStepDefinitions.userInitiatesToSaveTheGameWithName(String)?[0m
    ?[31mThen ?[0m?[31mA file with ?[0m?[31m?[1m"save_game_test.dat"?[0m?[31m shall be created in the filesystem?[0m ?[90m# CucumberStepDefinitions.fileWithFilenameIsCreatedInTheFilesystem(String)?[0m
      ?[31mjava.lang.UnsupportedOperationException: Method Save Position is not implemented yet
	at ca.mcgill.ecse223.quoridor.controller.QuoridorController.savePosition(QuoridorController.java:285)
	at ca.mcgill.ecse223.quoridor.features.CucumberStepDefinitions.fileWithFilenameIsCreatedInTheFilesystem(CucumberStepDefinitions.java:457)
	at ✽.A file with "save_game_test.dat" shall be created in the filesystem(file:src/test/resources/ca/mcgill/ecse223/quoridor/features/SavePosition.feature:10)
?[0m

  Scenario Outline: Save position with existing file name ?[90m# src/test/resources/ca/mcgill/ecse223/quoridor/features/SavePosition.feature:16?[0m
    ?[36mGiven File "<filename>" exists in the filesystem?[0m
    ?[36mWhen The user initiates to save the game with name "<filename>"?[0m
    ?[36mAnd The user confirms to overwrite existing file?[0m
    ?[36mThen File with "<filename>" shall be updated in the filesystem?[0m

    Examples: 

  Background:                 ?[90m# src/test/resources/ca/mcgill/ecse223/quoridor/features/SavePosition.feature:4?[0m
    ?[32mGiven ?[0m?[32mThe game is running?[0m ?[90m# CucumberStepDefinitions.theGameIsRunning()?[0m

  Scenario Outline: Save position with existing file name                   ?[90m# src/test/resources/ca/mcgill/ecse223/quoridor/features/SavePosition.feature:24?[0m
    ?[31mGiven ?[0m?[31mFile ?[0m?[31m?[1m"save_game_test.dat"?[0m?[31m exists in the filesystem?[0m                ?[90m# CucumberStepDefinitions.fileExistsInTheFilesystem(String)?[0m
      ?[31mjava.lang.AssertionError
	at org.junit.Assert.fail(Assert.java:86)
	at org.junit.Assert.assertTrue(Assert.java:41)
	at org.junit.Assert.assertTrue(Assert.java:52)
	at ca.mcgill.ecse223.quoridor.features.CucumberStepDefinitions.fileExistsInTheFilesystem(CucumberStepDefinitions.java:473)
	at ✽.File "save_game_test.dat" exists in the filesystem(file:src/test/resources/ca/mcgill/ecse223/quoridor/features/SavePosition.feature:17)
?[0m
    ?[36mWhen ?[0m?[36mThe user initiates to save the game with name ?[0m?[36m?[1m"save_game_test.dat"?[0m ?[90m# CucumberStepDefinitions.userInitiatesToSaveTheGameWithName(String)?[0m
    ?[36mAnd ?[0m?[36mThe user confirms to overwrite existing file?[0m                        ?[90m# CucumberStepDefinitions.userConfirmsToOverwriteExistingFile()?[0m
    ?[36mThen ?[0m?[36mFile with ?[0m?[36m?[1m"save_game_test.dat"?[0m?[36m shall be updated in the filesystem?[0m  ?[90m# CucumberStepDefinitions.fileIsUpdatedInTheFilesystem(String)?[0m

  Scenario Outline: Save position cancelled due to existing file name ?[90m# src/test/resources/ca/mcgill/ecse223/quoridor/features/SavePosition.feature:26?[0m
    ?[36mGiven File "<filename>" exists in the filesystem?[0m
    ?[36mWhen The user initiates to save the game with name "<filename>"?[0m
    ?[36mAnd The user cancels to overwrite existing file?[0m
    ?[36mThen File "<filename>" shall not be changed in the filesystem?[0m

    Examples: 

  Background:                 ?[90m# src/test/resources/ca/mcgill/ecse223/quoridor/features/SavePosition.feature:4?[0m
    ?[32mGiven ?[0m?[32mThe game is running?[0m ?[90m# CucumberStepDefinitions.theGameIsRunning()?[0m

  Scenario Outline: Save position cancelled due to existing file name       ?[90m# src/test/resources/ca/mcgill/ecse223/quoridor/features/SavePosition.feature:34?[0m
    ?[31mGiven ?[0m?[31mFile ?[0m?[31m?[1m"save_game_test.dat"?[0m?[31m exists in the filesystem?[0m                ?[90m# CucumberStepDefinitions.fileExistsInTheFilesystem(String)?[0m
      ?[31mjava.lang.AssertionError
	at org.junit.Assert.fail(Assert.java:86)
	at org.junit.Assert.assertTrue(Assert.java:41)
	at org.junit.Assert.assertTrue(Assert.java:52)
	at ca.mcgill.ecse223.quoridor.features.CucumberStepDefinitions.fileExistsInTheFilesystem(CucumberStepDefinitions.java:473)
	at ✽.File "save_game_test.dat" exists in the filesystem(file:src/test/resources/ca/mcgill/ecse223/quoridor/features/SavePosition.feature:27)
?[0m
    ?[36mWhen ?[0m?[36mThe user initiates to save the game with name ?[0m?[36m?[1m"save_game_test.dat"?[0m ?[90m# CucumberStepDefinitions.userInitiatesToSaveTheGameWithName(String)?[0m
    ?[36mAnd ?[0m?[36mThe user cancels to overwrite existing file?[0m                         ?[90m# CucumberStepDefinitions.userCancelsToOverwriteExistingFile()?[0m
    ?[36mThen ?[0m?[36mFile ?[0m?[36m?[1m"save_game_test.dat"?[0m?[36m shall not be changed in the filesystem?[0m   ?[90m# CucumberStepDefinitions.fileIsNotChangedInTheFilesystem(String)?[0m

Feature: Set Total Thinking Time
  As a player, I wish to set the total thinking time (minutes and seconds) 
  enforced for both players to ensure that a game does not last forever 
  before the game starts.

  Scenario Outline: Set thinking time for players ?[90m# src/test/resources/ca/mcgill/ecse223/quoridor/features/SetTotalThinkingTime.feature:9?[0m
    ?[36mWhen <min>:<sec> is set as the thinking time?[0m
    ?[36mThen Both players shall have <min>:<sec> remaining time left?[0m

    Examples: 

  Background:                        ?[90m# src/test/resources/ca/mcgill/ecse223/quoridor/features/SetTotalThinkingTime.feature:6?[0m
    ?[32mGiven ?[0m?[32mA new game is initializing?[0m ?[90m# CucumberStepDefinitions.aNewGameIsInitializing()?[0m

  Scenario Outline: Set thinking time for players         ?[90m# src/test/resources/ca/mcgill/ecse223/quoridor/features/SetTotalThinkingTime.feature:15?[0m
    ?[31mWhen ?[0m?[31m?[0m?[31m?[1m5?[0m?[31m:?[0m?[31m?[1m13?[0m?[31m is set as the thinking time?[0m                 ?[90m# CucumberStepDefinitions.setAsThinkingTime(int,int)?[0m
      ?[31mjava.lang.UnsupportedOperationException
	at ca.mcgill.ecse223.quoridor.controller.QuoridorController.setTime(QuoridorController.java:118)
	at ca.mcgill.ecse223.quoridor.features.CucumberStepDefinitions.setAsThinkingTime(CucumberStepDefinitions.java:401)
	at ✽.5:13 is set as the thinking time(file:src/test/resources/ca/mcgill/ecse223/quoridor/features/SetTotalThinkingTime.feature:10)
?[0m
    ?[36mThen ?[0m?[36mBoth players shall have ?[0m?[36m?[1m5?[0m?[36m:?[0m?[36m?[1m13?[0m?[36m remaining time left?[0m ?[90m# CucumberStepDefinitions.bothPlayersShallHaveRemainingTimeLeft(int,int)?[0m

  Background:                        ?[90m# src/test/resources/ca/mcgill/ecse223/quoridor/features/SetTotalThinkingTime.feature:6?[0m
    ?[32mGiven ?[0m?[32mA new game is initializing?[0m ?[90m# CucumberStepDefinitions.aNewGameIsInitializing()?[0m

  Scenario Outline: Set thinking time for players          ?[90m# src/test/resources/ca/mcgill/ecse223/quoridor/features/SetTotalThinkingTime.feature:16?[0m
    ?[31mWhen ?[0m?[31m?[0m?[31m?[1m10?[0m?[31m:?[0m?[31m?[1m00?[0m?[31m is set as the thinking time?[0m                 ?[90m# CucumberStepDefinitions.setAsThinkingTime(int,int)?[0m
      ?[31mjava.lang.UnsupportedOperationException
	at ca.mcgill.ecse223.quoridor.controller.QuoridorController.setTime(QuoridorController.java:118)
	at ca.mcgill.ecse223.quoridor.features.CucumberStepDefinitions.setAsThinkingTime(CucumberStepDefinitions.java:401)
	at ✽.10:00 is set as the thinking time(file:src/test/resources/ca/mcgill/ecse223/quoridor/features/SetTotalThinkingTime.feature:10)
?[0m
    ?[36mThen ?[0m?[36mBoth players shall have ?[0m?[36m?[1m10?[0m?[36m:?[0m?[36m?[1m00?[0m?[36m remaining time left?[0m ?[90m# CucumberStepDefinitions.bothPlayersShallHaveRemainingTimeLeft(int,int)?[0m

Feature: Start New Game
  As a Quoridor player, I want to start a new game of Quoridor against some opponent. 

  Background:                     ?[90m# src/test/resources/ca/mcgill/ecse223/quoridor/features/StartNewGame.feature:4?[0m
    ?[32mGiven ?[0m?[32mThe game is not running?[0m ?[90m# CucumberStepDefinitions.theGameIsNotRunning()?[0m

  Scenario: Initiate a new game               ?[90m# src/test/resources/ca/mcgill/ecse223/quoridor/features/StartNewGame.feature:7?[0m
    ?[33mWhen ?[0m?[33mA new game is being initialized?[0m      ?[90m# CucumberStepDefinitions.aNewGameIsBeingInitialized()?[0m
      ?[33mcucumber.api.PendingException: TODO: implement me
	at ca.mcgill.ecse223.quoridor.features.CucumberStepDefinitions.aNewGameIsBeingInitialized(CucumberStepDefinitions.java:231)
	at ✽.A new game is being initialized(file:src/test/resources/ca/mcgill/ecse223/quoridor/features/StartNewGame.feature:8)
?[0m
    ?[36mAnd ?[0m?[36mWhite player chooses a username?[0m       ?[90m# CucumberStepDefinitions.whitePlayerChoosesUsername()?[0m
    ?[36mAnd ?[0m?[36mBlack player chooses a username?[0m       ?[90m# CucumberStepDefinitions.blackPlayerChoosesUsername()?[0m
    ?[36mAnd ?[0m?[36mTotal thinking time is set?[0m            ?[90m# CucumberStepDefinitions.totalThinkingTimeSet()?[0m
    ?[36mThen ?[0m?[36mThe game shall become ready to start?[0m ?[90m# CucumberStepDefinitions.gameShallBecomeReadyToStart()?[0m

  Background:                     ?[90m# src/test/resources/ca/mcgill/ecse223/quoridor/features/StartNewGame.feature:4?[0m
    ?[32mGiven ?[0m?[32mThe game is not running?[0m ?[90m# CucumberStepDefinitions.theGameIsNotRunning()?[0m

  Scenario: Start clock                ?[90m# src/test/resources/ca/mcgill/ecse223/quoridor/features/StartNewGame.feature:14?[0m
    ?[33mGiven ?[0m?[33mThe game is ready to start?[0m   ?[90m# CucumberStepDefinitions.gameIsReadyToStart()?[0m
      ?[33mcucumber.api.PendingException: TODO: implement me
	at ca.mcgill.ecse223.quoridor.features.CucumberStepDefinitions.gameIsReadyToStart(CucumberStepDefinitions.java:278)
	at ✽.The game is ready to start(file:src/test/resources/ca/mcgill/ecse223/quoridor/features/StartNewGame.feature:15)
?[0m
    ?[36mWhen ?[0m?[36mI start the clock?[0m             ?[90m# CucumberStepDefinitions.startTheClock()?[0m
    ?[36mThen ?[0m?[36mThe game shall be running?[0m     ?[90m# CucumberStepDefinitions.gameShallBeRunning()?[0m
    ?[36mAnd ?[0m?[36mThe board shall be initialized?[0m ?[90m# CucumberStepDefinitions.boardShallBeInitialized()?[0m

Feature: Switch Current Player
  As a player, I wish to know when it is my turn to move. 
  My clock shall be counting down then. Once my move is finished,
  my clock shall be stopped and it shall be my opponent's turn.

  Scenario Outline: Switch current player ?[90m# src/test/resources/ca/mcgill/ecse223/quoridor/features/SwitchCurrentPlayer.feature:9?[0m
    ?[36mGiven The player to move is "<player>"?[0m
    ?[36mAnd The clock of "<player>" is running?[0m
    ?[36mAnd The clock of "<other>" is stopped?[0m
    ?[36mWhen Player "<player>" completes his move?[0m
    ?[36mThen The user interface shall be showing it is "<other>" turn?[0m
    ?[36mAnd The clock of "<player>" shall be stopped?[0m
    ?[36mAnd The clock of "<other>" shall be running?[0m
    ?[36mAnd The next player to move shall be "<other>"?[0m

    Examples: 

  Background:                 ?[90m# src/test/resources/ca/mcgill/ecse223/quoridor/features/SwitchCurrentPlayer.feature:6?[0m
    ?[32mGiven ?[0m?[32mThe game is running?[0m ?[90m# CucumberStepDefinitions.theGameIsRunning()?[0m

  Scenario Outline: Switch current player                       ?[90m# src/test/resources/ca/mcgill/ecse223/quoridor/features/SwitchCurrentPlayer.feature:21?[0m
    ?[31mGiven ?[0m?[31mThe player to move is ?[0m?[31m?[1m"white"?[0m                         ?[90m# CucumberStepDefinitions.playerToMoveIs(String)?[0m
      ?[31mjava.lang.UnsupportedOperationException: Query method get-player-of-current-turn is not implemented yet
	at ca.mcgill.ecse223.quoridor.controller.QuoridorController.getPlayerOfCurrentTurn(QuoridorController.java:349)
	at ca.mcgill.ecse223.quoridor.features.CucumberStepDefinitions.playerToMoveIs(CucumberStepDefinitions.java:1066)
	at ✽.The player to move is "white"(file:src/test/resources/ca/mcgill/ecse223/quoridor/features/SwitchCurrentPlayer.feature:10)
?[0m
    ?[36mAnd ?[0m?[36mThe clock of ?[0m?[36m?[1m"white"?[0m?[36m is running?[0m                         ?[90m# CucumberStepDefinitions.clockOfPlayerIsRunning(String)?[0m
    ?[36mAnd ?[0m?[36mThe clock of ?[0m?[36m?[1m"black"?[0m?[36m is stopped?[0m                         ?[90m# CucumberStepDefinitions.clockOfPlayerIsStopped(String)?[0m
    ?[36mWhen ?[0m?[36mPlayer ?[0m?[36m?[1m"white"?[0m?[36m completes his move?[0m                      ?[90m# CucumberStepDefinitions.playerCompletesHisMove(String)?[0m
    ?[36mThen ?[0m?[36mThe user interface shall be showing it is ?[0m?[36m?[1m"black"?[0m?[36m turn?[0m ?[90m# CucumberStepDefinitions.userInterfaceShallBeShowingItIsOpponentsTurn(String)?[0m
    ?[36mAnd ?[0m?[36mThe clock of ?[0m?[36m?[1m"white"?[0m?[36m shall be stopped?[0m                   ?[90m# CucumberStepDefinitions.clockOfPlayerShallBeStopped(String)?[0m
    ?[36mAnd ?[0m?[36mThe clock of ?[0m?[36m?[1m"black"?[0m?[36m shall be running?[0m                   ?[90m# CucumberStepDefinitions.clockOfPlayerShallBeRunning(String)?[0m
    ?[36mAnd ?[0m?[36mThe next player to move shall be ?[0m?[36m?[1m"black"?[0m                ?[90m# CucumberStepDefinitions.nextPlayerToMoveShallBe(String)?[0m

  Background:                 ?[90m# src/test/resources/ca/mcgill/ecse223/quoridor/features/SwitchCurrentPlayer.feature:6?[0m
    ?[32mGiven ?[0m?[32mThe game is running?[0m ?[90m# CucumberStepDefinitions.theGameIsRunning()?[0m

  Scenario Outline: Switch current player                       ?[90m# src/test/resources/ca/mcgill/ecse223/quoridor/features/SwitchCurrentPlayer.feature:22?[0m
    ?[31mGiven ?[0m?[31mThe player to move is ?[0m?[31m?[1m"black"?[0m                         ?[90m# CucumberStepDefinitions.playerToMoveIs(String)?[0m
      ?[31mjava.lang.UnsupportedOperationException: Query method get-player-of-current-turn is not implemented yet
	at ca.mcgill.ecse223.quoridor.controller.QuoridorController.getPlayerOfCurrentTurn(QuoridorController.java:349)
	at ca.mcgill.ecse223.quoridor.features.CucumberStepDefinitions.playerToMoveIs(CucumberStepDefinitions.java:1066)
	at ✽.The player to move is "black"(file:src/test/resources/ca/mcgill/ecse223/quoridor/features/SwitchCurrentPlayer.feature:10)
?[0m
    ?[36mAnd ?[0m?[36mThe clock of ?[0m?[36m?[1m"black"?[0m?[36m is running?[0m                         ?[90m# CucumberStepDefinitions.clockOfPlayerIsRunning(String)?[0m
    ?[36mAnd ?[0m?[36mThe clock of ?[0m?[36m?[1m"white"?[0m?[36m is stopped?[0m                         ?[90m# CucumberStepDefinitions.clockOfPlayerIsStopped(String)?[0m
    ?[36mWhen ?[0m?[36mPlayer ?[0m?[36m?[1m"black"?[0m?[36m completes his move?[0m                      ?[90m# CucumberStepDefinitions.playerCompletesHisMove(String)?[0m
    ?[36mThen ?[0m?[36mThe user interface shall be showing it is ?[0m?[36m?[1m"white"?[0m?[36m turn?[0m ?[90m# CucumberStepDefinitions.userInterfaceShallBeShowingItIsOpponentsTurn(String)?[0m
    ?[36mAnd ?[0m?[36mThe clock of ?[0m?[36m?[1m"black"?[0m?[36m shall be stopped?[0m                   ?[90m# CucumberStepDefinitions.clockOfPlayerShallBeStopped(String)?[0m
    ?[36mAnd ?[0m?[36mThe clock of ?[0m?[36m?[1m"white"?[0m?[36m shall be running?[0m                   ?[90m# CucumberStepDefinitions.clockOfPlayerShallBeRunning(String)?[0m
    ?[36mAnd ?[0m?[36mThe next player to move shall be ?[0m?[36m?[1m"white"?[0m                ?[90m# CucumberStepDefinitions.nextPlayerToMoveShallBe(String)?[0m

Feature: Validate Position
  As a player, I want to check if a given position is invalid with e.g. 
  overlapping walls or out-of-track pawn or wall positions.

  Scenario Outline: Validate pawn position ?[90m# src/test/resources/ca/mcgill/ecse223/quoridor/features/ValidatePosition.feature:8?[0m
    ?[36mGiven A game position is supplied with pawn coordinate <row>:<col>?[0m
    ?[36mWhen Validation of the position is initiated?[0m
    ?[36mThen The position shall be "<result>"?[0m

    Examples: 

  Background:                 ?[90m# src/test/resources/ca/mcgill/ecse223/quoridor/features/ValidatePosition.feature:5?[0m
    ?[32mGiven ?[0m?[32mThe game is running?[0m ?[90m# CucumberStepDefinitions.theGameIsRunning()?[0m

  Scenario Outline: Validate pawn position                     ?[90m# src/test/resources/ca/mcgill/ecse223/quoridor/features/ValidatePosition.feature:15?[0m
    ?[32mGiven ?[0m?[32mA game position is supplied with pawn coordinate ?[0m?[32m?[1m1?[0m?[32m:?[0m?[32m?[1m1?[0m ?[90m# CucumberStepDefinitions.gamePositionIsSuppliedWithPawn(int,int)?[0m
    ?[31mWhen ?[0m?[31mValidation of the position is initiated?[0m               ?[90m# CucumberStepDefinitions.validationOfThePositionIsInitiated()?[0m
      ?[31mjava.lang.UnsupportedOperationException
	at ca.mcgill.ecse223.quoridor.controller.QuoridorController.validatePawnPlacement(QuoridorController.java:225)
	at ca.mcgill.ecse223.quoridor.features.CucumberStepDefinitions.validationOfThePositionIsInitiated(CucumberStepDefinitions.java:1004)
	at ✽.Validation of the position is initiated(file:src/test/resources/ca/mcgill/ecse223/quoridor/features/ValidatePosition.feature:10)
?[0m
    ?[36mThen ?[0m?[36mThe position shall be ?[0m?[36m?[1m"ok"?[0m                            ?[90m# CucumberStepDefinitions.positionShallBe(String)?[0m

  Background:                 ?[90m# src/test/resources/ca/mcgill/ecse223/quoridor/features/ValidatePosition.feature:5?[0m
    ?[32mGiven ?[0m?[32mThe game is running?[0m ?[90m# CucumberStepDefinitions.theGameIsRunning()?[0m

  Scenario Outline: Validate pawn position                     ?[90m# src/test/resources/ca/mcgill/ecse223/quoridor/features/ValidatePosition.feature:16?[0m
    ?[32mGiven ?[0m?[32mA game position is supplied with pawn coordinate ?[0m?[32m?[1m9?[0m?[32m:?[0m?[32m?[1m9?[0m ?[90m# CucumberStepDefinitions.gamePositionIsSuppliedWithPawn(int,int)?[0m
    ?[31mWhen ?[0m?[31mValidation of the position is initiated?[0m               ?[90m# CucumberStepDefinitions.validationOfThePositionIsInitiated()?[0m
      ?[31mjava.lang.UnsupportedOperationException
	at ca.mcgill.ecse223.quoridor.controller.QuoridorController.validatePawnPlacement(QuoridorController.java:225)
	at ca.mcgill.ecse223.quoridor.features.CucumberStepDefinitions.validationOfThePositionIsInitiated(CucumberStepDefinitions.java:1004)
	at ✽.Validation of the position is initiated(file:src/test/resources/ca/mcgill/ecse223/quoridor/features/ValidatePosition.feature:10)
?[0m
    ?[36mThen ?[0m?[36mThe position shall be ?[0m?[36m?[1m"ok"?[0m                            ?[90m# CucumberStepDefinitions.positionShallBe(String)?[0m

  Background:                 ?[90m# src/test/resources/ca/mcgill/ecse223/quoridor/features/ValidatePosition.feature:5?[0m
    ?[32mGiven ?[0m?[32mThe game is running?[0m ?[90m# CucumberStepDefinitions.theGameIsRunning()?[0m

  Scenario Outline: Validate pawn position                     ?[90m# src/test/resources/ca/mcgill/ecse223/quoridor/features/ValidatePosition.feature:17?[0m
    ?[32mGiven ?[0m?[32mA game position is supplied with pawn coordinate ?[0m?[32m?[1m4?[0m?[32m:?[0m?[32m?[1m2?[0m ?[90m# CucumberStepDefinitions.gamePositionIsSuppliedWithPawn(int,int)?[0m
    ?[31mWhen ?[0m?[31mValidation of the position is initiated?[0m               ?[90m# CucumberStepDefinitions.validationOfThePositionIsInitiated()?[0m
      ?[31mjava.lang.UnsupportedOperationException
	at ca.mcgill.ecse223.quoridor.controller.QuoridorController.validatePawnPlacement(QuoridorController.java:225)
	at ca.mcgill.ecse223.quoridor.features.CucumberStepDefinitions.validationOfThePositionIsInitiated(CucumberStepDefinitions.java:1004)
	at ✽.Validation of the position is initiated(file:src/test/resources/ca/mcgill/ecse223/quoridor/features/ValidatePosition.feature:10)
?[0m
    ?[36mThen ?[0m?[36mThe position shall be ?[0m?[36m?[1m"ok"?[0m                            ?[90m# CucumberStepDefinitions.positionShallBe(String)?[0m

  Background:                 ?[90m# src/test/resources/ca/mcgill/ecse223/quoridor/features/ValidatePosition.feature:5?[0m
    ?[32mGiven ?[0m?[32mThe game is running?[0m ?[90m# CucumberStepDefinitions.theGameIsRunning()?[0m

  Scenario Outline: Validate pawn position                     ?[90m# src/test/resources/ca/mcgill/ecse223/quoridor/features/ValidatePosition.feature:18?[0m
    ?[32mGiven ?[0m?[32mA game position is supplied with pawn coordinate ?[0m?[32m?[1m0?[0m?[32m:?[0m?[32m?[1m3?[0m ?[90m# CucumberStepDefinitions.gamePositionIsSuppliedWithPawn(int,int)?[0m
    ?[31mWhen ?[0m?[31mValidation of the position is initiated?[0m               ?[90m# CucumberStepDefinitions.validationOfThePositionIsInitiated()?[0m
      ?[31mjava.lang.UnsupportedOperationException
	at ca.mcgill.ecse223.quoridor.controller.QuoridorController.validatePawnPlacement(QuoridorController.java:225)
	at ca.mcgill.ecse223.quoridor.features.CucumberStepDefinitions.validationOfThePositionIsInitiated(CucumberStepDefinitions.java:1004)
	at ✽.Validation of the position is initiated(file:src/test/resources/ca/mcgill/ecse223/quoridor/features/ValidatePosition.feature:10)
?[0m
    ?[36mThen ?[0m?[36mThe position shall be ?[0m?[36m?[1m"error"?[0m                         ?[90m# CucumberStepDefinitions.positionShallBe(String)?[0m

  Background:                 ?[90m# src/test/resources/ca/mcgill/ecse223/quoridor/features/ValidatePosition.feature:5?[0m
    ?[32mGiven ?[0m?[32mThe game is running?[0m ?[90m# CucumberStepDefinitions.theGameIsRunning()?[0m

  Scenario Outline: Validate pawn position                      ?[90m# src/test/resources/ca/mcgill/ecse223/quoridor/features/ValidatePosition.feature:19?[0m
    ?[32mGiven ?[0m?[32mA game position is supplied with pawn coordinate ?[0m?[32m?[1m-1?[0m?[32m:?[0m?[32m?[1m4?[0m ?[90m# CucumberStepDefinitions.gamePositionIsSuppliedWithPawn(int,int)?[0m
    ?[31mWhen ?[0m?[31mValidation of the position is initiated?[0m                ?[90m# CucumberStepDefinitions.validationOfThePositionIsInitiated()?[0m
      ?[31mjava.lang.UnsupportedOperationException
	at ca.mcgill.ecse223.quoridor.controller.QuoridorController.validatePawnPlacement(QuoridorController.java:225)
	at ca.mcgill.ecse223.quoridor.features.CucumberStepDefinitions.validationOfThePositionIsInitiated(CucumberStepDefinitions.java:1004)
	at ✽.Validation of the position is initiated(file:src/test/resources/ca/mcgill/ecse223/quoridor/features/ValidatePosition.feature:10)
?[0m
    ?[36mThen ?[0m?[36mThe position shall be ?[0m?[36m?[1m"error"?[0m                          ?[90m# CucumberStepDefinitions.positionShallBe(String)?[0m

  Background:                 ?[90m# src/test/resources/ca/mcgill/ecse223/quoridor/features/ValidatePosition.feature:5?[0m
    ?[32mGiven ?[0m?[32mThe game is running?[0m ?[90m# CucumberStepDefinitions.theGameIsRunning()?[0m

  Scenario Outline: Validate pawn position                     ?[90m# src/test/resources/ca/mcgill/ecse223/quoridor/features/ValidatePosition.feature:20?[0m
    ?[32mGiven ?[0m?[32mA game position is supplied with pawn coordinate ?[0m?[32m?[1m3?[0m?[32m:?[0m?[32m?[1m0?[0m ?[90m# CucumberStepDefinitions.gamePositionIsSuppliedWithPawn(int,int)?[0m
    ?[31mWhen ?[0m?[31mValidation of the position is initiated?[0m               ?[90m# CucumberStepDefinitions.validationOfThePositionIsInitiated()?[0m
      ?[31mjava.lang.UnsupportedOperationException
	at ca.mcgill.ecse223.quoridor.controller.QuoridorController.validatePawnPlacement(QuoridorController.java:225)
	at ca.mcgill.ecse223.quoridor.features.CucumberStepDefinitions.validationOfThePositionIsInitiated(CucumberStepDefinitions.java:1004)
	at ✽.Validation of the position is initiated(file:src/test/resources/ca/mcgill/ecse223/quoridor/features/ValidatePosition.feature:10)
?[0m
    ?[36mThen ?[0m?[36mThe position shall be ?[0m?[36m?[1m"error"?[0m                         ?[90m# CucumberStepDefinitions.positionShallBe(String)?[0m

  Background:                 ?[90m# src/test/resources/ca/mcgill/ecse223/quoridor/features/ValidatePosition.feature:5?[0m
    ?[32mGiven ?[0m?[32mThe game is running?[0m ?[90m# CucumberStepDefinitions.theGameIsRunning()?[0m

  Scenario Outline: Validate pawn position                      ?[90m# src/test/resources/ca/mcgill/ecse223/quoridor/features/ValidatePosition.feature:21?[0m
    ?[32mGiven ?[0m?[32mA game position is supplied with pawn coordinate ?[0m?[32m?[1m4?[0m?[32m:?[0m?[32m?[1m-1?[0m ?[90m# CucumberStepDefinitions.gamePositionIsSuppliedWithPawn(int,int)?[0m
    ?[31mWhen ?[0m?[31mValidation of the position is initiated?[0m                ?[90m# CucumberStepDefinitions.validationOfThePositionIsInitiated()?[0m
      ?[31mjava.lang.UnsupportedOperationException
	at ca.mcgill.ecse223.quoridor.controller.QuoridorController.validatePawnPlacement(QuoridorController.java:225)
	at ca.mcgill.ecse223.quoridor.features.CucumberStepDefinitions.validationOfThePositionIsInitiated(CucumberStepDefinitions.java:1004)
	at ✽.Validation of the position is initiated(file:src/test/resources/ca/mcgill/ecse223/quoridor/features/ValidatePosition.feature:10)
?[0m
    ?[36mThen ?[0m?[36mThe position shall be ?[0m?[36m?[1m"error"?[0m                          ?[90m# CucumberStepDefinitions.positionShallBe(String)?[0m

  Background:                 ?[90m# src/test/resources/ca/mcgill/ecse223/quoridor/features/ValidatePosition.feature:5?[0m
    ?[32mGiven ?[0m?[32mThe game is running?[0m ?[90m# CucumberStepDefinitions.theGameIsRunning()?[0m

  Scenario Outline: Validate pawn position                      ?[90m# src/test/resources/ca/mcgill/ecse223/quoridor/features/ValidatePosition.feature:22?[0m
    ?[32mGiven ?[0m?[32mA game position is supplied with pawn coordinate ?[0m?[32m?[1m10?[0m?[32m:?[0m?[32m?[1m5?[0m ?[90m# CucumberStepDefinitions.gamePositionIsSuppliedWithPawn(int,int)?[0m
    ?[31mWhen ?[0m?[31mValidation of the position is initiated?[0m                ?[90m# CucumberStepDefinitions.validationOfThePositionIsInitiated()?[0m
      ?[31mjava.lang.UnsupportedOperationException
	at ca.mcgill.ecse223.quoridor.controller.QuoridorController.validatePawnPlacement(QuoridorController.java:225)
	at ca.mcgill.ecse223.quoridor.features.CucumberStepDefinitions.validationOfThePositionIsInitiated(CucumberStepDefinitions.java:1004)
	at ✽.Validation of the position is initiated(file:src/test/resources/ca/mcgill/ecse223/quoridor/features/ValidatePosition.feature:10)
?[0m
    ?[36mThen ?[0m?[36mThe position shall be ?[0m?[36m?[1m"error"?[0m                          ?[90m# CucumberStepDefinitions.positionShallBe(String)?[0m

  Background:                 ?[90m# src/test/resources/ca/mcgill/ecse223/quoridor/features/ValidatePosition.feature:5?[0m
    ?[32mGiven ?[0m?[32mThe game is running?[0m ?[90m# CucumberStepDefinitions.theGameIsRunning()?[0m

  Scenario Outline: Validate pawn position                      ?[90m# src/test/resources/ca/mcgill/ecse223/quoridor/features/ValidatePosition.feature:23?[0m
    ?[32mGiven ?[0m?[32mA game position is supplied with pawn coordinate ?[0m?[32m?[1m5?[0m?[32m:?[0m?[32m?[1m10?[0m ?[90m# CucumberStepDefinitions.gamePositionIsSuppliedWithPawn(int,int)?[0m
    ?[31mWhen ?[0m?[31mValidation of the position is initiated?[0m                ?[90m# CucumberStepDefinitions.validationOfThePositionIsInitiated()?[0m
      ?[31mjava.lang.UnsupportedOperationException
	at ca.mcgill.ecse223.quoridor.controller.QuoridorController.validatePawnPlacement(QuoridorController.java:225)
	at ca.mcgill.ecse223.quoridor.features.CucumberStepDefinitions.validationOfThePositionIsInitiated(CucumberStepDefinitions.java:1004)
	at ✽.Validation of the position is initiated(file:src/test/resources/ca/mcgill/ecse223/quoridor/features/ValidatePosition.feature:10)
?[0m
    ?[36mThen ?[0m?[36mThe position shall be ?[0m?[36m?[1m"error"?[0m                          ?[90m# CucumberStepDefinitions.positionShallBe(String)?[0m

  Scenario Outline: Validate wall position ?[90m# src/test/resources/ca/mcgill/ecse223/quoridor/features/ValidatePosition.feature:25?[0m
    ?[36mGiven A game position is supplied with wall coordinate <row>:<col>-"<dir>"?[0m
    ?[36mWhen Validation of the position is initiated?[0m
    ?[36mThen The position shall be "<result>"?[0m

    Examples: 

  Background:                 ?[90m# src/test/resources/ca/mcgill/ecse223/quoridor/features/ValidatePosition.feature:5?[0m
    ?[32mGiven ?[0m?[32mThe game is running?[0m ?[90m# CucumberStepDefinitions.theGameIsRunning()?[0m

  Scenario Outline: Validate wall position                                  ?[90m# src/test/resources/ca/mcgill/ecse223/quoridor/features/ValidatePosition.feature:32?[0m
    ?[32mGiven ?[0m?[32mA game position is supplied with wall coordinate ?[0m?[32m?[1m1?[0m?[32m:?[0m?[32m?[1m1?[0m?[32m-?[0m?[32m?[1m"horizontal"?[0m ?[90m# CucumberStepDefinitions.gamePositionIsSuppliedWithWall(int,int,String)?[0m
    ?[31mWhen ?[0m?[31mValidation of the position is initiated?[0m                            ?[90m# CucumberStepDefinitions.validationOfThePositionIsInitiated()?[0m
      ?[31mjava.lang.UnsupportedOperationException
	at ca.mcgill.ecse223.quoridor.controller.QuoridorController.validateWallPlacement(QuoridorController.java:270)
	at ca.mcgill.ecse223.quoridor.features.CucumberStepDefinitions.validationOfThePositionIsInitiated(CucumberStepDefinitions.java:1007)
	at ✽.Validation of the position is initiated(file:src/test/resources/ca/mcgill/ecse223/quoridor/features/ValidatePosition.feature:27)
?[0m
    ?[36mThen ?[0m?[36mThe position shall be ?[0m?[36m?[1m"ok"?[0m                                         ?[90m# CucumberStepDefinitions.positionShallBe(String)?[0m

  Background:                 ?[90m# src/test/resources/ca/mcgill/ecse223/quoridor/features/ValidatePosition.feature:5?[0m
    ?[32mGiven ?[0m?[32mThe game is running?[0m ?[90m# CucumberStepDefinitions.theGameIsRunning()?[0m

  Scenario Outline: Validate wall position                                ?[90m# src/test/resources/ca/mcgill/ecse223/quoridor/features/ValidatePosition.feature:33?[0m
    ?[32mGiven ?[0m?[32mA game position is supplied with wall coordinate ?[0m?[32m?[1m8?[0m?[32m:?[0m?[32m?[1m8?[0m?[32m-?[0m?[32m?[1m"vertical"?[0m ?[90m# CucumberStepDefinitions.gamePositionIsSuppliedWithWall(int,int,String)?[0m
    ?[31mWhen ?[0m?[31mValidation of the position is initiated?[0m                          ?[90m# CucumberStepDefinitions.validationOfThePositionIsInitiated()?[0m
      ?[31mjava.lang.UnsupportedOperationException
	at ca.mcgill.ecse223.quoridor.controller.QuoridorController.validateWallPlacement(QuoridorController.java:270)
	at ca.mcgill.ecse223.quoridor.features.CucumberStepDefinitions.validationOfThePositionIsInitiated(CucumberStepDefinitions.java:1007)
	at ✽.Validation of the position is initiated(file:src/test/resources/ca/mcgill/ecse223/quoridor/features/ValidatePosition.feature:27)
?[0m
    ?[36mThen ?[0m?[36mThe position shall be ?[0m?[36m?[1m"ok"?[0m                                       ?[90m# CucumberStepDefinitions.positionShallBe(String)?[0m

  Background:                 ?[90m# src/test/resources/ca/mcgill/ecse223/quoridor/features/ValidatePosition.feature:5?[0m
    ?[32mGiven ?[0m?[32mThe game is running?[0m ?[90m# CucumberStepDefinitions.theGameIsRunning()?[0m

  Scenario Outline: Validate wall position                                  ?[90m# src/test/resources/ca/mcgill/ecse223/quoridor/features/ValidatePosition.feature:34?[0m
    ?[32mGiven ?[0m?[32mA game position is supplied with wall coordinate ?[0m?[32m?[1m4?[0m?[32m:?[0m?[32m?[1m2?[0m?[32m-?[0m?[32m?[1m"horizontal"?[0m ?[90m# CucumberStepDefinitions.gamePositionIsSuppliedWithWall(int,int,String)?[0m
    ?[31mWhen ?[0m?[31mValidation of the position is initiated?[0m                            ?[90m# CucumberStepDefinitions.validationOfThePositionIsInitiated()?[0m
      ?[31mjava.lang.UnsupportedOperationException
	at ca.mcgill.ecse223.quoridor.controller.QuoridorController.validateWallPlacement(QuoridorController.java:270)
	at ca.mcgill.ecse223.quoridor.features.CucumberStepDefinitions.validationOfThePositionIsInitiated(CucumberStepDefinitions.java:1007)
	at ✽.Validation of the position is initiated(file:src/test/resources/ca/mcgill/ecse223/quoridor/features/ValidatePosition.feature:27)
?[0m
    ?[36mThen ?[0m?[36mThe position shall be ?[0m?[36m?[1m"ok"?[0m                                         ?[90m# CucumberStepDefinitions.positionShallBe(String)?[0m

  Background:                 ?[90m# src/test/resources/ca/mcgill/ecse223/quoridor/features/ValidatePosition.feature:5?[0m
    ?[32mGiven ?[0m?[32mThe game is running?[0m ?[90m# CucumberStepDefinitions.theGameIsRunning()?[0m

  Scenario Outline: Validate wall position                                ?[90m# src/test/resources/ca/mcgill/ecse223/quoridor/features/ValidatePosition.feature:35?[0m
    ?[32mGiven ?[0m?[32mA game position is supplied with wall coordinate ?[0m?[32m?[1m0?[0m?[32m:?[0m?[32m?[1m3?[0m?[32m-?[0m?[32m?[1m"vertical"?[0m ?[90m# CucumberStepDefinitions.gamePositionIsSuppliedWithWall(int,int,String)?[0m
    ?[31mWhen ?[0m?[31mValidation of the position is initiated?[0m                          ?[90m# CucumberStepDefinitions.validationOfThePositionIsInitiated()?[0m
      ?[31mjava.lang.UnsupportedOperationException
	at ca.mcgill.ecse223.quoridor.controller.QuoridorController.validateWallPlacement(QuoridorController.java:270)
	at ca.mcgill.ecse223.quoridor.features.CucumberStepDefinitions.validationOfThePositionIsInitiated(CucumberStepDefinitions.java:1007)
	at ✽.Validation of the position is initiated(file:src/test/resources/ca/mcgill/ecse223/quoridor/features/ValidatePosition.feature:27)
?[0m
    ?[36mThen ?[0m?[36mThe position shall be ?[0m?[36m?[1m"error"?[0m                                    ?[90m# CucumberStepDefinitions.positionShallBe(String)?[0m

  Background:                 ?[90m# src/test/resources/ca/mcgill/ecse223/quoridor/features/ValidatePosition.feature:5?[0m
    ?[32mGiven ?[0m?[32mThe game is running?[0m ?[90m# CucumberStepDefinitions.theGameIsRunning()?[0m

  Scenario Outline: Validate wall position                                  ?[90m# src/test/resources/ca/mcgill/ecse223/quoridor/features/ValidatePosition.feature:36?[0m
    ?[32mGiven ?[0m?[32mA game position is supplied with wall coordinate ?[0m?[32m?[1m3?[0m?[32m:?[0m?[32m?[1m0?[0m?[32m-?[0m?[32m?[1m"horizontal"?[0m ?[90m# CucumberStepDefinitions.gamePositionIsSuppliedWithWall(int,int,String)?[0m
    ?[31mWhen ?[0m?[31mValidation of the position is initiated?[0m                            ?[90m# CucumberStepDefinitions.validationOfThePositionIsInitiated()?[0m
      ?[31mjava.lang.UnsupportedOperationException
	at ca.mcgill.ecse223.quoridor.controller.QuoridorController.validateWallPlacement(QuoridorController.java:270)
	at ca.mcgill.ecse223.quoridor.features.CucumberStepDefinitions.validationOfThePositionIsInitiated(CucumberStepDefinitions.java:1007)
	at ✽.Validation of the position is initiated(file:src/test/resources/ca/mcgill/ecse223/quoridor/features/ValidatePosition.feature:27)
?[0m
    ?[36mThen ?[0m?[36mThe position shall be ?[0m?[36m?[1m"error"?[0m                                      ?[90m# CucumberStepDefinitions.positionShallBe(String)?[0m

  Background:                 ?[90m# src/test/resources/ca/mcgill/ecse223/quoridor/features/ValidatePosition.feature:5?[0m
    ?[32mGiven ?[0m?[32mThe game is running?[0m ?[90m# CucumberStepDefinitions.theGameIsRunning()?[0m

  Scenario Outline: Validate wall position                                ?[90m# src/test/resources/ca/mcgill/ecse223/quoridor/features/ValidatePosition.feature:37?[0m
    ?[32mGiven ?[0m?[32mA game position is supplied with wall coordinate ?[0m?[32m?[1m9?[0m?[32m:?[0m?[32m?[1m5?[0m?[32m-?[0m?[32m?[1m"vertical"?[0m ?[90m# CucumberStepDefinitions.gamePositionIsSuppliedWithWall(int,int,String)?[0m
    ?[31mWhen ?[0m?[31mValidation of the position is initiated?[0m                          ?[90m# CucumberStepDefinitions.validationOfThePositionIsInitiated()?[0m
      ?[31mjava.lang.UnsupportedOperationException
	at ca.mcgill.ecse223.quoridor.controller.QuoridorController.validateWallPlacement(QuoridorController.java:270)
	at ca.mcgill.ecse223.quoridor.features.CucumberStepDefinitions.validationOfThePositionIsInitiated(CucumberStepDefinitions.java:1007)
	at ✽.Validation of the position is initiated(file:src/test/resources/ca/mcgill/ecse223/quoridor/features/ValidatePosition.feature:27)
?[0m
    ?[36mThen ?[0m?[36mThe position shall be ?[0m?[36m?[1m"error"?[0m                                    ?[90m# CucumberStepDefinitions.positionShallBe(String)?[0m

  Background:                 ?[90m# src/test/resources/ca/mcgill/ecse223/quoridor/features/ValidatePosition.feature:5?[0m
    ?[32mGiven ?[0m?[32mThe game is running?[0m ?[90m# CucumberStepDefinitions.theGameIsRunning()?[0m

  Scenario Outline: Validate wall position                                  ?[90m# src/test/resources/ca/mcgill/ecse223/quoridor/features/ValidatePosition.feature:38?[0m
    ?[32mGiven ?[0m?[32mA game position is supplied with wall coordinate ?[0m?[32m?[1m5?[0m?[32m:?[0m?[32m?[1m9?[0m?[32m-?[0m?[32m?[1m"horizontal"?[0m ?[90m# CucumberStepDefinitions.gamePositionIsSuppliedWithWall(int,int,String)?[0m
    ?[31mWhen ?[0m?[31mValidation of the position is initiated?[0m                            ?[90m# CucumberStepDefinitions.validationOfThePositionIsInitiated()?[0m
      ?[31mjava.lang.UnsupportedOperationException
	at ca.mcgill.ecse223.quoridor.controller.QuoridorController.validateWallPlacement(QuoridorController.java:270)
	at ca.mcgill.ecse223.quoridor.features.CucumberStepDefinitions.validationOfThePositionIsInitiated(CucumberStepDefinitions.java:1007)
	at ✽.Validation of the position is initiated(file:src/test/resources/ca/mcgill/ecse223/quoridor/features/ValidatePosition.feature:27)
?[0m
    ?[36mThen ?[0m?[36mThe position shall be ?[0m?[36m?[1m"error"?[0m                                      ?[90m# CucumberStepDefinitions.positionShallBe(String)?[0m

  Background:                 ?[90m# src/test/resources/ca/mcgill/ecse223/quoridor/features/ValidatePosition.feature:5?[0m
    ?[32mGiven ?[0m?[32mThe game is running?[0m ?[90m# CucumberStepDefinitions.theGameIsRunning()?[0m

  Scenario: Validate overlapping walls (all valid) ?[90m# src/test/resources/ca/mcgill/ecse223/quoridor/features/ValidatePosition.feature:40?[0m

    ?[32mGiven ?[0m?[32mThe following walls exist:?[0m               ?[90m# CucumberStepDefinitions.theFollowingWallsExist(DataTable)?[0m
    ?[31mWhen ?[0m?[31mValidation of the position is initiated?[0m   ?[90m# CucumberStepDefinitions.validationOfThePositionIsInitiated()?[0m
      ?[31mjava.lang.UnsupportedOperationException
	at ca.mcgill.ecse223.quoridor.controller.QuoridorController.validatePawnPlacement(QuoridorController.java:225)
	at ca.mcgill.ecse223.quoridor.features.CucumberStepDefinitions.validationOfThePositionIsInitiated(CucumberStepDefinitions.java:1004)
	at ✽.Validation of the position is initiated(file:src/test/resources/ca/mcgill/ecse223/quoridor/features/ValidatePosition.feature:45)
?[0m
    ?[36mThen ?[0m?[36mThe position shall be valid?[0m               ?[90m# CucumberStepDefinitions.positionShallBeValid()?[0m

  Background:                 ?[90m# src/test/resources/ca/mcgill/ecse223/quoridor/features/ValidatePosition.feature:5?[0m
    ?[32mGiven ?[0m?[32mThe game is running?[0m ?[90m# CucumberStepDefinitions.theGameIsRunning()?[0m

  Scenario: Validate overlapping walls (invalid-1) ?[90m# src/test/resources/ca/mcgill/ecse223/quoridor/features/ValidatePosition.feature:48?[0m

    ?[32mGiven ?[0m?[32mThe following walls exist:?[0m               ?[90m# CucumberStepDefinitions.theFollowingWallsExist(DataTable)?[0m
    ?[31mWhen ?[0m?[31mValidation of the position is initiated?[0m   ?[90m# CucumberStepDefinitions.validationOfThePositionIsInitiated()?[0m
      ?[31mjava.lang.UnsupportedOperationException
	at ca.mcgill.ecse223.quoridor.controller.QuoridorController.validatePawnPlacement(QuoridorController.java:225)
	at ca.mcgill.ecse223.quoridor.features.CucumberStepDefinitions.validationOfThePositionIsInitiated(CucumberStepDefinitions.java:1004)
	at ✽.Validation of the position is initiated(file:src/test/resources/ca/mcgill/ecse223/quoridor/features/ValidatePosition.feature:53)
?[0m
    ?[36mThen ?[0m?[36mThe position shall be invalid?[0m             ?[90m# CucumberStepDefinitions.positionShallBeInvalid()?[0m

  Background:                 ?[90m# src/test/resources/ca/mcgill/ecse223/quoridor/features/ValidatePosition.feature:5?[0m
    ?[32mGiven ?[0m?[32mThe game is running?[0m ?[90m# CucumberStepDefinitions.theGameIsRunning()?[0m

  Scenario: Validate overlapping walls (invalid-2) ?[90m# src/test/resources/ca/mcgill/ecse223/quoridor/features/ValidatePosition.feature:56?[0m

    ?[32mGiven ?[0m?[32mThe following walls exist:?[0m               ?[90m# CucumberStepDefinitions.theFollowingWallsExist(DataTable)?[0m
    ?[31mWhen ?[0m?[31mValidation of the position is initiated?[0m   ?[90m# CucumberStepDefinitions.validationOfThePositionIsInitiated()?[0m
      ?[31mjava.lang.UnsupportedOperationException
	at ca.mcgill.ecse223.quoridor.controller.QuoridorController.validatePawnPlacement(QuoridorController.java:225)
	at ca.mcgill.ecse223.quoridor.features.CucumberStepDefinitions.validationOfThePositionIsInitiated(CucumberStepDefinitions.java:1004)
	at ✽.Validation of the position is initiated(file:src/test/resources/ca/mcgill/ecse223/quoridor/features/ValidatePosition.feature:61)
?[0m
    ?[36mThen ?[0m?[36mThe position shall be invalid?[0m             ?[90m# CucumberStepDefinitions.positionShallBeInvalid()?[0m

  Background:                 ?[90m# src/test/resources/ca/mcgill/ecse223/quoridor/features/ValidatePosition.feature:5?[0m
    ?[32mGiven ?[0m?[32mThe game is running?[0m ?[90m# CucumberStepDefinitions.theGameIsRunning()?[0m

  Scenario: Validate overlapping walls (invalid-3) ?[90m# src/test/resources/ca/mcgill/ecse223/quoridor/features/ValidatePosition.feature:64?[0m

    ?[32mGiven ?[0m?[32mThe following walls exist:?[0m               ?[90m# CucumberStepDefinitions.theFollowingWallsExist(DataTable)?[0m
    ?[31mWhen ?[0m?[31mValidation of the position is initiated?[0m   ?[90m# CucumberStepDefinitions.validationOfThePositionIsInitiated()?[0m
      ?[31mjava.lang.UnsupportedOperationException
	at ca.mcgill.ecse223.quoridor.controller.QuoridorController.validatePawnPlacement(QuoridorController.java:225)
	at ca.mcgill.ecse223.quoridor.features.CucumberStepDefinitions.validationOfThePositionIsInitiated(CucumberStepDefinitions.java:1004)
	at ✽.Validation of the position is initiated(file:src/test/resources/ca/mcgill/ecse223/quoridor/features/ValidatePosition.feature:69)
?[0m
    ?[36mThen ?[0m?[36mThe position shall be invalid?[0m             ?[90m# CucumberStepDefinitions.positionShallBeInvalid()?[0m

There were undefined steps. You can implement missing steps with the snippets below:

@Given("The player is located at {int}:{int}")
public void the_player_is_located_at(Integer int1, Integer int2) {
    // Write code here that turns the phrase above into concrete actions
    throw new cucumber.api.PendingException();
}

@Given("There are no {string} walls {string} from the player")
public void there_are_no_walls_from_the_player(String string, String string2) {
    // Write code here that turns the phrase above into concrete actions
    throw new cucumber.api.PendingException();
}

@Given("The opponent is not {string} from the player")
public void the_opponent_is_not_from_the_player(String string) {
    // Write code here that turns the phrase above into concrete actions
    throw new cucumber.api.PendingException();
}

@When("Player {string} initiates to move {string}")
public void player_initiates_to_move(String string, String string2) {
    // Write code here that turns the phrase above into concrete actions
    throw new cucumber.api.PendingException();
}

@Then("The move {string} shall be {string}")
public void the_move_shall_be(String string, String string2) {
    // Write code here that turns the phrase above into concrete actions
    throw new cucumber.api.PendingException();
}

@Then("Player's new position shall be {int}:{int}")
public void player_s_new_position_shall_be(Integer int1, Integer int2) {
    // Write code here that turns the phrase above into concrete actions
    throw new cucumber.api.PendingException();
}

@Then("The next player to move shall become {string}")
public void the_next_player_to_move_shall_become(String string) {
    // Write code here that turns the phrase above into concrete actions
    throw new cucumber.api.PendingException();
}

@Given("There is a {string} wall {string} from the player")
public void there_is_a_wall_from_the_player(String string, String string2) {
    // Write code here that turns the phrase above into concrete actions
    throw new cucumber.api.PendingException();
}

@Given("My opponent is not {string} from the player")
public void my_opponent_is_not_from_the_player(String string) {
    // Write code here that turns the phrase above into concrete actions
    throw new cucumber.api.PendingException();
}

]]></system-out>
  <system-err><![CDATA[]]></system-err>
</testsuite>
